152 [main] DEBUG configuration.EnvironmentProperty -  >>>>>>>>>>>>>>>>>> Environment name : env_int<<<<<<<<<<<<<<<<<<<<<<<<
156 [main] DEBUG configuration.EnvironmentProperty - #### Loading property from uri file:/C:/Users/dokninski/Desktop/Szko%c5%82a%20Automatyzacji/Repo/Day14/target/classes/env_int
157 [main] DEBUG configuration.EnvironmentProperty - ****Loading environment property env_name = int 
157 [main] DEBUG configuration.EnvironmentProperty - ****Loading environment property eTitle = Selenium 
157 [main] DEBUG configuration.EnvironmentProperty - ****Loading environment property appUrl = https://www.selenium.dev/ 
158 [main] DEBUG configuration.EnvironmentProperty - #### Properties loaded from env_int : 3 
342 [main] DEBUG i.g.b.wdm.cache.ResolutionCache - Resolution chrome=111 in cache (valid until 03:31:34 27/03/2023 CEST)
343 [main] DEBUG i.g.b.wdm.cache.ResolutionCache - Resolution chrome111=111.0.5563.64 in cache (valid until 02:31:34 28/03/2023 CEST)
344 [main] INFO  i.g.bonigarcia.wdm.WebDriverManager - Using chromedriver 111.0.5563.64 (resolved driver for Chrome 111)
347 [main] TRACE i.g.b.wdm.cache.CacheHandler - Checking if chromedriver exists in cache
354 [main] TRACE i.g.b.wdm.cache.CacheHandler - Filter cache by chromedriver -- input list [C:\Users\dokninski\.cache\selenium\chromedriver\win32\110.0.5481.77\chromedriver.exe, C:\Users\dokninski\.cache\selenium\chromedriver\win32\111.0.5563.64\chromedriver.exe, C:\Users\dokninski\.cache\selenium\resolution.properties] -- output list [C:\Users\dokninski\.cache\selenium\chromedriver\win32\110.0.5481.77\chromedriver.exe, C:\Users\dokninski\.cache\selenium\chromedriver\win32\111.0.5563.64\chromedriver.exe] 
354 [main] TRACE i.g.b.wdm.cache.CacheHandler - Filter cache by 111.0.5563.64 -- input list [C:\Users\dokninski\.cache\selenium\chromedriver\win32\110.0.5481.77\chromedriver.exe, C:\Users\dokninski\.cache\selenium\chromedriver\win32\111.0.5563.64\chromedriver.exe] -- output list [C:\Users\dokninski\.cache\selenium\chromedriver\win32\111.0.5563.64\chromedriver.exe] 
354 [main] TRACE i.g.b.wdm.cache.CacheHandler - Filter cache by WIN -- input list [C:\Users\dokninski\.cache\selenium\chromedriver\win32\111.0.5563.64\chromedriver.exe] -- output list [C:\Users\dokninski\.cache\selenium\chromedriver\win32\111.0.5563.64\chromedriver.exe] 
355 [main] DEBUG i.g.bonigarcia.wdm.WebDriverManager - Driver chromedriver 111.0.5563.64 found in cache
356 [main] INFO  i.g.bonigarcia.wdm.WebDriverManager - Exporting webdriver.chrome.driver as C:\Users\dokninski\.cache\selenium\chromedriver\win32\111.0.5563.64\chromedriver.exe
419 [main] DEBUG i.n.u.i.l.InternalLoggerFactory - Using SLF4J as the default logging framework
421 [main] DEBUG io.netty.util.ResourceLeakDetector - -Dio.netty.leakDetection.level: simple
421 [main] DEBUG io.netty.util.ResourceLeakDetector - -Dio.netty.leakDetection.targetRecords: 4
423 [main] DEBUG i.n.u.ResourceLeakDetectorFactory - Loaded default ResourceLeakDetector: io.netty.util.ResourceLeakDetector@3deb2326
434 [main] DEBUG i.n.u.internal.PlatformDependent0 - -Dio.netty.noUnsafe: false
434 [main] DEBUG i.n.u.internal.PlatformDependent0 - Java version: 17
436 [main] DEBUG i.n.u.internal.PlatformDependent0 - sun.misc.Unsafe.theUnsafe: available
436 [main] DEBUG i.n.u.internal.PlatformDependent0 - sun.misc.Unsafe.copyMemory: available
437 [main] DEBUG i.n.u.internal.PlatformDependent0 - sun.misc.Unsafe.storeFence: available
437 [main] DEBUG i.n.u.internal.PlatformDependent0 - java.nio.Buffer.address: available
438 [main] DEBUG i.n.u.internal.PlatformDependent0 - direct buffer constructor: unavailable
java.lang.UnsupportedOperationException: Reflective setAccessible(true) disabled
	at io.netty.util.internal.ReflectionUtil.trySetAccessible(ReflectionUtil.java:31)
	at io.netty.util.internal.PlatformDependent0$5.run(PlatformDependent0.java:288)
	at java.base/java.security.AccessController.doPrivileged(AccessController.java:318)
	at io.netty.util.internal.PlatformDependent0.<clinit>(PlatformDependent0.java:282)
	at io.netty.util.internal.PlatformDependent.isAndroid(PlatformDependent.java:333)
	at io.netty.util.internal.PlatformDependent.<clinit>(PlatformDependent.java:88)
	at io.netty.util.HashedWheelTimer.<init>(HashedWheelTimer.java:114)
	at io.netty.util.HashedWheelTimer.<init>(HashedWheelTimer.java:251)
	at io.netty.util.HashedWheelTimer.<init>(HashedWheelTimer.java:224)
	at io.netty.util.HashedWheelTimer.<init>(HashedWheelTimer.java:203)
	at org.asynchttpclient.DefaultAsyncHttpClient.newNettyTimer(DefaultAsyncHttpClient.java:111)
	at org.asynchttpclient.DefaultAsyncHttpClient.<init>(DefaultAsyncHttpClient.java:90)
	at org.asynchttpclient.Dsl.asyncHttpClient(Dsl.java:32)
	at org.openqa.selenium.remote.http.netty.NettyClient.createHttpClient(NettyClient.java:94)
	at org.openqa.selenium.remote.http.netty.NettyClient.<clinit>(NettyClient.java:47)
	at org.openqa.selenium.remote.http.netty.NettyClient$Factory.createClient(NettyClient.java:135)
	at org.openqa.selenium.remote.HttpCommandExecutor.<init>(HttpCommandExecutor.java:107)
	at org.openqa.selenium.remote.HttpCommandExecutor.<init>(HttpCommandExecutor.java:94)
	at org.openqa.selenium.remote.HttpCommandExecutor.<init>(HttpCommandExecutor.java:85)
	at org.openqa.selenium.remote.service.DriverCommandExecutor.<init>(DriverCommandExecutor.java:80)
	at org.openqa.selenium.chromium.ChromiumDriverCommandExecutor.<init>(ChromiumDriverCommandExecutor.java:35)
	at org.openqa.selenium.chrome.ChromeDriver$ChromeDriverCommandExecutor.<init>(ChromeDriver.java:94)
	at org.openqa.selenium.chrome.ChromeDriver.<init>(ChromeDriver.java:82)
	at org.openqa.selenium.chrome.ChromeDriver.<init>(ChromeDriver.java:71)
	at configuration.BrowserEnvironment.getDriver(BrowserEnvironment.java:43)
	at JUnit.BaseTest.setup(BaseTest.java:21)
	at java.base/jdk.internal.reflect.NativeMethodAccessorImpl.invoke0(Native Method)
	at java.base/jdk.internal.reflect.NativeMethodAccessorImpl.invoke(NativeMethodAccessorImpl.java:77)
	at java.base/jdk.internal.reflect.DelegatingMethodAccessorImpl.invoke(DelegatingMethodAccessorImpl.java:43)
	at java.base/java.lang.reflect.Method.invoke(Method.java:568)
	at org.junit.platform.commons.util.ReflectionUtils.invokeMethod(ReflectionUtils.java:727)
	at org.junit.jupiter.engine.execution.MethodInvocation.proceed(MethodInvocation.java:60)
	at org.junit.jupiter.engine.execution.InvocationInterceptorChain$ValidatingInvocation.proceed(InvocationInterceptorChain.java:131)
	at org.junit.jupiter.engine.extension.TimeoutExtension.intercept(TimeoutExtension.java:156)
	at org.junit.jupiter.engine.extension.TimeoutExtension.interceptLifecycleMethod(TimeoutExtension.java:128)
	at org.junit.jupiter.engine.extension.TimeoutExtension.interceptBeforeAllMethod(TimeoutExtension.java:70)
	at org.junit.jupiter.engine.execution.InterceptingExecutableInvoker$ReflectiveInterceptorCall.lambda$ofVoidMethod$0(InterceptingExecutableInvoker.java:103)
	at org.junit.jupiter.engine.execution.InterceptingExecutableInvoker.lambda$invoke$0(InterceptingExecutableInvoker.java:93)
	at org.junit.jupiter.engine.execution.InvocationInterceptorChain$InterceptedInvocation.proceed(InvocationInterceptorChain.java:106)
	at org.junit.jupiter.engine.execution.InvocationInterceptorChain.proceed(InvocationInterceptorChain.java:64)
	at org.junit.jupiter.engine.execution.InvocationInterceptorChain.chainAndInvoke(InvocationInterceptorChain.java:45)
	at org.junit.jupiter.engine.execution.InvocationInterceptorChain.invoke(InvocationInterceptorChain.java:37)
	at org.junit.jupiter.engine.execution.InterceptingExecutableInvoker.invoke(InterceptingExecutableInvoker.java:92)
	at org.junit.jupiter.engine.execution.InterceptingExecutableInvoker.invoke(InterceptingExecutableInvoker.java:86)
	at org.junit.jupiter.engine.descriptor.ClassBasedTestDescriptor.lambda$invokeBeforeAllMethods$13(ClassBasedTestDescriptor.java:411)
	at org.junit.platform.engine.support.hierarchical.ThrowableCollector.execute(ThrowableCollector.java:73)
	at org.junit.jupiter.engine.descriptor.ClassBasedTestDescriptor.invokeBeforeAllMethods(ClassBasedTestDescriptor.java:409)
	at org.junit.jupiter.engine.descriptor.ClassBasedTestDescriptor.before(ClassBasedTestDescriptor.java:215)
	at org.junit.jupiter.engine.descriptor.ClassBasedTestDescriptor.before(ClassBasedTestDescriptor.java:84)
	at org.junit.platform.engine.support.hierarchical.NodeTestTask.lambda$executeRecursively$6(NodeTestTask.java:148)
	at org.junit.platform.engine.support.hierarchical.ThrowableCollector.execute(ThrowableCollector.java:73)
	at org.junit.platform.engine.support.hierarchical.NodeTestTask.lambda$executeRecursively$8(NodeTestTask.java:141)
	at org.junit.platform.engine.support.hierarchical.Node.around(Node.java:137)
	at org.junit.platform.engine.support.hierarchical.NodeTestTask.lambda$executeRecursively$9(NodeTestTask.java:139)
	at org.junit.platform.engine.support.hierarchical.ThrowableCollector.execute(ThrowableCollector.java:73)
	at org.junit.platform.engine.support.hierarchical.NodeTestTask.executeRecursively(NodeTestTask.java:138)
	at org.junit.platform.engine.support.hierarchical.NodeTestTask.execute(NodeTestTask.java:95)
	at java.base/java.util.ArrayList.forEach(ArrayList.java:1511)
	at org.junit.platform.engine.support.hierarchical.SameThreadHierarchicalTestExecutorService.invokeAll(SameThreadHierarchicalTestExecutorService.java:41)
	at org.junit.platform.engine.support.hierarchical.NodeTestTask.lambda$executeRecursively$6(NodeTestTask.java:155)
	at org.junit.platform.engine.support.hierarchical.ThrowableCollector.execute(ThrowableCollector.java:73)
	at org.junit.platform.engine.support.hierarchical.NodeTestTask.lambda$executeRecursively$8(NodeTestTask.java:141)
	at org.junit.platform.engine.support.hierarchical.Node.around(Node.java:137)
	at org.junit.platform.engine.support.hierarchical.NodeTestTask.lambda$executeRecursively$9(NodeTestTask.java:139)
	at org.junit.platform.engine.support.hierarchical.ThrowableCollector.execute(ThrowableCollector.java:73)
	at org.junit.platform.engine.support.hierarchical.NodeTestTask.executeRecursively(NodeTestTask.java:138)
	at org.junit.platform.engine.support.hierarchical.NodeTestTask.execute(NodeTestTask.java:95)
	at org.junit.platform.engine.support.hierarchical.SameThreadHierarchicalTestExecutorService.submit(SameThreadHierarchicalTestExecutorService.java:35)
	at org.junit.platform.engine.support.hierarchical.HierarchicalTestExecutor.execute(HierarchicalTestExecutor.java:57)
	at org.junit.platform.engine.support.hierarchical.HierarchicalTestEngine.execute(HierarchicalTestEngine.java:54)
	at org.junit.platform.launcher.core.EngineExecutionOrchestrator.execute(EngineExecutionOrchestrator.java:147)
	at org.junit.platform.launcher.core.EngineExecutionOrchestrator.execute(EngineExecutionOrchestrator.java:127)
	at org.junit.platform.launcher.core.EngineExecutionOrchestrator.execute(EngineExecutionOrchestrator.java:90)
	at org.junit.platform.launcher.core.EngineExecutionOrchestrator.lambda$execute$0(EngineExecutionOrchestrator.java:55)
	at org.junit.platform.launcher.core.EngineExecutionOrchestrator.withInterceptedStreams(EngineExecutionOrchestrator.java:102)
	at org.junit.platform.launcher.core.EngineExecutionOrchestrator.execute(EngineExecutionOrchestrator.java:54)
	at org.junit.platform.launcher.core.DefaultLauncher.execute(DefaultLauncher.java:114)
	at org.junit.platform.launcher.core.DefaultLauncher.execute(DefaultLauncher.java:86)
	at org.junit.platform.launcher.core.DefaultLauncherSession$DelegatingLauncher.execute(DefaultLauncherSession.java:86)
	at org.junit.platform.launcher.core.SessionPerRequestLauncher.execute(SessionPerRequestLauncher.java:53)
	at com.intellij.junit5.JUnit5IdeaTestRunner.startRunnerWithArgs(JUnit5IdeaTestRunner.java:57)
	at com.intellij.rt.junit.IdeaTestRunner$Repeater$1.execute(IdeaTestRunner.java:38)
	at com.intellij.rt.execution.junit.TestsRepeater.repeat(TestsRepeater.java:11)
	at com.intellij.rt.junit.IdeaTestRunner$Repeater.startRunnerWithArgs(IdeaTestRunner.java:35)
	at com.intellij.rt.junit.JUnitStarter.prepareStreamsAndStart(JUnitStarter.java:235)
	at com.intellij.rt.junit.JUnitStarter.main(JUnitStarter.java:54)
440 [main] DEBUG i.n.u.internal.PlatformDependent0 - java.nio.Bits.unaligned: available, true
441 [main] DEBUG i.n.u.internal.PlatformDependent0 - jdk.internal.misc.Unsafe.allocateUninitializedArray(int): unavailable
java.lang.IllegalAccessException: class io.netty.util.internal.PlatformDependent0$7 cannot access class jdk.internal.misc.Unsafe (in module java.base) because module java.base does not export jdk.internal.misc to unnamed module @72d818d1
	at java.base/jdk.internal.reflect.Reflection.newIllegalAccessException(Reflection.java:392)
	at java.base/java.lang.reflect.AccessibleObject.checkAccess(AccessibleObject.java:674)
	at java.base/java.lang.reflect.Method.invoke(Method.java:560)
	at io.netty.util.internal.PlatformDependent0$7.run(PlatformDependent0.java:410)
	at java.base/java.security.AccessController.doPrivileged(AccessController.java:318)
	at io.netty.util.internal.PlatformDependent0.<clinit>(PlatformDependent0.java:401)
	at io.netty.util.internal.PlatformDependent.isAndroid(PlatformDependent.java:333)
	at io.netty.util.internal.PlatformDependent.<clinit>(PlatformDependent.java:88)
	at io.netty.util.HashedWheelTimer.<init>(HashedWheelTimer.java:114)
	at io.netty.util.HashedWheelTimer.<init>(HashedWheelTimer.java:251)
	at io.netty.util.HashedWheelTimer.<init>(HashedWheelTimer.java:224)
	at io.netty.util.HashedWheelTimer.<init>(HashedWheelTimer.java:203)
	at org.asynchttpclient.DefaultAsyncHttpClient.newNettyTimer(DefaultAsyncHttpClient.java:111)
	at org.asynchttpclient.DefaultAsyncHttpClient.<init>(DefaultAsyncHttpClient.java:90)
	at org.asynchttpclient.Dsl.asyncHttpClient(Dsl.java:32)
	at org.openqa.selenium.remote.http.netty.NettyClient.createHttpClient(NettyClient.java:94)
	at org.openqa.selenium.remote.http.netty.NettyClient.<clinit>(NettyClient.java:47)
	at org.openqa.selenium.remote.http.netty.NettyClient$Factory.createClient(NettyClient.java:135)
	at org.openqa.selenium.remote.HttpCommandExecutor.<init>(HttpCommandExecutor.java:107)
	at org.openqa.selenium.remote.HttpCommandExecutor.<init>(HttpCommandExecutor.java:94)
	at org.openqa.selenium.remote.HttpCommandExecutor.<init>(HttpCommandExecutor.java:85)
	at org.openqa.selenium.remote.service.DriverCommandExecutor.<init>(DriverCommandExecutor.java:80)
	at org.openqa.selenium.chromium.ChromiumDriverCommandExecutor.<init>(ChromiumDriverCommandExecutor.java:35)
	at org.openqa.selenium.chrome.ChromeDriver$ChromeDriverCommandExecutor.<init>(ChromeDriver.java:94)
	at org.openqa.selenium.chrome.ChromeDriver.<init>(ChromeDriver.java:82)
	at org.openqa.selenium.chrome.ChromeDriver.<init>(ChromeDriver.java:71)
	at configuration.BrowserEnvironment.getDriver(BrowserEnvironment.java:43)
	at JUnit.BaseTest.setup(BaseTest.java:21)
	at java.base/jdk.internal.reflect.NativeMethodAccessorImpl.invoke0(Native Method)
	at java.base/jdk.internal.reflect.NativeMethodAccessorImpl.invoke(NativeMethodAccessorImpl.java:77)
	at java.base/jdk.internal.reflect.DelegatingMethodAccessorImpl.invoke(DelegatingMethodAccessorImpl.java:43)
	at java.base/java.lang.reflect.Method.invoke(Method.java:568)
	at org.junit.platform.commons.util.ReflectionUtils.invokeMethod(ReflectionUtils.java:727)
	at org.junit.jupiter.engine.execution.MethodInvocation.proceed(MethodInvocation.java:60)
	at org.junit.jupiter.engine.execution.InvocationInterceptorChain$ValidatingInvocation.proceed(InvocationInterceptorChain.java:131)
	at org.junit.jupiter.engine.extension.TimeoutExtension.intercept(TimeoutExtension.java:156)
	at org.junit.jupiter.engine.extension.TimeoutExtension.interceptLifecycleMethod(TimeoutExtension.java:128)
	at org.junit.jupiter.engine.extension.TimeoutExtension.interceptBeforeAllMethod(TimeoutExtension.java:70)
	at org.junit.jupiter.engine.execution.InterceptingExecutableInvoker$ReflectiveInterceptorCall.lambda$ofVoidMethod$0(InterceptingExecutableInvoker.java:103)
	at org.junit.jupiter.engine.execution.InterceptingExecutableInvoker.lambda$invoke$0(InterceptingExecutableInvoker.java:93)
	at org.junit.jupiter.engine.execution.InvocationInterceptorChain$InterceptedInvocation.proceed(InvocationInterceptorChain.java:106)
	at org.junit.jupiter.engine.execution.InvocationInterceptorChain.proceed(InvocationInterceptorChain.java:64)
	at org.junit.jupiter.engine.execution.InvocationInterceptorChain.chainAndInvoke(InvocationInterceptorChain.java:45)
	at org.junit.jupiter.engine.execution.InvocationInterceptorChain.invoke(InvocationInterceptorChain.java:37)
	at org.junit.jupiter.engine.execution.InterceptingExecutableInvoker.invoke(InterceptingExecutableInvoker.java:92)
	at org.junit.jupiter.engine.execution.InterceptingExecutableInvoker.invoke(InterceptingExecutableInvoker.java:86)
	at org.junit.jupiter.engine.descriptor.ClassBasedTestDescriptor.lambda$invokeBeforeAllMethods$13(ClassBasedTestDescriptor.java:411)
	at org.junit.platform.engine.support.hierarchical.ThrowableCollector.execute(ThrowableCollector.java:73)
	at org.junit.jupiter.engine.descriptor.ClassBasedTestDescriptor.invokeBeforeAllMethods(ClassBasedTestDescriptor.java:409)
	at org.junit.jupiter.engine.descriptor.ClassBasedTestDescriptor.before(ClassBasedTestDescriptor.java:215)
	at org.junit.jupiter.engine.descriptor.ClassBasedTestDescriptor.before(ClassBasedTestDescriptor.java:84)
	at org.junit.platform.engine.support.hierarchical.NodeTestTask.lambda$executeRecursively$6(NodeTestTask.java:148)
	at org.junit.platform.engine.support.hierarchical.ThrowableCollector.execute(ThrowableCollector.java:73)
	at org.junit.platform.engine.support.hierarchical.NodeTestTask.lambda$executeRecursively$8(NodeTestTask.java:141)
	at org.junit.platform.engine.support.hierarchical.Node.around(Node.java:137)
	at org.junit.platform.engine.support.hierarchical.NodeTestTask.lambda$executeRecursively$9(NodeTestTask.java:139)
	at org.junit.platform.engine.support.hierarchical.ThrowableCollector.execute(ThrowableCollector.java:73)
	at org.junit.platform.engine.support.hierarchical.NodeTestTask.executeRecursively(NodeTestTask.java:138)
	at org.junit.platform.engine.support.hierarchical.NodeTestTask.execute(NodeTestTask.java:95)
	at java.base/java.util.ArrayList.forEach(ArrayList.java:1511)
	at org.junit.platform.engine.support.hierarchical.SameThreadHierarchicalTestExecutorService.invokeAll(SameThreadHierarchicalTestExecutorService.java:41)
	at org.junit.platform.engine.support.hierarchical.NodeTestTask.lambda$executeRecursively$6(NodeTestTask.java:155)
	at org.junit.platform.engine.support.hierarchical.ThrowableCollector.execute(ThrowableCollector.java:73)
	at org.junit.platform.engine.support.hierarchical.NodeTestTask.lambda$executeRecursively$8(NodeTestTask.java:141)
	at org.junit.platform.engine.support.hierarchical.Node.around(Node.java:137)
	at org.junit.platform.engine.support.hierarchical.NodeTestTask.lambda$executeRecursively$9(NodeTestTask.java:139)
	at org.junit.platform.engine.support.hierarchical.ThrowableCollector.execute(ThrowableCollector.java:73)
	at org.junit.platform.engine.support.hierarchical.NodeTestTask.executeRecursively(NodeTestTask.java:138)
	at org.junit.platform.engine.support.hierarchical.NodeTestTask.execute(NodeTestTask.java:95)
	at org.junit.platform.engine.support.hierarchical.SameThreadHierarchicalTestExecutorService.submit(SameThreadHierarchicalTestExecutorService.java:35)
	at org.junit.platform.engine.support.hierarchical.HierarchicalTestExecutor.execute(HierarchicalTestExecutor.java:57)
	at org.junit.platform.engine.support.hierarchical.HierarchicalTestEngine.execute(HierarchicalTestEngine.java:54)
	at org.junit.platform.launcher.core.EngineExecutionOrchestrator.execute(EngineExecutionOrchestrator.java:147)
	at org.junit.platform.launcher.core.EngineExecutionOrchestrator.execute(EngineExecutionOrchestrator.java:127)
	at org.junit.platform.launcher.core.EngineExecutionOrchestrator.execute(EngineExecutionOrchestrator.java:90)
	at org.junit.platform.launcher.core.EngineExecutionOrchestrator.lambda$execute$0(EngineExecutionOrchestrator.java:55)
	at org.junit.platform.launcher.core.EngineExecutionOrchestrator.withInterceptedStreams(EngineExecutionOrchestrator.java:102)
	at org.junit.platform.launcher.core.EngineExecutionOrchestrator.execute(EngineExecutionOrchestrator.java:54)
	at org.junit.platform.launcher.core.DefaultLauncher.execute(DefaultLauncher.java:114)
	at org.junit.platform.launcher.core.DefaultLauncher.execute(DefaultLauncher.java:86)
	at org.junit.platform.launcher.core.DefaultLauncherSession$DelegatingLauncher.execute(DefaultLauncherSession.java:86)
	at org.junit.platform.launcher.core.SessionPerRequestLauncher.execute(SessionPerRequestLauncher.java:53)
	at com.intellij.junit5.JUnit5IdeaTestRunner.startRunnerWithArgs(JUnit5IdeaTestRunner.java:57)
	at com.intellij.rt.junit.IdeaTestRunner$Repeater$1.execute(IdeaTestRunner.java:38)
	at com.intellij.rt.execution.junit.TestsRepeater.repeat(TestsRepeater.java:11)
	at com.intellij.rt.junit.IdeaTestRunner$Repeater.startRunnerWithArgs(IdeaTestRunner.java:35)
	at com.intellij.rt.junit.JUnitStarter.prepareStreamsAndStart(JUnitStarter.java:235)
	at com.intellij.rt.junit.JUnitStarter.main(JUnitStarter.java:54)
443 [main] DEBUG i.n.u.internal.PlatformDependent0 - java.nio.DirectByteBuffer.<init>(long, int): unavailable
443 [main] DEBUG i.n.util.internal.PlatformDependent - sun.misc.Unsafe: available
448 [main] DEBUG i.n.util.internal.PlatformDependent - maxDirectMemory: 12809404416 bytes (maybe)
448 [main] DEBUG i.n.util.internal.PlatformDependent - -Dio.netty.tmpdir: C:\Users\DOKNIN~1\AppData\Local\Temp (java.io.tmpdir)
448 [main] DEBUG i.n.util.internal.PlatformDependent - -Dio.netty.bitMode: 64 (sun.arch.data.model)
448 [main] DEBUG i.n.util.internal.PlatformDependent - Platform: Windows
449 [main] DEBUG i.n.util.internal.PlatformDependent - -Dio.netty.maxDirectMemory: -1 bytes
449 [main] DEBUG i.n.util.internal.PlatformDependent - -Dio.netty.uninitializedArrayAllocationThreshold: -1
450 [main] DEBUG i.netty.util.internal.CleanerJava9 - java.nio.ByteBuffer.cleaner(): available
450 [main] DEBUG i.n.util.internal.PlatformDependent - -Dio.netty.noPreferDirect: false
455 [main] DEBUG i.n.util.internal.PlatformDependent - org.jctools-core.MpscChunkedArrayQueue: available
465 [main] DEBUG i.n.u.i.InternalThreadLocalMap - -Dio.netty.threadLocalMap.stringBuilder.initialSize: 1024
466 [main] DEBUG i.n.u.i.InternalThreadLocalMap - -Dio.netty.threadLocalMap.stringBuilder.maxSize: 4096
487 [main] DEBUG io.netty.handler.ssl.JdkSslContext - Default protocols (JDK): [TLSv1.3, TLSv1.2] 
487 [main] DEBUG io.netty.handler.ssl.JdkSslContext - Default cipher suites (JDK): [TLS_ECDHE_ECDSA_WITH_AES_256_GCM_SHA384, TLS_ECDHE_ECDSA_WITH_AES_128_GCM_SHA256, TLS_ECDHE_RSA_WITH_AES_128_GCM_SHA256, TLS_ECDHE_RSA_WITH_AES_256_GCM_SHA384, TLS_ECDHE_RSA_WITH_AES_128_CBC_SHA, TLS_ECDHE_RSA_WITH_AES_256_CBC_SHA, TLS_RSA_WITH_AES_128_GCM_SHA256, TLS_RSA_WITH_AES_128_CBC_SHA, TLS_RSA_WITH_AES_256_CBC_SHA, TLS_AES_128_GCM_SHA256, TLS_AES_256_GCM_SHA384]
501 [main] DEBUG i.n.c.MultithreadEventLoopGroup - -Dio.netty.eventLoopThreads: 40
506 [main] DEBUG io.netty.channel.nio.NioEventLoop - -Dio.netty.noKeySetOptimization: false
507 [main] DEBUG io.netty.channel.nio.NioEventLoop - -Dio.netty.selectorAutoRebuildThreshold: 512
512 [main] TRACE io.netty.channel.nio.NioEventLoop - instrumented a special java.util.Set into: sun.nio.ch.WEPollSelectorImpl@7e31ce0f
513 [main] TRACE io.netty.channel.nio.NioEventLoop - instrumented a special java.util.Set into: sun.nio.ch.WEPollSelectorImpl@6813a331
514 [main] TRACE io.netty.channel.nio.NioEventLoop - instrumented a special java.util.Set into: sun.nio.ch.WEPollSelectorImpl@1bd81830
515 [main] TRACE io.netty.channel.nio.NioEventLoop - instrumented a special java.util.Set into: sun.nio.ch.WEPollSelectorImpl@39ab59f8
516 [main] TRACE io.netty.channel.nio.NioEventLoop - instrumented a special java.util.Set into: sun.nio.ch.WEPollSelectorImpl@64e92d61
516 [main] TRACE io.netty.channel.nio.NioEventLoop - instrumented a special java.util.Set into: sun.nio.ch.WEPollSelectorImpl@111610e6
517 [main] TRACE io.netty.channel.nio.NioEventLoop - instrumented a special java.util.Set into: sun.nio.ch.WEPollSelectorImpl@4ad4936c
518 [main] TRACE io.netty.channel.nio.NioEventLoop - instrumented a special java.util.Set into: sun.nio.ch.WEPollSelectorImpl@29d37757
518 [main] TRACE io.netty.channel.nio.NioEventLoop - instrumented a special java.util.Set into: sun.nio.ch.WEPollSelectorImpl@4fcc529
519 [main] TRACE io.netty.channel.nio.NioEventLoop - instrumented a special java.util.Set into: sun.nio.ch.WEPollSelectorImpl@25cc7470
519 [main] TRACE io.netty.channel.nio.NioEventLoop - instrumented a special java.util.Set into: sun.nio.ch.WEPollSelectorImpl@4beddc56
520 [main] TRACE io.netty.channel.nio.NioEventLoop - instrumented a special java.util.Set into: sun.nio.ch.WEPollSelectorImpl@79b663b3
520 [main] TRACE io.netty.channel.nio.NioEventLoop - instrumented a special java.util.Set into: sun.nio.ch.WEPollSelectorImpl@1b812421
522 [main] TRACE io.netty.channel.nio.NioEventLoop - instrumented a special java.util.Set into: sun.nio.ch.WEPollSelectorImpl@5d28bcd5
522 [main] TRACE io.netty.channel.nio.NioEventLoop - instrumented a special java.util.Set into: sun.nio.ch.WEPollSelectorImpl@7882c44a
522 [main] TRACE io.netty.channel.nio.NioEventLoop - instrumented a special java.util.Set into: sun.nio.ch.WEPollSelectorImpl@32639b12
523 [main] TRACE io.netty.channel.nio.NioEventLoop - instrumented a special java.util.Set into: sun.nio.ch.WEPollSelectorImpl@20d11153
523 [main] TRACE io.netty.channel.nio.NioEventLoop - instrumented a special java.util.Set into: sun.nio.ch.WEPollSelectorImpl@3887cf88
524 [main] TRACE io.netty.channel.nio.NioEventLoop - instrumented a special java.util.Set into: sun.nio.ch.WEPollSelectorImpl@5649ec46
525 [main] TRACE io.netty.channel.nio.NioEventLoop - instrumented a special java.util.Set into: sun.nio.ch.WEPollSelectorImpl@78dc4696
526 [main] TRACE io.netty.channel.nio.NioEventLoop - instrumented a special java.util.Set into: sun.nio.ch.WEPollSelectorImpl@502f8b57
526 [main] TRACE io.netty.channel.nio.NioEventLoop - instrumented a special java.util.Set into: sun.nio.ch.WEPollSelectorImpl@5652f555
527 [main] TRACE io.netty.channel.nio.NioEventLoop - instrumented a special java.util.Set into: sun.nio.ch.WEPollSelectorImpl@4fe01805
528 [main] TRACE io.netty.channel.nio.NioEventLoop - instrumented a special java.util.Set into: sun.nio.ch.WEPollSelectorImpl@55120f99
528 [main] TRACE io.netty.channel.nio.NioEventLoop - instrumented a special java.util.Set into: sun.nio.ch.WEPollSelectorImpl@794b435f
529 [main] TRACE io.netty.channel.nio.NioEventLoop - instrumented a special java.util.Set into: sun.nio.ch.WEPollSelectorImpl@38f2e97e
529 [main] TRACE io.netty.channel.nio.NioEventLoop - instrumented a special java.util.Set into: sun.nio.ch.WEPollSelectorImpl@779dfe55
530 [main] TRACE io.netty.channel.nio.NioEventLoop - instrumented a special java.util.Set into: sun.nio.ch.WEPollSelectorImpl@323659f8
531 [main] TRACE io.netty.channel.nio.NioEventLoop - instrumented a special java.util.Set into: sun.nio.ch.WEPollSelectorImpl@1144a55a
531 [main] TRACE io.netty.channel.nio.NioEventLoop - instrumented a special java.util.Set into: sun.nio.ch.WEPollSelectorImpl@3e521715
532 [main] TRACE io.netty.channel.nio.NioEventLoop - instrumented a special java.util.Set into: sun.nio.ch.WEPollSelectorImpl@26a529dc
532 [main] TRACE io.netty.channel.nio.NioEventLoop - instrumented a special java.util.Set into: sun.nio.ch.WEPollSelectorImpl@265c5d69
533 [main] TRACE io.netty.channel.nio.NioEventLoop - instrumented a special java.util.Set into: sun.nio.ch.WEPollSelectorImpl@1286528d
534 [main] TRACE io.netty.channel.nio.NioEventLoop - instrumented a special java.util.Set into: sun.nio.ch.WEPollSelectorImpl@3cc20577
534 [main] TRACE io.netty.channel.nio.NioEventLoop - instrumented a special java.util.Set into: sun.nio.ch.WEPollSelectorImpl@33a630fa
535 [main] TRACE io.netty.channel.nio.NioEventLoop - instrumented a special java.util.Set into: sun.nio.ch.WEPollSelectorImpl@775594f2
535 [main] TRACE io.netty.channel.nio.NioEventLoop - instrumented a special java.util.Set into: sun.nio.ch.WEPollSelectorImpl@5767b2af
536 [main] TRACE io.netty.channel.nio.NioEventLoop - instrumented a special java.util.Set into: sun.nio.ch.WEPollSelectorImpl@7b22ec89
537 [main] TRACE io.netty.channel.nio.NioEventLoop - instrumented a special java.util.Set into: sun.nio.ch.WEPollSelectorImpl@790132f7
537 [main] TRACE io.netty.channel.nio.NioEventLoop - instrumented a special java.util.Set into: sun.nio.ch.WEPollSelectorImpl@2228db21
548 [main] DEBUG i.n.buffer.PooledByteBufAllocator - -Dio.netty.allocator.numHeapArenas: 40
548 [main] DEBUG i.n.buffer.PooledByteBufAllocator - -Dio.netty.allocator.numDirectArenas: 40
548 [main] DEBUG i.n.buffer.PooledByteBufAllocator - -Dio.netty.allocator.pageSize: 8192
548 [main] DEBUG i.n.buffer.PooledByteBufAllocator - -Dio.netty.allocator.maxOrder: 9
548 [main] DEBUG i.n.buffer.PooledByteBufAllocator - -Dio.netty.allocator.chunkSize: 4194304
548 [main] DEBUG i.n.buffer.PooledByteBufAllocator - -Dio.netty.allocator.smallCacheSize: 256
549 [main] DEBUG i.n.buffer.PooledByteBufAllocator - -Dio.netty.allocator.normalCacheSize: 64
549 [main] DEBUG i.n.buffer.PooledByteBufAllocator - -Dio.netty.allocator.maxCachedBufferCapacity: 32768
549 [main] DEBUG i.n.buffer.PooledByteBufAllocator - -Dio.netty.allocator.cacheTrimInterval: 8192
549 [main] DEBUG i.n.buffer.PooledByteBufAllocator - -Dio.netty.allocator.cacheTrimIntervalMillis: 0
549 [main] DEBUG i.n.buffer.PooledByteBufAllocator - -Dio.netty.allocator.useCacheForAllThreads: false
549 [main] DEBUG i.n.buffer.PooledByteBufAllocator - -Dio.netty.allocator.maxCachedByteBuffersPerChunk: 1023
556 [main] DEBUG io.netty.buffer.ByteBufUtil - -Dio.netty.allocator.type: pooled
557 [main] DEBUG io.netty.buffer.ByteBufUtil - -Dio.netty.threadLocalDirectBufferSize: 0
557 [main] DEBUG io.netty.buffer.ByteBufUtil - -Dio.netty.maxThreadLocalCharBufferSize: 16384
731 [Forwarding newSession on session null to remote] DEBUG io.netty.channel.DefaultChannelId - -Dio.netty.processId: 7044 (auto-detected)
732 [Forwarding newSession on session null to remote] DEBUG io.netty.util.NetUtil - -Djava.net.preferIPv4Stack: false
732 [Forwarding newSession on session null to remote] DEBUG io.netty.util.NetUtil - -Djava.net.preferIPv6Addresses: false
736 [Forwarding newSession on session null to remote] DEBUG i.netty.util.NetUtilInitializations - Loopback interface: lo (Software Loopback Interface 1, 127.0.0.1)
736 [Forwarding newSession on session null to remote] DEBUG io.netty.util.NetUtil - Failed to get SOMAXCONN from sysctl and file \proc\sys\net\core\somaxconn. Default: 200
744 [Forwarding newSession on session null to remote] DEBUG io.netty.channel.DefaultChannelId - -Dio.netty.machineId: 74:04:f1:ff:fe:45:0f:60 (auto-detected)
766 [AsyncHttpClient-1-2] DEBUG io.netty.buffer.AbstractByteBuf - -Dio.netty.buffer.checkAccessible: true
766 [AsyncHttpClient-1-2] DEBUG io.netty.buffer.AbstractByteBuf - -Dio.netty.buffer.checkBounds: true
766 [AsyncHttpClient-1-2] DEBUG i.n.u.ResourceLeakDetectorFactory - Loaded default ResourceLeakDetector: io.netty.util.ResourceLeakDetector@699b6014
773 [AsyncHttpClient-1-2] TRACE i.n.handler.logging.LoggingHandler - [id: 0x25837adb] REGISTERED
773 [AsyncHttpClient-1-2] TRACE i.n.handler.logging.LoggingHandler - [id: 0x25837adb] CONNECT: localhost/127.0.0.1:33930
775 [AsyncHttpClient-1-2] DEBUG o.a.n.channel.NettyConnectListener - Using new Channel '[id: 0x25837adb, L:/127.0.0.1:52995 - R:localhost/127.0.0.1:33930]' for 'POST' to '/session'
779 [AsyncHttpClient-1-2] DEBUG io.netty.util.Recycler - -Dio.netty.recycler.maxCapacityPerThread: 4096
779 [AsyncHttpClient-1-2] DEBUG io.netty.util.Recycler - -Dio.netty.recycler.ratio: 8
779 [AsyncHttpClient-1-2] DEBUG io.netty.util.Recycler - -Dio.netty.recycler.chunkSize: 32
779 [AsyncHttpClient-1-2] DEBUG io.netty.util.Recycler - -Dio.netty.recycler.blocking: false
784 [AsyncHttpClient-1-2] TRACE i.n.handler.logging.LoggingHandler - [id: 0x25837adb, L:/127.0.0.1:52995 - R:localhost/127.0.0.1:33930] WRITE: 173B
         +-------------------------------------------------+
         |  0  1  2  3  4  5  6  7  8  9  a  b  c  d  e  f |
+--------+-------------------------------------------------+----------------+
|00000000| 50 4f 53 54 20 2f 73 65 73 73 69 6f 6e 20 48 54 |POST /session HT|
|00000010| 54 50 2f 31 2e 31 0d 0a 55 73 65 72 2d 41 67 65 |TP/1.1..User-Age|
|00000020| 6e 74 3a 20 73 65 6c 65 6e 69 75 6d 2f 34 2e 38 |nt: selenium/4.8|
|00000030| 2e 31 20 28 6a 61 76 61 20 77 69 6e 64 6f 77 73 |.1 (java windows|
|00000040| 29 0d 0a 43 6f 6e 74 65 6e 74 2d 4c 65 6e 67 74 |)..Content-Lengt|
|00000050| 68 3a 20 34 39 37 0d 0a 43 6f 6e 74 65 6e 74 2d |h: 497..Content-|
|00000060| 54 79 70 65 3a 20 61 70 70 6c 69 63 61 74 69 6f |Type: applicatio|
|00000070| 6e 2f 6a 73 6f 6e 3b 20 63 68 61 72 73 65 74 3d |n/json; charset=|
|00000080| 75 74 66 2d 38 0d 0a 68 6f 73 74 3a 20 6c 6f 63 |utf-8..host: loc|
|00000090| 61 6c 68 6f 73 74 3a 33 33 39 33 30 0d 0a 61 63 |alhost:33930..ac|
|000000a0| 63 65 70 74 3a 20 2a 2f 2a 0d 0a 0d 0a          |cept: */*....   |
+--------+-------------------------------------------------+----------------+
789 [AsyncHttpClient-1-2] TRACE i.n.handler.logging.LoggingHandler - [id: 0x25837adb, L:/127.0.0.1:52995 - R:localhost/127.0.0.1:33930] WRITE: 497B
         +-------------------------------------------------+
         |  0  1  2  3  4  5  6  7  8  9  a  b  c  d  e  f |
+--------+-------------------------------------------------+----------------+
|00000000| 7b 0a 20 20 22 64 65 73 69 72 65 64 43 61 70 61 |{.  "desiredCapa|
|00000010| 62 69 6c 69 74 69 65 73 22 3a 20 7b 0a 20 20 20 |bilities": {.   |
|00000020| 20 22 62 72 6f 77 73 65 72 4e 61 6d 65 22 3a 20 | "browserName": |
|00000030| 22 63 68 72 6f 6d 65 22 2c 0a 20 20 20 20 22 67 |"chrome",.    "g|
|00000040| 6f 6f 67 3a 63 68 72 6f 6d 65 4f 70 74 69 6f 6e |oog:chromeOption|
|00000050| 73 22 3a 20 7b 0a 20 20 20 20 20 20 22 61 72 67 |s": {.      "arg|
|00000060| 73 22 3a 20 5b 0a 20 20 20 20 20 20 20 20 22 73 |s": [.        "s|
|00000070| 74 61 72 74 2d 6d 61 78 69 6d 69 7a 65 64 22 2c |tart-maximized",|
|00000080| 0a 20 20 20 20 20 20 20 20 22 2d 2d 72 65 6d 6f |.        "--remo|
|00000090| 74 65 2d 61 6c 6c 6f 77 2d 6f 72 69 67 69 6e 73 |te-allow-origins|
|000000a0| 3d 2a 22 0a 20 20 20 20 20 20 5d 2c 0a 20 20 20 |=*".      ],.   |
|000000b0| 20 20 20 22 65 78 74 65 6e 73 69 6f 6e 73 22 3a |   "extensions":|
|000000c0| 20 5b 0a 20 20 20 20 20 20 5d 0a 20 20 20 20 7d | [.      ].    }|
|000000d0| 0a 20 20 7d 2c 0a 20 20 22 63 61 70 61 62 69 6c |.  },.  "capabil|
|000000e0| 69 74 69 65 73 22 3a 20 7b 0a 20 20 20 20 22 66 |ities": {.    "f|
|000000f0| 69 72 73 74 4d 61 74 63 68 22 3a 20 5b 0a 20 20 |irstMatch": [.  |
|00000100| 20 20 20 20 7b 0a 20 20 20 20 20 20 20 20 22 62 |    {.        "b|
|00000110| 72 6f 77 73 65 72 4e 61 6d 65 22 3a 20 22 63 68 |rowserName": "ch|
|00000120| 72 6f 6d 65 22 2c 0a 20 20 20 20 20 20 20 20 22 |rome",.        "|
|00000130| 67 6f 6f 67 3a 63 68 72 6f 6d 65 4f 70 74 69 6f |goog:chromeOptio|
|00000140| 6e 73 22 3a 20 7b 0a 20 20 20 20 20 20 20 20 20 |ns": {.         |
|00000150| 20 22 61 72 67 73 22 3a 20 5b 0a 20 20 20 20 20 | "args": [.     |
|00000160| 20 20 20 20 20 20 20 22 73 74 61 72 74 2d 6d 61 |       "start-ma|
|00000170| 78 69 6d 69 7a 65 64 22 2c 0a 20 20 20 20 20 20 |ximized",.      |
|00000180| 20 20 20 20 20 20 22 2d 2d 72 65 6d 6f 74 65 2d |      "--remote-|
|00000190| 61 6c 6c 6f 77 2d 6f 72 69 67 69 6e 73 3d 2a 22 |allow-origins=*"|
|000001a0| 0a 20 20 20 20 20 20 20 20 20 20 5d 2c 0a 20 20 |.          ],.  |
|000001b0| 20 20 20 20 20 20 20 20 22 65 78 74 65 6e 73 69 |        "extensi|
|000001c0| 6f 6e 73 22 3a 20 5b 0a 20 20 20 20 20 20 20 20 |ons": [.        |
|000001d0| 20 20 5d 0a 20 20 20 20 20 20 20 20 7d 0a 20 20 |  ].        }.  |
|000001e0| 20 20 20 20 7d 0a 20 20 20 20 5d 0a 20 20 7d 0a |    }.    ].  }.|
|000001f0| 7d                                              |}               |
+--------+-------------------------------------------------+----------------+
790 [AsyncHttpClient-1-2] TRACE i.n.handler.logging.LoggingHandler - [id: 0x25837adb, L:/127.0.0.1:52995 - R:localhost/127.0.0.1:33930] FLUSH
792 [AsyncHttpClient-1-2] TRACE i.n.handler.logging.LoggingHandler - [id: 0x25837adb, L:/127.0.0.1:52995 - R:localhost/127.0.0.1:33930] WRITE: 0B
792 [AsyncHttpClient-1-2] TRACE i.n.handler.logging.LoggingHandler - [id: 0x25837adb, L:/127.0.0.1:52995 - R:localhost/127.0.0.1:33930] FLUSH
792 [AsyncHttpClient-1-2] TRACE i.n.handler.logging.LoggingHandler - [id: 0x25837adb, L:/127.0.0.1:52995 - R:localhost/127.0.0.1:33930] ACTIVE
1261 [AsyncHttpClient-1-2] TRACE i.n.handler.logging.LoggingHandler - [id: 0x25837adb, L:/127.0.0.1:52995 - R:localhost/127.0.0.1:33930] READ: 971B
         +-------------------------------------------------+
         |  0  1  2  3  4  5  6  7  8  9  a  b  c  d  e  f |
+--------+-------------------------------------------------+----------------+
|00000000| 48 54 54 50 2f 31 2e 31 20 32 30 30 20 4f 4b 0d |HTTP/1.1 200 OK.|
|00000010| 0a 43 6f 6e 74 65 6e 74 2d 4c 65 6e 67 74 68 3a |.Content-Length:|
|00000020| 38 36 32 0d 0a 43 6f 6e 74 65 6e 74 2d 54 79 70 |862..Content-Typ|
|00000030| 65 3a 61 70 70 6c 69 63 61 74 69 6f 6e 2f 6a 73 |e:application/js|
|00000040| 6f 6e 3b 20 63 68 61 72 73 65 74 3d 75 74 66 2d |on; charset=utf-|
|00000050| 38 0d 0a 63 61 63 68 65 2d 63 6f 6e 74 72 6f 6c |8..cache-control|
|00000060| 3a 6e 6f 2d 63 61 63 68 65 0d 0a 0d 0a 7b 22 76 |:no-cache....{"v|
|00000070| 61 6c 75 65 22 3a 7b 22 63 61 70 61 62 69 6c 69 |alue":{"capabili|
|00000080| 74 69 65 73 22 3a 7b 22 61 63 63 65 70 74 49 6e |ties":{"acceptIn|
|00000090| 73 65 63 75 72 65 43 65 72 74 73 22 3a 66 61 6c |secureCerts":fal|
|000000a0| 73 65 2c 22 62 72 6f 77 73 65 72 4e 61 6d 65 22 |se,"browserName"|
|000000b0| 3a 22 63 68 72 6f 6d 65 22 2c 22 62 72 6f 77 73 |:"chrome","brows|
|000000c0| 65 72 56 65 72 73 69 6f 6e 22 3a 22 31 31 31 2e |erVersion":"111.|
|000000d0| 30 2e 35 35 36 33 2e 31 31 31 22 2c 22 63 68 72 |0.5563.111","chr|
|000000e0| 6f 6d 65 22 3a 7b 22 63 68 72 6f 6d 65 64 72 69 |ome":{"chromedri|
|000000f0| 76 65 72 56 65 72 73 69 6f 6e 22 3a 22 31 31 31 |verVersion":"111|
|00000100| 2e 30 2e 35 35 36 33 2e 36 34 20 28 63 37 31 30 |.0.5563.64 (c710|
|00000110| 65 39 33 64 35 62 36 33 62 37 30 39 35 61 66 65 |e93d5b63b7095afe|
|00000120| 38 63 32 63 31 37 64 66 33 34 34 30 38 30 37 38 |8c2c17df34408078|
|00000130| 34 33 39 64 2d 72 65 66 73 2f 62 72 61 6e 63 68 |439d-refs/branch|
|00000140| 2d 68 65 61 64 73 2f 35 35 36 33 40 7b 23 39 39 |-heads/5563@{#99|
|00000150| 35 7d 29 22 2c 22 75 73 65 72 44 61 74 61 44 69 |5})","userDataDi|
|00000160| 72 22 3a 22 43 3a 5c 5c 55 73 65 72 73 5c 5c 44 |r":"C:\\Users\\D|
|00000170| 4f 4b 4e 49 4e 7e 31 5c 5c 41 70 70 44 61 74 61 |OKNIN~1\\AppData|
|00000180| 5c 5c 4c 6f 63 61 6c 5c 5c 54 65 6d 70 5c 5c 73 |\\Local\\Temp\\s|
|00000190| 63 6f 70 65 64 5f 64 69 72 31 30 31 36 30 5f 35 |coped_dir10160_5|
|000001a0| 30 34 30 35 39 36 30 30 22 7d 2c 22 67 6f 6f 67 |04059600"},"goog|
|000001b0| 3a 63 68 72 6f 6d 65 4f 70 74 69 6f 6e 73 22 3a |:chromeOptions":|
|000001c0| 7b 22 64 65 62 75 67 67 65 72 41 64 64 72 65 73 |{"debuggerAddres|
|000001d0| 73 22 3a 22 6c 6f 63 61 6c 68 6f 73 74 3a 35 32 |s":"localhost:52|
|000001e0| 39 39 36 22 7d 2c 22 6e 65 74 77 6f 72 6b 43 6f |996"},"networkCo|
|000001f0| 6e 6e 65 63 74 69 6f 6e 45 6e 61 62 6c 65 64 22 |nnectionEnabled"|
|00000200| 3a 66 61 6c 73 65 2c 22 70 61 67 65 4c 6f 61 64 |:false,"pageLoad|
|00000210| 53 74 72 61 74 65 67 79 22 3a 22 6e 6f 72 6d 61 |Strategy":"norma|
|00000220| 6c 22 2c 22 70 6c 61 74 66 6f 72 6d 4e 61 6d 65 |l","platformName|
|00000230| 22 3a 22 77 69 6e 64 6f 77 73 22 2c 22 70 72 6f |":"windows","pro|
|00000240| 78 79 22 3a 7b 7d 2c 22 73 65 74 57 69 6e 64 6f |xy":{},"setWindo|
|00000250| 77 52 65 63 74 22 3a 74 72 75 65 2c 22 73 74 72 |wRect":true,"str|
|00000260| 69 63 74 46 69 6c 65 49 6e 74 65 72 61 63 74 61 |ictFileInteracta|
|00000270| 62 69 6c 69 74 79 22 3a 66 61 6c 73 65 2c 22 74 |bility":false,"t|
|00000280| 69 6d 65 6f 75 74 73 22 3a 7b 22 69 6d 70 6c 69 |imeouts":{"impli|
|00000290| 63 69 74 22 3a 30 2c 22 70 61 67 65 4c 6f 61 64 |cit":0,"pageLoad|
|000002a0| 22 3a 33 30 30 30 30 30 2c 22 73 63 72 69 70 74 |":300000,"script|
|000002b0| 22 3a 33 30 30 30 30 7d 2c 22 75 6e 68 61 6e 64 |":30000},"unhand|
|000002c0| 6c 65 64 50 72 6f 6d 70 74 42 65 68 61 76 69 6f |ledPromptBehavio|
|000002d0| 72 22 3a 22 64 69 73 6d 69 73 73 20 61 6e 64 20 |r":"dismiss and |
|000002e0| 6e 6f 74 69 66 79 22 2c 22 77 65 62 61 75 74 68 |notify","webauth|
|000002f0| 6e 3a 65 78 74 65 6e 73 69 6f 6e 3a 63 72 65 64 |n:extension:cred|
|00000300| 42 6c 6f 62 22 3a 74 72 75 65 2c 22 77 65 62 61 |Blob":true,"weba|
|00000310| 75 74 68 6e 3a 65 78 74 65 6e 73 69 6f 6e 3a 6c |uthn:extension:l|
|00000320| 61 72 67 65 42 6c 6f 62 22 3a 74 72 75 65 2c 22 |argeBlob":true,"|
|00000330| 77 65 62 61 75 74 68 6e 3a 65 78 74 65 6e 73 69 |webauthn:extensi|
|00000340| 6f 6e 3a 6d 69 6e 50 69 6e 4c 65 6e 67 74 68 22 |on:minPinLength"|
|00000350| 3a 74 72 75 65 2c 22 77 65 62 61 75 74 68 6e 3a |:true,"webauthn:|
|00000360| 65 78 74 65 6e 73 69 6f 6e 3a 70 72 66 22 3a 74 |extension:prf":t|
|00000370| 72 75 65 2c 22 77 65 62 61 75 74 68 6e 3a 76 69 |rue,"webauthn:vi|
|00000380| 72 74 75 61 6c 41 75 74 68 65 6e 74 69 63 61 74 |rtualAuthenticat|
|00000390| 6f 72 73 22 3a 74 72 75 65 7d 2c 22 73 65 73 73 |ors":true},"sess|
|000003a0| 69 6f 6e 49 64 22 3a 22 62 62 31 33 31 31 66 35 |ionId":"bb1311f5|
|000003b0| 30 32 33 62 31 30 65 34 34 34 65 61 38 35 62 63 |023b10e444ea85bc|
|000003c0| 35 35 65 64 36 33 31 38 22 7d 7d                |55ed6318"}}     |
+--------+-------------------------------------------------+----------------+
1266 [AsyncHttpClient-1-2] DEBUG i.n.h.codec.compression.Brotli - brotli4j not in the classpath; Brotli support will be unavailable.
1267 [AsyncHttpClient-1-2] DEBUG o.a.netty.handler.HttpHandler - 

Request DefaultHttpRequest(decodeResult: success, version: HTTP/1.1)
POST /session HTTP/1.1
User-Agent: selenium/4.8.1 (java windows)
Content-Length: 497
Content-Type: application/json; charset=utf-8
host: localhost:33930
accept: */*

Response DefaultHttpResponse(decodeResult: success, version: HTTP/1.1)
HTTP/1.1 200 OK
Content-Length: 862
Content-Type: application/json; charset=utf-8
cache-control: no-cache

1270 [AsyncHttpClient-1-2] DEBUG o.a.netty.channel.ChannelManager - Adding key: http://localhost:33930 for channel [id: 0x25837adb, L:/127.0.0.1:52995 - R:localhost/127.0.0.1:33930]
1272 [AsyncHttpClient-1-2] TRACE i.n.handler.logging.LoggingHandler - [id: 0x25837adb, L:/127.0.0.1:52995 - R:localhost/127.0.0.1:33930] READ COMPLETE
1309 [AsyncHttpClient-1-3] TRACE i.n.handler.logging.LoggingHandler - [id: 0xf24967bf] REGISTERED
1310 [AsyncHttpClient-1-3] TRACE i.n.handler.logging.LoggingHandler - [id: 0xf24967bf] CONNECT: localhost/127.0.0.1:52996
1310 [AsyncHttpClient-1-3] DEBUG o.a.n.channel.NettyConnectListener - Using new Channel '[id: 0xf24967bf, L:/127.0.0.1:53002 - R:localhost/127.0.0.1:52996]' for 'GET' to '/json/version'
1313 [AsyncHttpClient-1-3] TRACE i.n.handler.logging.LoggingHandler - [id: 0xf24967bf, L:/127.0.0.1:53002 - R:localhost/127.0.0.1:52996] WRITE: 109B
         +-------------------------------------------------+
         |  0  1  2  3  4  5  6  7  8  9  a  b  c  d  e  f |
+--------+-------------------------------------------------+----------------+
|00000000| 47 45 54 20 2f 6a 73 6f 6e 2f 76 65 72 73 69 6f |GET /json/versio|
|00000010| 6e 20 48 54 54 50 2f 31 2e 31 0d 0a 55 73 65 72 |n HTTP/1.1..User|
|00000020| 2d 41 67 65 6e 74 3a 20 73 65 6c 65 6e 69 75 6d |-Agent: selenium|
|00000030| 2f 34 2e 38 2e 31 20 28 6a 61 76 61 20 77 69 6e |/4.8.1 (java win|
|00000040| 64 6f 77 73 29 0d 0a 68 6f 73 74 3a 20 6c 6f 63 |dows)..host: loc|
|00000050| 61 6c 68 6f 73 74 3a 35 32 39 39 36 0d 0a 61 63 |alhost:52996..ac|
|00000060| 63 65 70 74 3a 20 2a 2f 2a 0d 0a 0d 0a          |cept: */*....   |
+--------+-------------------------------------------------+----------------+
1313 [AsyncHttpClient-1-3] TRACE i.n.handler.logging.LoggingHandler - [id: 0xf24967bf, L:/127.0.0.1:53002 - R:localhost/127.0.0.1:52996] FLUSH
1314 [AsyncHttpClient-1-3] TRACE i.n.handler.logging.LoggingHandler - [id: 0xf24967bf, L:/127.0.0.1:53002 - R:localhost/127.0.0.1:52996] ACTIVE
1315 [AsyncHttpClient-1-3] TRACE i.n.handler.logging.LoggingHandler - [id: 0xf24967bf, L:/127.0.0.1:53002 - R:localhost/127.0.0.1:52996] READ: 557B
         +-------------------------------------------------+
         |  0  1  2  3  4  5  6  7  8  9  a  b  c  d  e  f |
+--------+-------------------------------------------------+----------------+
|00000000| 48 54 54 50 2f 31 2e 31 20 32 30 30 20 4f 4b 0d |HTTP/1.1 200 OK.|
|00000010| 0a 43 6f 6e 74 65 6e 74 2d 53 65 63 75 72 69 74 |.Content-Securit|
|00000020| 79 2d 50 6f 6c 69 63 79 3a 66 72 61 6d 65 2d 61 |y-Policy:frame-a|
|00000030| 6e 63 65 73 74 6f 72 73 20 27 6e 6f 6e 65 27 0d |ncestors 'none'.|
|00000040| 0a 43 6f 6e 74 65 6e 74 2d 4c 65 6e 67 74 68 3a |.Content-Length:|
|00000050| 34 32 34 0d 0a 43 6f 6e 74 65 6e 74 2d 54 79 70 |424..Content-Typ|
|00000060| 65 3a 61 70 70 6c 69 63 61 74 69 6f 6e 2f 6a 73 |e:application/js|
|00000070| 6f 6e 3b 20 63 68 61 72 73 65 74 3d 55 54 46 2d |on; charset=UTF-|
|00000080| 38 0d 0a 0d 0a 7b 0d 0a 20 20 20 22 42 72 6f 77 |8....{..   "Brow|
|00000090| 73 65 72 22 3a 20 22 43 68 72 6f 6d 65 2f 31 31 |ser": "Chrome/11|
|000000a0| 31 2e 30 2e 35 35 36 33 2e 31 31 31 22 2c 0d 0a |1.0.5563.111",..|
|000000b0| 20 20 20 22 50 72 6f 74 6f 63 6f 6c 2d 56 65 72 |   "Protocol-Ver|
|000000c0| 73 69 6f 6e 22 3a 20 22 31 2e 33 22 2c 0d 0a 20 |sion": "1.3",.. |
|000000d0| 20 20 22 55 73 65 72 2d 41 67 65 6e 74 22 3a 20 |  "User-Agent": |
|000000e0| 22 4d 6f 7a 69 6c 6c 61 2f 35 2e 30 20 28 57 69 |"Mozilla/5.0 (Wi|
|000000f0| 6e 64 6f 77 73 20 4e 54 20 31 30 2e 30 3b 20 57 |ndows NT 10.0; W|
|00000100| 69 6e 36 34 3b 20 78 36 34 29 20 41 70 70 6c 65 |in64; x64) Apple|
|00000110| 57 65 62 4b 69 74 2f 35 33 37 2e 33 36 20 28 4b |WebKit/537.36 (K|
|00000120| 48 54 4d 4c 2c 20 6c 69 6b 65 20 47 65 63 6b 6f |HTML, like Gecko|
|00000130| 29 20 43 68 72 6f 6d 65 2f 31 31 31 2e 30 2e 30 |) Chrome/111.0.0|
|00000140| 2e 30 20 53 61 66 61 72 69 2f 35 33 37 2e 33 36 |.0 Safari/537.36|
|00000150| 22 2c 0d 0a 20 20 20 22 56 38 2d 56 65 72 73 69 |",..   "V8-Versi|
|00000160| 6f 6e 22 3a 20 22 31 31 2e 31 2e 32 37 37 2e 31 |on": "11.1.277.1|
|00000170| 37 22 2c 0d 0a 20 20 20 22 57 65 62 4b 69 74 2d |7",..   "WebKit-|
|00000180| 56 65 72 73 69 6f 6e 22 3a 20 22 35 33 37 2e 33 |Version": "537.3|
|00000190| 36 20 28 40 33 64 61 33 37 35 63 39 65 39 65 35 |6 (@3da375c9e9e5|
|000001a0| 61 64 39 62 35 35 36 61 66 35 64 66 37 30 38 61 |ad9b556af5df708a|
|000001b0| 36 65 36 63 30 31 64 38 63 66 62 31 29 22 2c 0d |6e6c01d8cfb1)",.|
|000001c0| 0a 20 20 20 22 77 65 62 53 6f 63 6b 65 74 44 65 |.   "webSocketDe|
|000001d0| 62 75 67 67 65 72 55 72 6c 22 3a 20 22 77 73 3a |buggerUrl": "ws:|
|000001e0| 2f 2f 6c 6f 63 61 6c 68 6f 73 74 3a 35 32 39 39 |//localhost:5299|
|000001f0| 36 2f 64 65 76 74 6f 6f 6c 73 2f 62 72 6f 77 73 |6/devtools/brows|
|00000200| 65 72 2f 61 36 61 35 61 30 64 34 2d 65 62 35 61 |er/a6a5a0d4-eb5a|
|00000210| 2d 34 36 38 30 2d 61 37 66 35 2d 66 61 31 36 37 |-4680-a7f5-fa167|
|00000220| 64 63 31 33 33 36 66 22 0d 0a 7d 0d 0a          |dc1336f"..}..   |
+--------+-------------------------------------------------+----------------+
1315 [AsyncHttpClient-1-3] DEBUG o.a.netty.handler.HttpHandler - 

Request DefaultFullHttpRequest(decodeResult: success, version: HTTP/1.1, content: EmptyByteBufBE)
GET /json/version HTTP/1.1
User-Agent: selenium/4.8.1 (java windows)
host: localhost:52996
accept: */*

Response DefaultHttpResponse(decodeResult: success, version: HTTP/1.1)
HTTP/1.1 200 OK
Content-Security-Policy: frame-ancestors 'none'
Content-Length: 424
Content-Type: application/json; charset=UTF-8

1316 [AsyncHttpClient-1-3] DEBUG o.a.netty.channel.ChannelManager - Adding key: http://localhost:52996 for channel [id: 0xf24967bf, L:/127.0.0.1:53002 - R:localhost/127.0.0.1:52996]
1316 [AsyncHttpClient-1-3] TRACE i.n.handler.logging.LoggingHandler - [id: 0xf24967bf, L:/127.0.0.1:53002 - R:localhost/127.0.0.1:52996] READ COMPLETE
1321 [main] DEBUG i.n.util.internal.ThreadLocalRandom - -Dio.netty.initialSeedUniquifier: 0x1b2c82105aa89822
1322 [AsyncHttpClient-1-4] TRACE i.n.handler.logging.LoggingHandler - [id: 0xda05384c] REGISTERED
1323 [AsyncHttpClient-1-4] TRACE i.n.handler.logging.LoggingHandler - [id: 0xda05384c] CONNECT: localhost/127.0.0.1:52996
1323 [AsyncHttpClient-1-4] DEBUG o.a.n.channel.NettyConnectListener - Using new Channel '[id: 0xda05384c, L:/127.0.0.1:53003 - R:localhost/127.0.0.1:52996]' for 'GET' to '/devtools/browser/a6a5a0d4-eb5a-4680-a7f5-fa167dc1336f'
1325 [AsyncHttpClient-1-4] TRACE i.n.handler.logging.LoggingHandler - [id: 0xda05384c, L:/127.0.0.1:53003 - R:localhost/127.0.0.1:52996] WRITE: 273B
         +-------------------------------------------------+
         |  0  1  2  3  4  5  6  7  8  9  a  b  c  d  e  f |
+--------+-------------------------------------------------+----------------+
|00000000| 47 45 54 20 2f 64 65 76 74 6f 6f 6c 73 2f 62 72 |GET /devtools/br|
|00000010| 6f 77 73 65 72 2f 61 36 61 35 61 30 64 34 2d 65 |owser/a6a5a0d4-e|
|00000020| 62 35 61 2d 34 36 38 30 2d 61 37 66 35 2d 66 61 |b5a-4680-a7f5-fa|
|00000030| 31 36 37 64 63 31 33 33 36 66 20 48 54 54 50 2f |167dc1336f HTTP/|
|00000040| 31 2e 31 0d 0a 75 70 67 72 61 64 65 3a 20 77 65 |1.1..upgrade: we|
|00000050| 62 73 6f 63 6b 65 74 0d 0a 63 6f 6e 6e 65 63 74 |bsocket..connect|
|00000060| 69 6f 6e 3a 20 75 70 67 72 61 64 65 0d 0a 73 65 |ion: upgrade..se|
|00000070| 63 2d 77 65 62 73 6f 63 6b 65 74 2d 6b 65 79 3a |c-websocket-key:|
|00000080| 20 65 64 49 6e 42 68 38 7a 77 6a 64 7a 76 35 75 | edInBh8zwjdzv5u|
|00000090| 6c 74 52 68 38 33 77 3d 3d 0d 0a 73 65 63 2d 77 |ltRh83w==..sec-w|
|000000a0| 65 62 73 6f 63 6b 65 74 2d 76 65 72 73 69 6f 6e |ebsocket-version|
|000000b0| 3a 20 31 33 0d 0a 6f 72 69 67 69 6e 3a 20 68 74 |: 13..origin: ht|
|000000c0| 74 70 3a 2f 2f 6c 6f 63 61 6c 68 6f 73 74 3a 35 |tp://localhost:5|
|000000d0| 32 39 39 36 0d 0a 68 6f 73 74 3a 20 6c 6f 63 61 |2996..host: loca|
|000000e0| 6c 68 6f 73 74 3a 35 32 39 39 36 0d 0a 61 63 63 |lhost:52996..acc|
|000000f0| 65 70 74 3a 20 2a 2f 2a 0d 0a 75 73 65 72 2d 61 |ept: */*..user-a|
|00000100| 67 65 6e 74 3a 20 41 48 43 2f 32 2e 31 0d 0a 0d |gent: AHC/2.1...|
|00000110| 0a                                              |.               |
+--------+-------------------------------------------------+----------------+
1325 [AsyncHttpClient-1-4] TRACE i.n.handler.logging.LoggingHandler - [id: 0xda05384c, L:/127.0.0.1:53003 - R:localhost/127.0.0.1:52996] FLUSH
1325 [AsyncHttpClient-1-4] TRACE i.n.handler.logging.LoggingHandler - [id: 0xda05384c, L:/127.0.0.1:53003 - R:localhost/127.0.0.1:52996] ACTIVE
1326 [AsyncHttpClient-1-4] TRACE i.n.handler.logging.LoggingHandler - [id: 0xda05384c, L:/127.0.0.1:53003 - R:localhost/127.0.0.1:52996] READ: 138B
         +-------------------------------------------------+
         |  0  1  2  3  4  5  6  7  8  9  a  b  c  d  e  f |
+--------+-------------------------------------------------+----------------+
|00000000| 48 54 54 50 2f 31 2e 31 20 31 30 31 20 57 65 62 |HTTP/1.1 101 Web|
|00000010| 53 6f 63 6b 65 74 20 50 72 6f 74 6f 63 6f 6c 20 |Socket Protocol |
|00000020| 48 61 6e 64 73 68 61 6b 65 0d 0a 55 70 67 72 61 |Handshake..Upgra|
|00000030| 64 65 3a 20 57 65 62 53 6f 63 6b 65 74 0d 0a 43 |de: WebSocket..C|
|00000040| 6f 6e 6e 65 63 74 69 6f 6e 3a 20 55 70 67 72 61 |onnection: Upgra|
|00000050| 64 65 0d 0a 53 65 63 2d 57 65 62 53 6f 63 6b 65 |de..Sec-WebSocke|
|00000060| 74 2d 41 63 63 65 70 74 3a 20 67 62 4d 4b 4d 52 |t-Accept: gbMKMR|
|00000070| 39 38 38 33 31 72 4a 38 6d 2f 4c 4e 34 6e 6a 6f |98831rJ8m/LN4njo|
|00000080| 68 61 6a 76 49 3d 0d 0a 0d 0a                   |hajvI=....      |
+--------+-------------------------------------------------+----------------+
1326 [AsyncHttpClient-1-4] DEBUG o.a.netty.handler.WebSocketHandler - 

Request DefaultFullHttpRequest(decodeResult: success, version: HTTP/1.1, content: EmptyByteBufBE)
GET /devtools/browser/a6a5a0d4-eb5a-4680-a7f5-fa167dc1336f HTTP/1.1
upgrade: websocket
connection: upgrade
sec-websocket-key: edInBh8zwjdzv5ultRh83w==
sec-websocket-version: 13
origin: http://localhost:52996
host: localhost:52996
accept: */*
user-agent: AHC/2.1

Response DefaultHttpResponse(decodeResult: success, version: HTTP/1.1)
HTTP/1.1 101 WebSocket Protocol Handshake
Upgrade: WebSocket
Connection: Upgrade
Sec-WebSocket-Accept: gbMKMR98831rJ8m/LN4njohajvI=

1334 [AsyncHttpClient-1-4] TRACE i.n.handler.logging.LoggingHandler - [id: 0xda05384c, L:/127.0.0.1:53003 - R:localhost/127.0.0.1:52996] READ COMPLETE
1352 [Forwarding get on session bb1311f5023b10e444ea85bc55ed6318 to remote] DEBUG o.a.n.request.NettyRequestSender - Using pooled Channel '[id: 0x25837adb, L:/127.0.0.1:52995 - R:localhost/127.0.0.1:33930]' for 'POST' to 'http://localhost:33930/session/bb1311f5023b10e444ea85bc55ed6318/url'
1352 [Forwarding get on session bb1311f5023b10e444ea85bc55ed6318 to remote] DEBUG o.a.n.request.NettyRequestSender - Using open Channel [id: 0x25837adb, L:/127.0.0.1:52995 - R:localhost/127.0.0.1:33930] for POST '/session/bb1311f5023b10e444ea85bc55ed6318/url'
1354 [AsyncHttpClient-1-2] TRACE i.n.handler.logging.LoggingHandler - [id: 0x25837adb, L:/127.0.0.1:52995 - R:localhost/127.0.0.1:33930] WRITE: 209B
         +-------------------------------------------------+
         |  0  1  2  3  4  5  6  7  8  9  a  b  c  d  e  f |
+--------+-------------------------------------------------+----------------+
|00000000| 50 4f 53 54 20 2f 73 65 73 73 69 6f 6e 2f 62 62 |POST /session/bb|
|00000010| 31 33 31 31 66 35 30 32 33 62 31 30 65 34 34 34 |1311f5023b10e444|
|00000020| 65 61 38 35 62 63 35 35 65 64 36 33 31 38 2f 75 |ea85bc55ed6318/u|
|00000030| 72 6c 20 48 54 54 50 2f 31 2e 31 0d 0a 55 73 65 |rl HTTP/1.1..Use|
|00000040| 72 2d 41 67 65 6e 74 3a 20 73 65 6c 65 6e 69 75 |r-Agent: seleniu|
|00000050| 6d 2f 34 2e 38 2e 31 20 28 6a 61 76 61 20 77 69 |m/4.8.1 (java wi|
|00000060| 6e 64 6f 77 73 29 0d 0a 43 6f 6e 74 65 6e 74 2d |ndows)..Content-|
|00000070| 4c 65 6e 67 74 68 3a 20 35 35 0d 0a 43 6f 6e 74 |Length: 55..Cont|
|00000080| 65 6e 74 2d 54 79 70 65 3a 20 61 70 70 6c 69 63 |ent-Type: applic|
|00000090| 61 74 69 6f 6e 2f 6a 73 6f 6e 3b 20 63 68 61 72 |ation/json; char|
|000000a0| 73 65 74 3d 75 74 66 2d 38 0d 0a 68 6f 73 74 3a |set=utf-8..host:|
|000000b0| 20 6c 6f 63 61 6c 68 6f 73 74 3a 33 33 39 33 30 | localhost:33930|
|000000c0| 0d 0a 61 63 63 65 70 74 3a 20 2a 2f 2a 0d 0a 0d |..accept: */*...|
|000000d0| 0a                                              |.               |
+--------+-------------------------------------------------+----------------+
1354 [AsyncHttpClient-1-2] TRACE i.n.handler.logging.LoggingHandler - [id: 0x25837adb, L:/127.0.0.1:52995 - R:localhost/127.0.0.1:33930] WRITE: 55B
         +-------------------------------------------------+
         |  0  1  2  3  4  5  6  7  8  9  a  b  c  d  e  f |
+--------+-------------------------------------------------+----------------+
|00000000| 7b 0a 20 20 22 75 72 6c 22 3a 20 22 68 74 74 70 |{.  "url": "http|
|00000010| 73 3a 5c 75 30 30 32 66 5c 75 30 30 32 66 77 77 |s:\u002f\u002fww|
|00000020| 77 2e 73 65 6c 65 6e 69 75 6d 2e 64 65 76 5c 75 |w.selenium.dev\u|
|00000030| 30 30 32 66 22 0a 7d                            |002f".}         |
+--------+-------------------------------------------------+----------------+
1354 [AsyncHttpClient-1-2] TRACE i.n.handler.logging.LoggingHandler - [id: 0x25837adb, L:/127.0.0.1:52995 - R:localhost/127.0.0.1:33930] FLUSH
1355 [AsyncHttpClient-1-2] TRACE i.n.handler.logging.LoggingHandler - [id: 0x25837adb, L:/127.0.0.1:52995 - R:localhost/127.0.0.1:33930] WRITE: 0B
1355 [AsyncHttpClient-1-2] TRACE i.n.handler.logging.LoggingHandler - [id: 0x25837adb, L:/127.0.0.1:52995 - R:localhost/127.0.0.1:33930] FLUSH
1560 [AsyncHttpClient-1-1] DEBUG o.a.n.channel.DefaultChannelPool - Entry count for : http://localhost:52996 : 1
2603 [AsyncHttpClient-1-2] TRACE i.n.handler.logging.LoggingHandler - [id: 0x25837adb, L:/127.0.0.1:52995 - R:localhost/127.0.0.1:33930] READ: 122B
         +-------------------------------------------------+
         |  0  1  2  3  4  5  6  7  8  9  a  b  c  d  e  f |
+--------+-------------------------------------------------+----------------+
|00000000| 48 54 54 50 2f 31 2e 31 20 32 30 30 20 4f 4b 0d |HTTP/1.1 200 OK.|
|00000010| 0a 43 6f 6e 74 65 6e 74 2d 4c 65 6e 67 74 68 3a |.Content-Length:|
|00000020| 31 34 0d 0a 43 6f 6e 74 65 6e 74 2d 54 79 70 65 |14..Content-Type|
|00000030| 3a 61 70 70 6c 69 63 61 74 69 6f 6e 2f 6a 73 6f |:application/jso|
|00000040| 6e 3b 20 63 68 61 72 73 65 74 3d 75 74 66 2d 38 |n; charset=utf-8|
|00000050| 0d 0a 63 61 63 68 65 2d 63 6f 6e 74 72 6f 6c 3a |..cache-control:|
|00000060| 6e 6f 2d 63 61 63 68 65 0d 0a 0d 0a 7b 22 76 61 |no-cache....{"va|
|00000070| 6c 75 65 22 3a 6e 75 6c 6c 7d                   |lue":null}      |
+--------+-------------------------------------------------+----------------+
2603 [AsyncHttpClient-1-2] DEBUG o.a.netty.handler.HttpHandler - 

Request DefaultHttpRequest(decodeResult: success, version: HTTP/1.1)
POST /session/bb1311f5023b10e444ea85bc55ed6318/url HTTP/1.1
User-Agent: selenium/4.8.1 (java windows)
Content-Length: 55
Content-Type: application/json; charset=utf-8
host: localhost:33930
accept: */*

Response DefaultHttpResponse(decodeResult: success, version: HTTP/1.1)
HTTP/1.1 200 OK
Content-Length: 14
Content-Type: application/json; charset=utf-8
cache-control: no-cache

2604 [AsyncHttpClient-1-2] DEBUG o.a.netty.channel.ChannelManager - Adding key: http://localhost:33930 for channel [id: 0x25837adb, L:/127.0.0.1:52995 - R:localhost/127.0.0.1:33930]
2604 [AsyncHttpClient-1-2] TRACE i.n.handler.logging.LoggingHandler - [id: 0x25837adb, L:/127.0.0.1:52995 - R:localhost/127.0.0.1:33930] READ COMPLETE
2605 [main] DEBUG JUnit.BaseTest - WebDriver initialized properly
2614 [Forwarding getTitle on session bb1311f5023b10e444ea85bc55ed6318 to remote] DEBUG o.a.n.request.NettyRequestSender - Using pooled Channel '[id: 0x25837adb, L:/127.0.0.1:52995 - R:localhost/127.0.0.1:33930]' for 'GET' to 'http://localhost:33930/session/bb1311f5023b10e444ea85bc55ed6318/title'
2614 [Forwarding getTitle on session bb1311f5023b10e444ea85bc55ed6318 to remote] DEBUG o.a.n.request.NettyRequestSender - Using open Channel [id: 0x25837adb, L:/127.0.0.1:52995 - R:localhost/127.0.0.1:33930] for GET '/session/bb1311f5023b10e444ea85bc55ed6318/title'
2614 [AsyncHttpClient-1-2] TRACE i.n.handler.logging.LoggingHandler - [id: 0x25837adb, L:/127.0.0.1:52995 - R:localhost/127.0.0.1:33930] WRITE: 215B
         +-------------------------------------------------+
         |  0  1  2  3  4  5  6  7  8  9  a  b  c  d  e  f |
+--------+-------------------------------------------------+----------------+
|00000000| 47 45 54 20 2f 73 65 73 73 69 6f 6e 2f 62 62 31 |GET /session/bb1|
|00000010| 33 31 31 66 35 30 32 33 62 31 30 65 34 34 34 65 |311f5023b10e444e|
|00000020| 61 38 35 62 63 35 35 65 64 36 33 31 38 2f 74 69 |a85bc55ed6318/ti|
|00000030| 74 6c 65 20 48 54 54 50 2f 31 2e 31 0d 0a 55 73 |tle HTTP/1.1..Us|
|00000040| 65 72 2d 41 67 65 6e 74 3a 20 73 65 6c 65 6e 69 |er-Agent: seleni|
|00000050| 75 6d 2f 34 2e 38 2e 31 20 28 6a 61 76 61 20 77 |um/4.8.1 (java w|
|00000060| 69 6e 64 6f 77 73 29 0d 0a 43 61 63 68 65 2d 43 |indows)..Cache-C|
|00000070| 6f 6e 74 72 6f 6c 3a 20 6e 6f 2d 63 61 63 68 65 |ontrol: no-cache|
|00000080| 0d 0a 43 6f 6e 74 65 6e 74 2d 54 79 70 65 3a 20 |..Content-Type: |
|00000090| 61 70 70 6c 69 63 61 74 69 6f 6e 2f 6a 73 6f 6e |application/json|
|000000a0| 3b 20 63 68 61 72 73 65 74 3d 75 74 66 2d 38 0d |; charset=utf-8.|
|000000b0| 0a 68 6f 73 74 3a 20 6c 6f 63 61 6c 68 6f 73 74 |.host: localhost|
|000000c0| 3a 33 33 39 33 30 0d 0a 61 63 63 65 70 74 3a 20 |:33930..accept: |
|000000d0| 2a 2f 2a 0d 0a 0d 0a                            |*/*....         |
+--------+-------------------------------------------------+----------------+
2614 [AsyncHttpClient-1-2] TRACE i.n.handler.logging.LoggingHandler - [id: 0x25837adb, L:/127.0.0.1:52995 - R:localhost/127.0.0.1:33930] FLUSH
2619 [AsyncHttpClient-1-2] TRACE i.n.handler.logging.LoggingHandler - [id: 0x25837adb, L:/127.0.0.1:52995 - R:localhost/127.0.0.1:33930] READ: 128B
         +-------------------------------------------------+
         |  0  1  2  3  4  5  6  7  8  9  a  b  c  d  e  f |
+--------+-------------------------------------------------+----------------+
|00000000| 48 54 54 50 2f 31 2e 31 20 32 30 30 20 4f 4b 0d |HTTP/1.1 200 OK.|
|00000010| 0a 43 6f 6e 74 65 6e 74 2d 4c 65 6e 67 74 68 3a |.Content-Length:|
|00000020| 32 30 0d 0a 43 6f 6e 74 65 6e 74 2d 54 79 70 65 |20..Content-Type|
|00000030| 3a 61 70 70 6c 69 63 61 74 69 6f 6e 2f 6a 73 6f |:application/jso|
|00000040| 6e 3b 20 63 68 61 72 73 65 74 3d 75 74 66 2d 38 |n; charset=utf-8|
|00000050| 0d 0a 63 61 63 68 65 2d 63 6f 6e 74 72 6f 6c 3a |..cache-control:|
|00000060| 6e 6f 2d 63 61 63 68 65 0d 0a 0d 0a 7b 22 76 61 |no-cache....{"va|
|00000070| 6c 75 65 22 3a 22 53 65 6c 65 6e 69 75 6d 22 7d |lue":"Selenium"}|
+--------+-------------------------------------------------+----------------+
2619 [AsyncHttpClient-1-2] DEBUG o.a.netty.handler.HttpHandler - 

Request DefaultFullHttpRequest(decodeResult: success, version: HTTP/1.1, content: EmptyByteBufBE)
GET /session/bb1311f5023b10e444ea85bc55ed6318/title HTTP/1.1
User-Agent: selenium/4.8.1 (java windows)
Cache-Control: no-cache
Content-Type: application/json; charset=utf-8
host: localhost:33930
accept: */*

Response DefaultHttpResponse(decodeResult: success, version: HTTP/1.1)
HTTP/1.1 200 OK
Content-Length: 20
Content-Type: application/json; charset=utf-8
cache-control: no-cache

2619 [AsyncHttpClient-1-2] DEBUG o.a.netty.channel.ChannelManager - Adding key: http://localhost:33930 for channel [id: 0x25837adb, L:/127.0.0.1:52995 - R:localhost/127.0.0.1:33930]
2620 [AsyncHttpClient-1-2] TRACE i.n.handler.logging.LoggingHandler - [id: 0x25837adb, L:/127.0.0.1:52995 - R:localhost/127.0.0.1:33930] READ COMPLETE
2620 [main] INFO  JUnit.TitleTest - Actual title is: Selenium
2666 [AsyncHttpClient-1-1] DEBUG o.a.n.channel.DefaultChannelPool - Entry count for : http://localhost:52996 : 1
2666 [AsyncHttpClient-1-1] DEBUG o.a.n.channel.DefaultChannelPool - Entry count for : http://localhost:33930 : 1
2680 [Driver Command Executor] DEBUG o.a.n.request.NettyRequestSender - Using pooled Channel '[id: 0x25837adb, L:/127.0.0.1:52995 - R:localhost/127.0.0.1:33930]' for 'DELETE' to 'http://localhost:33930/session/bb1311f5023b10e444ea85bc55ed6318'
2681 [Driver Command Executor] DEBUG o.a.n.request.NettyRequestSender - Using open Channel [id: 0x25837adb, L:/127.0.0.1:52995 - R:localhost/127.0.0.1:33930] for DELETE '/session/bb1311f5023b10e444ea85bc55ed6318'
2681 [AsyncHttpClient-1-4] TRACE i.n.h.c.h.w.WebSocket08FrameEncoder - Encoding WebSocket Frame opCode=8 length=26
2681 [AsyncHttpClient-1-2] TRACE i.n.handler.logging.LoggingHandler - [id: 0x25837adb, L:/127.0.0.1:52995 - R:localhost/127.0.0.1:33930] WRITE: 187B
         +-------------------------------------------------+
         |  0  1  2  3  4  5  6  7  8  9  a  b  c  d  e  f |
+--------+-------------------------------------------------+----------------+
|00000000| 44 45 4c 45 54 45 20 2f 73 65 73 73 69 6f 6e 2f |DELETE /session/|
|00000010| 62 62 31 33 31 31 66 35 30 32 33 62 31 30 65 34 |bb1311f5023b10e4|
|00000020| 34 34 65 61 38 35 62 63 35 35 65 64 36 33 31 38 |44ea85bc55ed6318|
|00000030| 20 48 54 54 50 2f 31 2e 31 0d 0a 55 73 65 72 2d | HTTP/1.1..User-|
|00000040| 41 67 65 6e 74 3a 20 73 65 6c 65 6e 69 75 6d 2f |Agent: selenium/|
|00000050| 34 2e 38 2e 31 20 28 6a 61 76 61 20 77 69 6e 64 |4.8.1 (java wind|
|00000060| 6f 77 73 29 0d 0a 43 6f 6e 74 65 6e 74 2d 54 79 |ows)..Content-Ty|
|00000070| 70 65 3a 20 61 70 70 6c 69 63 61 74 69 6f 6e 2f |pe: application/|
|00000080| 6a 73 6f 6e 3b 20 63 68 61 72 73 65 74 3d 75 74 |json; charset=ut|
|00000090| 66 2d 38 0d 0a 68 6f 73 74 3a 20 6c 6f 63 61 6c |f-8..host: local|
|000000a0| 68 6f 73 74 3a 33 33 39 33 30 0d 0a 61 63 63 65 |host:33930..acce|
|000000b0| 70 74 3a 20 2a 2f 2a 0d 0a 0d 0a                |pt: */*....     |
+--------+-------------------------------------------------+----------------+
2681 [AsyncHttpClient-1-2] TRACE i.n.handler.logging.LoggingHandler - [id: 0x25837adb, L:/127.0.0.1:52995 - R:localhost/127.0.0.1:33930] FLUSH
2682 [AsyncHttpClient-1-4] TRACE i.n.handler.logging.LoggingHandler - [id: 0xda05384c, L:/127.0.0.1:53003 - R:localhost/127.0.0.1:52996] WRITE: 32B
         +-------------------------------------------------+
         |  0  1  2  3  4  5  6  7  8  9  a  b  c  d  e  f |
+--------+-------------------------------------------------+----------------+
|00000000| 88 9a 26 74 6e e6 25 9c 39 83 44 30 1c 8f 50 11 |..&tn.%.9.D0..P.|
|00000010| 1c c6 45 18 01 95 4f 1a 09 c6 55 1b 0d 8d 43 00 |..E...O...U...C.|
+--------+-------------------------------------------------+----------------+
2682 [AsyncHttpClient-1-4] TRACE i.n.handler.logging.LoggingHandler - [id: 0xda05384c, L:/127.0.0.1:53003 - R:localhost/127.0.0.1:52996] FLUSH
2697 [AsyncHttpClient-1-4] TRACE i.n.handler.logging.LoggingHandler - [id: 0xda05384c, L:/127.0.0.1:53003 - R:localhost/127.0.0.1:52996] READ COMPLETE
2697 [AsyncHttpClient-1-3] TRACE i.n.handler.logging.LoggingHandler - [id: 0xf24967bf, L:/127.0.0.1:53002 - R:localhost/127.0.0.1:52996] READ COMPLETE
2697 [AsyncHttpClient-1-4] TRACE i.n.handler.logging.LoggingHandler - [id: 0xda05384c, L:/127.0.0.1:53003 - R:localhost/127.0.0.1:52996] EXCEPTION: java.net.SocketException: Connection reset
java.net.SocketException: Connection reset
	at java.base/sun.nio.ch.SocketChannelImpl.throwConnectionReset(SocketChannelImpl.java:394)
	at java.base/sun.nio.ch.SocketChannelImpl.read(SocketChannelImpl.java:426)
	at io.netty.buffer.PooledByteBuf.setBytes(PooledByteBuf.java:259)
	at io.netty.buffer.AbstractByteBuf.writeBytes(AbstractByteBuf.java:1132)
	at io.netty.channel.socket.nio.NioSocketChannel.doReadBytes(NioSocketChannel.java:357)
	at io.netty.channel.nio.AbstractNioByteChannel$NioByteUnsafe.read(AbstractNioByteChannel.java:151)
	at io.netty.channel.nio.NioEventLoop.processSelectedKey(NioEventLoop.java:788)
	at io.netty.channel.nio.NioEventLoop.processSelectedKeysOptimized(NioEventLoop.java:724)
	at io.netty.channel.nio.NioEventLoop.processSelectedKeys(NioEventLoop.java:650)
	at io.netty.channel.nio.NioEventLoop.run(NioEventLoop.java:562)
	at io.netty.util.concurrent.SingleThreadEventExecutor$4.run(SingleThreadEventExecutor.java:997)
	at io.netty.util.internal.ThreadExecutorMap$2.run(ThreadExecutorMap.java:74)
	at io.netty.util.concurrent.FastThreadLocalRunnable.run(FastThreadLocalRunnable.java:30)
	at java.base/java.lang.Thread.run(Thread.java:833)
2697 [AsyncHttpClient-1-4] DEBUG o.a.netty.handler.WebSocketHandler - Unexpected I/O exception on channel [id: 0xda05384c, L:/127.0.0.1:53003 - R:localhost/127.0.0.1:52996]
java.net.SocketException: Connection reset
	at java.base/sun.nio.ch.SocketChannelImpl.throwConnectionReset(SocketChannelImpl.java:394)
	at java.base/sun.nio.ch.SocketChannelImpl.read(SocketChannelImpl.java:426)
	at io.netty.buffer.PooledByteBuf.setBytes(PooledByteBuf.java:259)
	at io.netty.buffer.AbstractByteBuf.writeBytes(AbstractByteBuf.java:1132)
	at io.netty.channel.socket.nio.NioSocketChannel.doReadBytes(NioSocketChannel.java:357)
	at io.netty.channel.nio.AbstractNioByteChannel$NioByteUnsafe.read(AbstractNioByteChannel.java:151)
	at io.netty.channel.nio.NioEventLoop.processSelectedKey(NioEventLoop.java:788)
	at io.netty.channel.nio.NioEventLoop.processSelectedKeysOptimized(NioEventLoop.java:724)
	at io.netty.channel.nio.NioEventLoop.processSelectedKeys(NioEventLoop.java:650)
	at io.netty.channel.nio.NioEventLoop.run(NioEventLoop.java:562)
	at io.netty.util.concurrent.SingleThreadEventExecutor$4.run(SingleThreadEventExecutor.java:997)
	at io.netty.util.internal.ThreadExecutorMap$2.run(ThreadExecutorMap.java:74)
	at io.netty.util.concurrent.FastThreadLocalRunnable.run(FastThreadLocalRunnable.java:30)
	at java.base/java.lang.Thread.run(Thread.java:833)
2698 [AsyncHttpClient-1-3] TRACE i.n.handler.logging.LoggingHandler - [id: 0xf24967bf, L:/127.0.0.1:53002 - R:localhost/127.0.0.1:52996] EXCEPTION: java.net.SocketException: Connection reset
java.net.SocketException: Connection reset
	at java.base/sun.nio.ch.SocketChannelImpl.throwConnectionReset(SocketChannelImpl.java:394)
	at java.base/sun.nio.ch.SocketChannelImpl.read(SocketChannelImpl.java:426)
	at io.netty.buffer.PooledByteBuf.setBytes(PooledByteBuf.java:259)
	at io.netty.buffer.AbstractByteBuf.writeBytes(AbstractByteBuf.java:1132)
	at io.netty.channel.socket.nio.NioSocketChannel.doReadBytes(NioSocketChannel.java:357)
	at io.netty.channel.nio.AbstractNioByteChannel$NioByteUnsafe.read(AbstractNioByteChannel.java:151)
	at io.netty.channel.nio.NioEventLoop.processSelectedKey(NioEventLoop.java:788)
	at io.netty.channel.nio.NioEventLoop.processSelectedKeysOptimized(NioEventLoop.java:724)
	at io.netty.channel.nio.NioEventLoop.processSelectedKeys(NioEventLoop.java:650)
	at io.netty.channel.nio.NioEventLoop.run(NioEventLoop.java:562)
	at io.netty.util.concurrent.SingleThreadEventExecutor$4.run(SingleThreadEventExecutor.java:997)
	at io.netty.util.internal.ThreadExecutorMap$2.run(ThreadExecutorMap.java:74)
	at io.netty.util.concurrent.FastThreadLocalRunnable.run(FastThreadLocalRunnable.java:30)
	at java.base/java.lang.Thread.run(Thread.java:833)
2698 [AsyncHttpClient-1-4] DEBUG o.a.netty.handler.WebSocketHandler - Was unable to recover Future: NettyResponseFuture{currentRetry=0,
	isDone=1,
	isCancelled=0,
	asyncHandler=org.asynchttpclient.ws.WebSocketUpgradeHandler@6ed0f585,
	nettyRequest=org.asynchttpclient.netty.request.NettyRequest@6c55021c,
	future=java.util.concurrent.CompletableFuture@53c6740a[Completed normally],
	uri=ws://localhost:52996/devtools/browser/a6a5a0d4-eb5a-4680-a7f5-fa167dc1336f,
	keepAlive=true,
	redirectCount=0,
	timeoutsHolder=null,
	inAuth=0,
	touch=1679879105696}
2698 [AsyncHttpClient-1-4] DEBUG o.a.netty.channel.ChannelManager - Closing Channel [id: 0xda05384c, L:/127.0.0.1:53003 - R:localhost/127.0.0.1:52996] 
2698 [AsyncHttpClient-1-3] DEBUG o.a.netty.handler.HttpHandler - Unexpected I/O exception on channel [id: 0xf24967bf, L:/127.0.0.1:53002 - R:localhost/127.0.0.1:52996]
java.net.SocketException: Connection reset
	at java.base/sun.nio.ch.SocketChannelImpl.throwConnectionReset(SocketChannelImpl.java:394)
	at java.base/sun.nio.ch.SocketChannelImpl.read(SocketChannelImpl.java:426)
	at io.netty.buffer.PooledByteBuf.setBytes(PooledByteBuf.java:259)
	at io.netty.buffer.AbstractByteBuf.writeBytes(AbstractByteBuf.java:1132)
	at io.netty.channel.socket.nio.NioSocketChannel.doReadBytes(NioSocketChannel.java:357)
	at io.netty.channel.nio.AbstractNioByteChannel$NioByteUnsafe.read(AbstractNioByteChannel.java:151)
	at io.netty.channel.nio.NioEventLoop.processSelectedKey(NioEventLoop.java:788)
	at io.netty.channel.nio.NioEventLoop.processSelectedKeysOptimized(NioEventLoop.java:724)
	at io.netty.channel.nio.NioEventLoop.processSelectedKeys(NioEventLoop.java:650)
	at io.netty.channel.nio.NioEventLoop.run(NioEventLoop.java:562)
	at io.netty.util.concurrent.SingleThreadEventExecutor$4.run(SingleThreadEventExecutor.java:997)
	at io.netty.util.internal.ThreadExecutorMap$2.run(ThreadExecutorMap.java:74)
	at io.netty.util.concurrent.FastThreadLocalRunnable.run(FastThreadLocalRunnable.java:30)
	at java.base/java.lang.Thread.run(Thread.java:833)
2698 [AsyncHttpClient-1-3] DEBUG o.a.netty.channel.ChannelManager - Closing Channel [id: 0xf24967bf, L:/127.0.0.1:53002 - R:localhost/127.0.0.1:52996] 
2698 [AsyncHttpClient-1-4] TRACE i.n.handler.logging.LoggingHandler - [id: 0xda05384c, L:/127.0.0.1:53003 - R:localhost/127.0.0.1:52996] CLOSE
2699 [AsyncHttpClient-1-3] TRACE i.n.handler.logging.LoggingHandler - [id: 0xf24967bf, L:/127.0.0.1:53002 - R:localhost/127.0.0.1:52996] CLOSE
2699 [AsyncHttpClient-1-4] WARN  o.a.netty.handler.WebSocketHandler - onError
java.net.SocketException: Connection reset
	at java.base/sun.nio.ch.SocketChannelImpl.throwConnectionReset(SocketChannelImpl.java:394)
	at java.base/sun.nio.ch.SocketChannelImpl.read(SocketChannelImpl.java:426)
	at io.netty.buffer.PooledByteBuf.setBytes(PooledByteBuf.java:259)
	at io.netty.buffer.AbstractByteBuf.writeBytes(AbstractByteBuf.java:1132)
	at io.netty.channel.socket.nio.NioSocketChannel.doReadBytes(NioSocketChannel.java:357)
	at io.netty.channel.nio.AbstractNioByteChannel$NioByteUnsafe.read(AbstractNioByteChannel.java:151)
	at io.netty.channel.nio.NioEventLoop.processSelectedKey(NioEventLoop.java:788)
	at io.netty.channel.nio.NioEventLoop.processSelectedKeysOptimized(NioEventLoop.java:724)
	at io.netty.channel.nio.NioEventLoop.processSelectedKeys(NioEventLoop.java:650)
	at io.netty.channel.nio.NioEventLoop.run(NioEventLoop.java:562)
	at io.netty.util.concurrent.SingleThreadEventExecutor$4.run(SingleThreadEventExecutor.java:997)
	at io.netty.util.internal.ThreadExecutorMap$2.run(ThreadExecutorMap.java:74)
	at io.netty.util.concurrent.FastThreadLocalRunnable.run(FastThreadLocalRunnable.java:30)
	at java.base/java.lang.Thread.run(Thread.java:833)
2700 [AsyncHttpClient-1-3] TRACE i.n.handler.logging.LoggingHandler - [id: 0xf24967bf, L:/127.0.0.1:53002 ! R:localhost/127.0.0.1:52996] USER_EVENT: io.netty.channel.socket.ChannelInputShutdownReadComplete@133b9cfd
2701 [AsyncHttpClient-1-4] DEBUG o.a.netty.channel.ChannelManager - Closing Channel [id: 0xda05384c, L:/127.0.0.1:53003 ! R:localhost/127.0.0.1:52996] 
2701 [AsyncHttpClient-1-3] TRACE i.n.handler.logging.LoggingHandler - [id: 0xf24967bf, L:/127.0.0.1:53002 ! R:localhost/127.0.0.1:52996] INACTIVE
2701 [AsyncHttpClient-1-4] TRACE i.n.handler.logging.LoggingHandler - [id: 0xda05384c, L:/127.0.0.1:53003 ! R:localhost/127.0.0.1:52996] USER_EVENT: io.netty.channel.socket.ChannelInputShutdownReadComplete@133b9cfd
2701 [AsyncHttpClient-1-3] DEBUG o.a.netty.handler.HttpHandler - Channel Closed: [id: 0xf24967bf, L:/127.0.0.1:53002 ! R:localhost/127.0.0.1:52996] with attribute DISCARD
2701 [AsyncHttpClient-1-3] TRACE i.n.handler.logging.LoggingHandler - [id: 0xf24967bf, L:/127.0.0.1:53002 ! R:localhost/127.0.0.1:52996] UNREGISTERED
2701 [AsyncHttpClient-1-4] TRACE i.n.handler.logging.LoggingHandler - [id: 0xda05384c, L:/127.0.0.1:53003 ! R:localhost/127.0.0.1:52996] INACTIVE
2701 [AsyncHttpClient-1-4] DEBUG o.a.netty.handler.WebSocketHandler - Channel Closed: [id: 0xda05384c, L:/127.0.0.1:53003 ! R:localhost/127.0.0.1:52996] with attribute DISCARD
2702 [AsyncHttpClient-1-4] TRACE i.n.handler.logging.LoggingHandler - [id: 0xda05384c, L:/127.0.0.1:53003 ! R:localhost/127.0.0.1:52996] UNREGISTERED
2707 [AsyncHttpClient-1-2] TRACE i.n.handler.logging.LoggingHandler - [id: 0x25837adb, L:/127.0.0.1:52995 - R:localhost/127.0.0.1:33930] READ: 122B
         +-------------------------------------------------+
         |  0  1  2  3  4  5  6  7  8  9  a  b  c  d  e  f |
+--------+-------------------------------------------------+----------------+
|00000000| 48 54 54 50 2f 31 2e 31 20 32 30 30 20 4f 4b 0d |HTTP/1.1 200 OK.|
|00000010| 0a 43 6f 6e 74 65 6e 74 2d 4c 65 6e 67 74 68 3a |.Content-Length:|
|00000020| 31 34 0d 0a 43 6f 6e 74 65 6e 74 2d 54 79 70 65 |14..Content-Type|
|00000030| 3a 61 70 70 6c 69 63 61 74 69 6f 6e 2f 6a 73 6f |:application/jso|
|00000040| 6e 3b 20 63 68 61 72 73 65 74 3d 75 74 66 2d 38 |n; charset=utf-8|
|00000050| 0d 0a 63 61 63 68 65 2d 63 6f 6e 74 72 6f 6c 3a |..cache-control:|
|00000060| 6e 6f 2d 63 61 63 68 65 0d 0a 0d 0a 7b 22 76 61 |no-cache....{"va|
|00000070| 6c 75 65 22 3a 6e 75 6c 6c 7d                   |lue":null}      |
+--------+-------------------------------------------------+----------------+
2708 [AsyncHttpClient-1-2] DEBUG o.a.netty.handler.HttpHandler - 

Request DefaultFullHttpRequest(decodeResult: success, version: HTTP/1.1, content: EmptyByteBufBE)
DELETE /session/bb1311f5023b10e444ea85bc55ed6318 HTTP/1.1
User-Agent: selenium/4.8.1 (java windows)
Content-Type: application/json; charset=utf-8
host: localhost:33930
accept: */*

Response DefaultHttpResponse(decodeResult: success, version: HTTP/1.1)
HTTP/1.1 200 OK
Content-Length: 14
Content-Type: application/json; charset=utf-8
cache-control: no-cache

2708 [AsyncHttpClient-1-2] DEBUG o.a.netty.channel.ChannelManager - Adding key: http://localhost:33930 for channel [id: 0x25837adb, L:/127.0.0.1:52995 - R:localhost/127.0.0.1:33930]
2708 [AsyncHttpClient-1-2] TRACE i.n.handler.logging.LoggingHandler - [id: 0x25837adb, L:/127.0.0.1:52995 - R:localhost/127.0.0.1:33930] READ COMPLETE
2721 [AsyncHttpClient-1-2] TRACE i.n.handler.logging.LoggingHandler - [id: 0x25837adb, L:/127.0.0.1:52995 - R:localhost/127.0.0.1:33930] READ COMPLETE
2722 [AsyncHttpClient-1-2] TRACE i.n.handler.logging.LoggingHandler - [id: 0x25837adb, L:/127.0.0.1:52995 ! R:localhost/127.0.0.1:33930] INACTIVE
2722 [AsyncHttpClient-1-2] DEBUG o.a.netty.handler.HttpHandler - Channel Closed: [id: 0x25837adb, L:/127.0.0.1:52995 ! R:localhost/127.0.0.1:33930] with attribute DISCARD
2722 [AsyncHttpClient-1-2] TRACE i.n.handler.logging.LoggingHandler - [id: 0x25837adb, L:/127.0.0.1:52995 ! R:localhost/127.0.0.1:33930] UNREGISTERED
2775 [main] DEBUG JUnit.BaseTest - Driver is closed
