146 [main] DEBUG configuration.EnvironmentProperty -  >>>>>>>>>>>>>>>>>> Environment name : env_int<<<<<<<<<<<<<<<<<<<<<<<<
149 [main] DEBUG configuration.EnvironmentProperty - #### Loading property from uri file:/C:/Users/dokninski/Desktop/Szko%c5%82a%20Automatyzacji/Repo/Day14/target/classes/env_int
150 [main] DEBUG configuration.EnvironmentProperty - ****Loading environment property env_name = int 
150 [main] DEBUG configuration.EnvironmentProperty - ****Loading environment property eTitle = Selenium 
151 [main] DEBUG configuration.EnvironmentProperty - ****Loading environment property appUrl = https://www.selenium.dev/ 
152 [main] DEBUG configuration.EnvironmentProperty - #### Properties loaded from env_int : 3 
340 [main] DEBUG i.g.b.wdm.cache.ResolutionCache - Resolution chrome=111 in cache (valid until 03:31:34 27/03/2023 CEST)
341 [main] DEBUG i.g.b.wdm.cache.ResolutionCache - Resolution chrome111=111.0.5563.64 in cache (valid until 02:31:34 28/03/2023 CEST)
342 [main] INFO  i.g.bonigarcia.wdm.WebDriverManager - Using chromedriver 111.0.5563.64 (resolved driver for Chrome 111)
345 [main] TRACE i.g.b.wdm.cache.CacheHandler - Checking if chromedriver exists in cache
354 [main] TRACE i.g.b.wdm.cache.CacheHandler - Filter cache by chromedriver -- input list [C:\Users\dokninski\.cache\selenium\chromedriver\win32\110.0.5481.77\chromedriver.exe, C:\Users\dokninski\.cache\selenium\chromedriver\win32\111.0.5563.64\chromedriver.exe, C:\Users\dokninski\.cache\selenium\resolution.properties] -- output list [C:\Users\dokninski\.cache\selenium\chromedriver\win32\110.0.5481.77\chromedriver.exe, C:\Users\dokninski\.cache\selenium\chromedriver\win32\111.0.5563.64\chromedriver.exe] 
354 [main] TRACE i.g.b.wdm.cache.CacheHandler - Filter cache by 111.0.5563.64 -- input list [C:\Users\dokninski\.cache\selenium\chromedriver\win32\110.0.5481.77\chromedriver.exe, C:\Users\dokninski\.cache\selenium\chromedriver\win32\111.0.5563.64\chromedriver.exe] -- output list [C:\Users\dokninski\.cache\selenium\chromedriver\win32\111.0.5563.64\chromedriver.exe] 
354 [main] TRACE i.g.b.wdm.cache.CacheHandler - Filter cache by WIN -- input list [C:\Users\dokninski\.cache\selenium\chromedriver\win32\111.0.5563.64\chromedriver.exe] -- output list [C:\Users\dokninski\.cache\selenium\chromedriver\win32\111.0.5563.64\chromedriver.exe] 
355 [main] DEBUG i.g.bonigarcia.wdm.WebDriverManager - Driver chromedriver 111.0.5563.64 found in cache
355 [main] INFO  i.g.bonigarcia.wdm.WebDriverManager - Exporting webdriver.chrome.driver as C:\Users\dokninski\.cache\selenium\chromedriver\win32\111.0.5563.64\chromedriver.exe
419 [main] DEBUG i.n.u.i.l.InternalLoggerFactory - Using SLF4J as the default logging framework
421 [main] DEBUG io.netty.util.ResourceLeakDetector - -Dio.netty.leakDetection.level: simple
421 [main] DEBUG io.netty.util.ResourceLeakDetector - -Dio.netty.leakDetection.targetRecords: 4
423 [main] DEBUG i.n.u.ResourceLeakDetectorFactory - Loaded default ResourceLeakDetector: io.netty.util.ResourceLeakDetector@733c423e
433 [main] DEBUG i.n.u.internal.PlatformDependent0 - -Dio.netty.noUnsafe: false
434 [main] DEBUG i.n.u.internal.PlatformDependent0 - Java version: 17
435 [main] DEBUG i.n.u.internal.PlatformDependent0 - sun.misc.Unsafe.theUnsafe: available
435 [main] DEBUG i.n.u.internal.PlatformDependent0 - sun.misc.Unsafe.copyMemory: available
435 [main] DEBUG i.n.u.internal.PlatformDependent0 - sun.misc.Unsafe.storeFence: available
436 [main] DEBUG i.n.u.internal.PlatformDependent0 - java.nio.Buffer.address: available
436 [main] DEBUG i.n.u.internal.PlatformDependent0 - direct buffer constructor: unavailable
java.lang.UnsupportedOperationException: Reflective setAccessible(true) disabled
	at io.netty.util.internal.ReflectionUtil.trySetAccessible(ReflectionUtil.java:31)
	at io.netty.util.internal.PlatformDependent0$5.run(PlatformDependent0.java:288)
	at java.base/java.security.AccessController.doPrivileged(AccessController.java:318)
	at io.netty.util.internal.PlatformDependent0.<clinit>(PlatformDependent0.java:282)
	at io.netty.util.internal.PlatformDependent.isAndroid(PlatformDependent.java:333)
	at io.netty.util.internal.PlatformDependent.<clinit>(PlatformDependent.java:88)
	at io.netty.util.HashedWheelTimer.<init>(HashedWheelTimer.java:114)
	at io.netty.util.HashedWheelTimer.<init>(HashedWheelTimer.java:251)
	at io.netty.util.HashedWheelTimer.<init>(HashedWheelTimer.java:224)
	at io.netty.util.HashedWheelTimer.<init>(HashedWheelTimer.java:203)
	at org.asynchttpclient.DefaultAsyncHttpClient.newNettyTimer(DefaultAsyncHttpClient.java:111)
	at org.asynchttpclient.DefaultAsyncHttpClient.<init>(DefaultAsyncHttpClient.java:90)
	at org.asynchttpclient.Dsl.asyncHttpClient(Dsl.java:32)
	at org.openqa.selenium.remote.http.netty.NettyClient.createHttpClient(NettyClient.java:94)
	at org.openqa.selenium.remote.http.netty.NettyClient.<clinit>(NettyClient.java:47)
	at org.openqa.selenium.remote.http.netty.NettyClient$Factory.createClient(NettyClient.java:135)
	at org.openqa.selenium.remote.HttpCommandExecutor.<init>(HttpCommandExecutor.java:107)
	at org.openqa.selenium.remote.HttpCommandExecutor.<init>(HttpCommandExecutor.java:94)
	at org.openqa.selenium.remote.HttpCommandExecutor.<init>(HttpCommandExecutor.java:85)
	at org.openqa.selenium.remote.service.DriverCommandExecutor.<init>(DriverCommandExecutor.java:80)
	at org.openqa.selenium.chromium.ChromiumDriverCommandExecutor.<init>(ChromiumDriverCommandExecutor.java:35)
	at org.openqa.selenium.chrome.ChromeDriver$ChromeDriverCommandExecutor.<init>(ChromeDriver.java:94)
	at org.openqa.selenium.chrome.ChromeDriver.<init>(ChromeDriver.java:82)
	at org.openqa.selenium.chrome.ChromeDriver.<init>(ChromeDriver.java:71)
	at configuration.BrowserEnvironment.getDriver(BrowserEnvironment.java:43)
	at JUnit.BaseTest.setup(BaseTest.java:21)
	at java.base/jdk.internal.reflect.NativeMethodAccessorImpl.invoke0(Native Method)
	at java.base/jdk.internal.reflect.NativeMethodAccessorImpl.invoke(NativeMethodAccessorImpl.java:77)
	at java.base/jdk.internal.reflect.DelegatingMethodAccessorImpl.invoke(DelegatingMethodAccessorImpl.java:43)
	at java.base/java.lang.reflect.Method.invoke(Method.java:568)
	at org.junit.platform.commons.util.ReflectionUtils.invokeMethod(ReflectionUtils.java:727)
	at org.junit.jupiter.engine.execution.MethodInvocation.proceed(MethodInvocation.java:60)
	at org.junit.jupiter.engine.execution.InvocationInterceptorChain$ValidatingInvocation.proceed(InvocationInterceptorChain.java:131)
	at org.junit.jupiter.engine.extension.TimeoutExtension.intercept(TimeoutExtension.java:156)
	at org.junit.jupiter.engine.extension.TimeoutExtension.interceptLifecycleMethod(TimeoutExtension.java:128)
	at org.junit.jupiter.engine.extension.TimeoutExtension.interceptBeforeAllMethod(TimeoutExtension.java:70)
	at org.junit.jupiter.engine.execution.InterceptingExecutableInvoker$ReflectiveInterceptorCall.lambda$ofVoidMethod$0(InterceptingExecutableInvoker.java:103)
	at org.junit.jupiter.engine.execution.InterceptingExecutableInvoker.lambda$invoke$0(InterceptingExecutableInvoker.java:93)
	at org.junit.jupiter.engine.execution.InvocationInterceptorChain$InterceptedInvocation.proceed(InvocationInterceptorChain.java:106)
	at org.junit.jupiter.engine.execution.InvocationInterceptorChain.proceed(InvocationInterceptorChain.java:64)
	at org.junit.jupiter.engine.execution.InvocationInterceptorChain.chainAndInvoke(InvocationInterceptorChain.java:45)
	at org.junit.jupiter.engine.execution.InvocationInterceptorChain.invoke(InvocationInterceptorChain.java:37)
	at org.junit.jupiter.engine.execution.InterceptingExecutableInvoker.invoke(InterceptingExecutableInvoker.java:92)
	at org.junit.jupiter.engine.execution.InterceptingExecutableInvoker.invoke(InterceptingExecutableInvoker.java:86)
	at org.junit.jupiter.engine.descriptor.ClassBasedTestDescriptor.lambda$invokeBeforeAllMethods$13(ClassBasedTestDescriptor.java:411)
	at org.junit.platform.engine.support.hierarchical.ThrowableCollector.execute(ThrowableCollector.java:73)
	at org.junit.jupiter.engine.descriptor.ClassBasedTestDescriptor.invokeBeforeAllMethods(ClassBasedTestDescriptor.java:409)
	at org.junit.jupiter.engine.descriptor.ClassBasedTestDescriptor.before(ClassBasedTestDescriptor.java:215)
	at org.junit.jupiter.engine.descriptor.ClassBasedTestDescriptor.before(ClassBasedTestDescriptor.java:84)
	at org.junit.platform.engine.support.hierarchical.NodeTestTask.lambda$executeRecursively$6(NodeTestTask.java:148)
	at org.junit.platform.engine.support.hierarchical.ThrowableCollector.execute(ThrowableCollector.java:73)
	at org.junit.platform.engine.support.hierarchical.NodeTestTask.lambda$executeRecursively$8(NodeTestTask.java:141)
	at org.junit.platform.engine.support.hierarchical.Node.around(Node.java:137)
	at org.junit.platform.engine.support.hierarchical.NodeTestTask.lambda$executeRecursively$9(NodeTestTask.java:139)
	at org.junit.platform.engine.support.hierarchical.ThrowableCollector.execute(ThrowableCollector.java:73)
	at org.junit.platform.engine.support.hierarchical.NodeTestTask.executeRecursively(NodeTestTask.java:138)
	at org.junit.platform.engine.support.hierarchical.NodeTestTask.execute(NodeTestTask.java:95)
	at java.base/java.util.ArrayList.forEach(ArrayList.java:1511)
	at org.junit.platform.engine.support.hierarchical.SameThreadHierarchicalTestExecutorService.invokeAll(SameThreadHierarchicalTestExecutorService.java:41)
	at org.junit.platform.engine.support.hierarchical.NodeTestTask.lambda$executeRecursively$6(NodeTestTask.java:155)
	at org.junit.platform.engine.support.hierarchical.ThrowableCollector.execute(ThrowableCollector.java:73)
	at org.junit.platform.engine.support.hierarchical.NodeTestTask.lambda$executeRecursively$8(NodeTestTask.java:141)
	at org.junit.platform.engine.support.hierarchical.Node.around(Node.java:137)
	at org.junit.platform.engine.support.hierarchical.NodeTestTask.lambda$executeRecursively$9(NodeTestTask.java:139)
	at org.junit.platform.engine.support.hierarchical.ThrowableCollector.execute(ThrowableCollector.java:73)
	at org.junit.platform.engine.support.hierarchical.NodeTestTask.executeRecursively(NodeTestTask.java:138)
	at org.junit.platform.engine.support.hierarchical.NodeTestTask.execute(NodeTestTask.java:95)
	at org.junit.platform.engine.support.hierarchical.SameThreadHierarchicalTestExecutorService.submit(SameThreadHierarchicalTestExecutorService.java:35)
	at org.junit.platform.engine.support.hierarchical.HierarchicalTestExecutor.execute(HierarchicalTestExecutor.java:57)
	at org.junit.platform.engine.support.hierarchical.HierarchicalTestEngine.execute(HierarchicalTestEngine.java:54)
	at org.junit.platform.launcher.core.EngineExecutionOrchestrator.execute(EngineExecutionOrchestrator.java:147)
	at org.junit.platform.launcher.core.EngineExecutionOrchestrator.execute(EngineExecutionOrchestrator.java:127)
	at org.junit.platform.launcher.core.EngineExecutionOrchestrator.execute(EngineExecutionOrchestrator.java:90)
	at org.junit.platform.launcher.core.EngineExecutionOrchestrator.lambda$execute$0(EngineExecutionOrchestrator.java:55)
	at org.junit.platform.launcher.core.EngineExecutionOrchestrator.withInterceptedStreams(EngineExecutionOrchestrator.java:102)
	at org.junit.platform.launcher.core.EngineExecutionOrchestrator.execute(EngineExecutionOrchestrator.java:54)
	at org.junit.platform.launcher.core.DefaultLauncher.execute(DefaultLauncher.java:114)
	at org.junit.platform.launcher.core.DefaultLauncher.execute(DefaultLauncher.java:86)
	at org.junit.platform.launcher.core.DefaultLauncherSession$DelegatingLauncher.execute(DefaultLauncherSession.java:86)
	at org.junit.platform.launcher.core.SessionPerRequestLauncher.execute(SessionPerRequestLauncher.java:53)
	at com.intellij.junit5.JUnit5IdeaTestRunner.startRunnerWithArgs(JUnit5IdeaTestRunner.java:57)
	at com.intellij.rt.junit.IdeaTestRunner$Repeater$1.execute(IdeaTestRunner.java:38)
	at com.intellij.rt.execution.junit.TestsRepeater.repeat(TestsRepeater.java:11)
	at com.intellij.rt.junit.IdeaTestRunner$Repeater.startRunnerWithArgs(IdeaTestRunner.java:35)
	at com.intellij.rt.junit.JUnitStarter.prepareStreamsAndStart(JUnitStarter.java:235)
	at com.intellij.rt.junit.JUnitStarter.main(JUnitStarter.java:54)
439 [main] DEBUG i.n.u.internal.PlatformDependent0 - java.nio.Bits.unaligned: available, true
439 [main] DEBUG i.n.u.internal.PlatformDependent0 - jdk.internal.misc.Unsafe.allocateUninitializedArray(int): unavailable
java.lang.IllegalAccessException: class io.netty.util.internal.PlatformDependent0$7 cannot access class jdk.internal.misc.Unsafe (in module java.base) because module java.base does not export jdk.internal.misc to unnamed module @72d818d1
	at java.base/jdk.internal.reflect.Reflection.newIllegalAccessException(Reflection.java:392)
	at java.base/java.lang.reflect.AccessibleObject.checkAccess(AccessibleObject.java:674)
	at java.base/java.lang.reflect.Method.invoke(Method.java:560)
	at io.netty.util.internal.PlatformDependent0$7.run(PlatformDependent0.java:410)
	at java.base/java.security.AccessController.doPrivileged(AccessController.java:318)
	at io.netty.util.internal.PlatformDependent0.<clinit>(PlatformDependent0.java:401)
	at io.netty.util.internal.PlatformDependent.isAndroid(PlatformDependent.java:333)
	at io.netty.util.internal.PlatformDependent.<clinit>(PlatformDependent.java:88)
	at io.netty.util.HashedWheelTimer.<init>(HashedWheelTimer.java:114)
	at io.netty.util.HashedWheelTimer.<init>(HashedWheelTimer.java:251)
	at io.netty.util.HashedWheelTimer.<init>(HashedWheelTimer.java:224)
	at io.netty.util.HashedWheelTimer.<init>(HashedWheelTimer.java:203)
	at org.asynchttpclient.DefaultAsyncHttpClient.newNettyTimer(DefaultAsyncHttpClient.java:111)
	at org.asynchttpclient.DefaultAsyncHttpClient.<init>(DefaultAsyncHttpClient.java:90)
	at org.asynchttpclient.Dsl.asyncHttpClient(Dsl.java:32)
	at org.openqa.selenium.remote.http.netty.NettyClient.createHttpClient(NettyClient.java:94)
	at org.openqa.selenium.remote.http.netty.NettyClient.<clinit>(NettyClient.java:47)
	at org.openqa.selenium.remote.http.netty.NettyClient$Factory.createClient(NettyClient.java:135)
	at org.openqa.selenium.remote.HttpCommandExecutor.<init>(HttpCommandExecutor.java:107)
	at org.openqa.selenium.remote.HttpCommandExecutor.<init>(HttpCommandExecutor.java:94)
	at org.openqa.selenium.remote.HttpCommandExecutor.<init>(HttpCommandExecutor.java:85)
	at org.openqa.selenium.remote.service.DriverCommandExecutor.<init>(DriverCommandExecutor.java:80)
	at org.openqa.selenium.chromium.ChromiumDriverCommandExecutor.<init>(ChromiumDriverCommandExecutor.java:35)
	at org.openqa.selenium.chrome.ChromeDriver$ChromeDriverCommandExecutor.<init>(ChromeDriver.java:94)
	at org.openqa.selenium.chrome.ChromeDriver.<init>(ChromeDriver.java:82)
	at org.openqa.selenium.chrome.ChromeDriver.<init>(ChromeDriver.java:71)
	at configuration.BrowserEnvironment.getDriver(BrowserEnvironment.java:43)
	at JUnit.BaseTest.setup(BaseTest.java:21)
	at java.base/jdk.internal.reflect.NativeMethodAccessorImpl.invoke0(Native Method)
	at java.base/jdk.internal.reflect.NativeMethodAccessorImpl.invoke(NativeMethodAccessorImpl.java:77)
	at java.base/jdk.internal.reflect.DelegatingMethodAccessorImpl.invoke(DelegatingMethodAccessorImpl.java:43)
	at java.base/java.lang.reflect.Method.invoke(Method.java:568)
	at org.junit.platform.commons.util.ReflectionUtils.invokeMethod(ReflectionUtils.java:727)
	at org.junit.jupiter.engine.execution.MethodInvocation.proceed(MethodInvocation.java:60)
	at org.junit.jupiter.engine.execution.InvocationInterceptorChain$ValidatingInvocation.proceed(InvocationInterceptorChain.java:131)
	at org.junit.jupiter.engine.extension.TimeoutExtension.intercept(TimeoutExtension.java:156)
	at org.junit.jupiter.engine.extension.TimeoutExtension.interceptLifecycleMethod(TimeoutExtension.java:128)
	at org.junit.jupiter.engine.extension.TimeoutExtension.interceptBeforeAllMethod(TimeoutExtension.java:70)
	at org.junit.jupiter.engine.execution.InterceptingExecutableInvoker$ReflectiveInterceptorCall.lambda$ofVoidMethod$0(InterceptingExecutableInvoker.java:103)
	at org.junit.jupiter.engine.execution.InterceptingExecutableInvoker.lambda$invoke$0(InterceptingExecutableInvoker.java:93)
	at org.junit.jupiter.engine.execution.InvocationInterceptorChain$InterceptedInvocation.proceed(InvocationInterceptorChain.java:106)
	at org.junit.jupiter.engine.execution.InvocationInterceptorChain.proceed(InvocationInterceptorChain.java:64)
	at org.junit.jupiter.engine.execution.InvocationInterceptorChain.chainAndInvoke(InvocationInterceptorChain.java:45)
	at org.junit.jupiter.engine.execution.InvocationInterceptorChain.invoke(InvocationInterceptorChain.java:37)
	at org.junit.jupiter.engine.execution.InterceptingExecutableInvoker.invoke(InterceptingExecutableInvoker.java:92)
	at org.junit.jupiter.engine.execution.InterceptingExecutableInvoker.invoke(InterceptingExecutableInvoker.java:86)
	at org.junit.jupiter.engine.descriptor.ClassBasedTestDescriptor.lambda$invokeBeforeAllMethods$13(ClassBasedTestDescriptor.java:411)
	at org.junit.platform.engine.support.hierarchical.ThrowableCollector.execute(ThrowableCollector.java:73)
	at org.junit.jupiter.engine.descriptor.ClassBasedTestDescriptor.invokeBeforeAllMethods(ClassBasedTestDescriptor.java:409)
	at org.junit.jupiter.engine.descriptor.ClassBasedTestDescriptor.before(ClassBasedTestDescriptor.java:215)
	at org.junit.jupiter.engine.descriptor.ClassBasedTestDescriptor.before(ClassBasedTestDescriptor.java:84)
	at org.junit.platform.engine.support.hierarchical.NodeTestTask.lambda$executeRecursively$6(NodeTestTask.java:148)
	at org.junit.platform.engine.support.hierarchical.ThrowableCollector.execute(ThrowableCollector.java:73)
	at org.junit.platform.engine.support.hierarchical.NodeTestTask.lambda$executeRecursively$8(NodeTestTask.java:141)
	at org.junit.platform.engine.support.hierarchical.Node.around(Node.java:137)
	at org.junit.platform.engine.support.hierarchical.NodeTestTask.lambda$executeRecursively$9(NodeTestTask.java:139)
	at org.junit.platform.engine.support.hierarchical.ThrowableCollector.execute(ThrowableCollector.java:73)
	at org.junit.platform.engine.support.hierarchical.NodeTestTask.executeRecursively(NodeTestTask.java:138)
	at org.junit.platform.engine.support.hierarchical.NodeTestTask.execute(NodeTestTask.java:95)
	at java.base/java.util.ArrayList.forEach(ArrayList.java:1511)
	at org.junit.platform.engine.support.hierarchical.SameThreadHierarchicalTestExecutorService.invokeAll(SameThreadHierarchicalTestExecutorService.java:41)
	at org.junit.platform.engine.support.hierarchical.NodeTestTask.lambda$executeRecursively$6(NodeTestTask.java:155)
	at org.junit.platform.engine.support.hierarchical.ThrowableCollector.execute(ThrowableCollector.java:73)
	at org.junit.platform.engine.support.hierarchical.NodeTestTask.lambda$executeRecursively$8(NodeTestTask.java:141)
	at org.junit.platform.engine.support.hierarchical.Node.around(Node.java:137)
	at org.junit.platform.engine.support.hierarchical.NodeTestTask.lambda$executeRecursively$9(NodeTestTask.java:139)
	at org.junit.platform.engine.support.hierarchical.ThrowableCollector.execute(ThrowableCollector.java:73)
	at org.junit.platform.engine.support.hierarchical.NodeTestTask.executeRecursively(NodeTestTask.java:138)
	at org.junit.platform.engine.support.hierarchical.NodeTestTask.execute(NodeTestTask.java:95)
	at org.junit.platform.engine.support.hierarchical.SameThreadHierarchicalTestExecutorService.submit(SameThreadHierarchicalTestExecutorService.java:35)
	at org.junit.platform.engine.support.hierarchical.HierarchicalTestExecutor.execute(HierarchicalTestExecutor.java:57)
	at org.junit.platform.engine.support.hierarchical.HierarchicalTestEngine.execute(HierarchicalTestEngine.java:54)
	at org.junit.platform.launcher.core.EngineExecutionOrchestrator.execute(EngineExecutionOrchestrator.java:147)
	at org.junit.platform.launcher.core.EngineExecutionOrchestrator.execute(EngineExecutionOrchestrator.java:127)
	at org.junit.platform.launcher.core.EngineExecutionOrchestrator.execute(EngineExecutionOrchestrator.java:90)
	at org.junit.platform.launcher.core.EngineExecutionOrchestrator.lambda$execute$0(EngineExecutionOrchestrator.java:55)
	at org.junit.platform.launcher.core.EngineExecutionOrchestrator.withInterceptedStreams(EngineExecutionOrchestrator.java:102)
	at org.junit.platform.launcher.core.EngineExecutionOrchestrator.execute(EngineExecutionOrchestrator.java:54)
	at org.junit.platform.launcher.core.DefaultLauncher.execute(DefaultLauncher.java:114)
	at org.junit.platform.launcher.core.DefaultLauncher.execute(DefaultLauncher.java:86)
	at org.junit.platform.launcher.core.DefaultLauncherSession$DelegatingLauncher.execute(DefaultLauncherSession.java:86)
	at org.junit.platform.launcher.core.SessionPerRequestLauncher.execute(SessionPerRequestLauncher.java:53)
	at com.intellij.junit5.JUnit5IdeaTestRunner.startRunnerWithArgs(JUnit5IdeaTestRunner.java:57)
	at com.intellij.rt.junit.IdeaTestRunner$Repeater$1.execute(IdeaTestRunner.java:38)
	at com.intellij.rt.execution.junit.TestsRepeater.repeat(TestsRepeater.java:11)
	at com.intellij.rt.junit.IdeaTestRunner$Repeater.startRunnerWithArgs(IdeaTestRunner.java:35)
	at com.intellij.rt.junit.JUnitStarter.prepareStreamsAndStart(JUnitStarter.java:235)
	at com.intellij.rt.junit.JUnitStarter.main(JUnitStarter.java:54)
441 [main] DEBUG i.n.u.internal.PlatformDependent0 - java.nio.DirectByteBuffer.<init>(long, int): unavailable
441 [main] DEBUG i.n.util.internal.PlatformDependent - sun.misc.Unsafe: available
445 [main] DEBUG i.n.util.internal.PlatformDependent - maxDirectMemory: 12809404416 bytes (maybe)
446 [main] DEBUG i.n.util.internal.PlatformDependent - -Dio.netty.tmpdir: C:\Users\DOKNIN~1\AppData\Local\Temp (java.io.tmpdir)
446 [main] DEBUG i.n.util.internal.PlatformDependent - -Dio.netty.bitMode: 64 (sun.arch.data.model)
446 [main] DEBUG i.n.util.internal.PlatformDependent - Platform: Windows
447 [main] DEBUG i.n.util.internal.PlatformDependent - -Dio.netty.maxDirectMemory: -1 bytes
447 [main] DEBUG i.n.util.internal.PlatformDependent - -Dio.netty.uninitializedArrayAllocationThreshold: -1
447 [main] DEBUG i.netty.util.internal.CleanerJava9 - java.nio.ByteBuffer.cleaner(): available
447 [main] DEBUG i.n.util.internal.PlatformDependent - -Dio.netty.noPreferDirect: false
452 [main] DEBUG i.n.util.internal.PlatformDependent - org.jctools-core.MpscChunkedArrayQueue: available
464 [main] DEBUG i.n.u.i.InternalThreadLocalMap - -Dio.netty.threadLocalMap.stringBuilder.initialSize: 1024
464 [main] DEBUG i.n.u.i.InternalThreadLocalMap - -Dio.netty.threadLocalMap.stringBuilder.maxSize: 4096
488 [main] DEBUG io.netty.handler.ssl.JdkSslContext - Default protocols (JDK): [TLSv1.3, TLSv1.2] 
488 [main] DEBUG io.netty.handler.ssl.JdkSslContext - Default cipher suites (JDK): [TLS_ECDHE_ECDSA_WITH_AES_256_GCM_SHA384, TLS_ECDHE_ECDSA_WITH_AES_128_GCM_SHA256, TLS_ECDHE_RSA_WITH_AES_128_GCM_SHA256, TLS_ECDHE_RSA_WITH_AES_256_GCM_SHA384, TLS_ECDHE_RSA_WITH_AES_128_CBC_SHA, TLS_ECDHE_RSA_WITH_AES_256_CBC_SHA, TLS_RSA_WITH_AES_128_GCM_SHA256, TLS_RSA_WITH_AES_128_CBC_SHA, TLS_RSA_WITH_AES_256_CBC_SHA, TLS_AES_128_GCM_SHA256, TLS_AES_256_GCM_SHA384]
503 [main] DEBUG i.n.c.MultithreadEventLoopGroup - -Dio.netty.eventLoopThreads: 40
508 [main] DEBUG io.netty.channel.nio.NioEventLoop - -Dio.netty.noKeySetOptimization: false
509 [main] DEBUG io.netty.channel.nio.NioEventLoop - -Dio.netty.selectorAutoRebuildThreshold: 512
515 [main] TRACE io.netty.channel.nio.NioEventLoop - instrumented a special java.util.Set into: sun.nio.ch.WEPollSelectorImpl@7e31ce0f
516 [main] TRACE io.netty.channel.nio.NioEventLoop - instrumented a special java.util.Set into: sun.nio.ch.WEPollSelectorImpl@6813a331
517 [main] TRACE io.netty.channel.nio.NioEventLoop - instrumented a special java.util.Set into: sun.nio.ch.WEPollSelectorImpl@1bd81830
517 [main] TRACE io.netty.channel.nio.NioEventLoop - instrumented a special java.util.Set into: sun.nio.ch.WEPollSelectorImpl@39ab59f8
518 [main] TRACE io.netty.channel.nio.NioEventLoop - instrumented a special java.util.Set into: sun.nio.ch.WEPollSelectorImpl@64e92d61
519 [main] TRACE io.netty.channel.nio.NioEventLoop - instrumented a special java.util.Set into: sun.nio.ch.WEPollSelectorImpl@111610e6
520 [main] TRACE io.netty.channel.nio.NioEventLoop - instrumented a special java.util.Set into: sun.nio.ch.WEPollSelectorImpl@4ad4936c
520 [main] TRACE io.netty.channel.nio.NioEventLoop - instrumented a special java.util.Set into: sun.nio.ch.WEPollSelectorImpl@29d37757
521 [main] TRACE io.netty.channel.nio.NioEventLoop - instrumented a special java.util.Set into: sun.nio.ch.WEPollSelectorImpl@4fcc529
522 [main] TRACE io.netty.channel.nio.NioEventLoop - instrumented a special java.util.Set into: sun.nio.ch.WEPollSelectorImpl@25cc7470
522 [main] TRACE io.netty.channel.nio.NioEventLoop - instrumented a special java.util.Set into: sun.nio.ch.WEPollSelectorImpl@4beddc56
523 [main] TRACE io.netty.channel.nio.NioEventLoop - instrumented a special java.util.Set into: sun.nio.ch.WEPollSelectorImpl@79b663b3
524 [main] TRACE io.netty.channel.nio.NioEventLoop - instrumented a special java.util.Set into: sun.nio.ch.WEPollSelectorImpl@1b812421
525 [main] TRACE io.netty.channel.nio.NioEventLoop - instrumented a special java.util.Set into: sun.nio.ch.WEPollSelectorImpl@5d28bcd5
525 [main] TRACE io.netty.channel.nio.NioEventLoop - instrumented a special java.util.Set into: sun.nio.ch.WEPollSelectorImpl@7882c44a
526 [main] TRACE io.netty.channel.nio.NioEventLoop - instrumented a special java.util.Set into: sun.nio.ch.WEPollSelectorImpl@32639b12
527 [main] TRACE io.netty.channel.nio.NioEventLoop - instrumented a special java.util.Set into: sun.nio.ch.WEPollSelectorImpl@20d11153
527 [main] TRACE io.netty.channel.nio.NioEventLoop - instrumented a special java.util.Set into: sun.nio.ch.WEPollSelectorImpl@3887cf88
528 [main] TRACE io.netty.channel.nio.NioEventLoop - instrumented a special java.util.Set into: sun.nio.ch.WEPollSelectorImpl@5649ec46
529 [main] TRACE io.netty.channel.nio.NioEventLoop - instrumented a special java.util.Set into: sun.nio.ch.WEPollSelectorImpl@78dc4696
529 [main] TRACE io.netty.channel.nio.NioEventLoop - instrumented a special java.util.Set into: sun.nio.ch.WEPollSelectorImpl@502f8b57
530 [main] TRACE io.netty.channel.nio.NioEventLoop - instrumented a special java.util.Set into: sun.nio.ch.WEPollSelectorImpl@5652f555
530 [main] TRACE io.netty.channel.nio.NioEventLoop - instrumented a special java.util.Set into: sun.nio.ch.WEPollSelectorImpl@4fe01805
531 [main] TRACE io.netty.channel.nio.NioEventLoop - instrumented a special java.util.Set into: sun.nio.ch.WEPollSelectorImpl@55120f99
532 [main] TRACE io.netty.channel.nio.NioEventLoop - instrumented a special java.util.Set into: sun.nio.ch.WEPollSelectorImpl@794b435f
532 [main] TRACE io.netty.channel.nio.NioEventLoop - instrumented a special java.util.Set into: sun.nio.ch.WEPollSelectorImpl@38f2e97e
533 [main] TRACE io.netty.channel.nio.NioEventLoop - instrumented a special java.util.Set into: sun.nio.ch.WEPollSelectorImpl@779dfe55
534 [main] TRACE io.netty.channel.nio.NioEventLoop - instrumented a special java.util.Set into: sun.nio.ch.WEPollSelectorImpl@323659f8
534 [main] TRACE io.netty.channel.nio.NioEventLoop - instrumented a special java.util.Set into: sun.nio.ch.WEPollSelectorImpl@1144a55a
535 [main] TRACE io.netty.channel.nio.NioEventLoop - instrumented a special java.util.Set into: sun.nio.ch.WEPollSelectorImpl@3e521715
535 [main] TRACE io.netty.channel.nio.NioEventLoop - instrumented a special java.util.Set into: sun.nio.ch.WEPollSelectorImpl@26a529dc
536 [main] TRACE io.netty.channel.nio.NioEventLoop - instrumented a special java.util.Set into: sun.nio.ch.WEPollSelectorImpl@265c5d69
537 [main] TRACE io.netty.channel.nio.NioEventLoop - instrumented a special java.util.Set into: sun.nio.ch.WEPollSelectorImpl@1286528d
537 [main] TRACE io.netty.channel.nio.NioEventLoop - instrumented a special java.util.Set into: sun.nio.ch.WEPollSelectorImpl@3cc20577
538 [main] TRACE io.netty.channel.nio.NioEventLoop - instrumented a special java.util.Set into: sun.nio.ch.WEPollSelectorImpl@33a630fa
539 [main] TRACE io.netty.channel.nio.NioEventLoop - instrumented a special java.util.Set into: sun.nio.ch.WEPollSelectorImpl@775594f2
540 [main] TRACE io.netty.channel.nio.NioEventLoop - instrumented a special java.util.Set into: sun.nio.ch.WEPollSelectorImpl@5767b2af
540 [main] TRACE io.netty.channel.nio.NioEventLoop - instrumented a special java.util.Set into: sun.nio.ch.WEPollSelectorImpl@7b22ec89
541 [main] TRACE io.netty.channel.nio.NioEventLoop - instrumented a special java.util.Set into: sun.nio.ch.WEPollSelectorImpl@790132f7
541 [main] TRACE io.netty.channel.nio.NioEventLoop - instrumented a special java.util.Set into: sun.nio.ch.WEPollSelectorImpl@2228db21
552 [main] DEBUG i.n.buffer.PooledByteBufAllocator - -Dio.netty.allocator.numHeapArenas: 40
553 [main] DEBUG i.n.buffer.PooledByteBufAllocator - -Dio.netty.allocator.numDirectArenas: 40
553 [main] DEBUG i.n.buffer.PooledByteBufAllocator - -Dio.netty.allocator.pageSize: 8192
553 [main] DEBUG i.n.buffer.PooledByteBufAllocator - -Dio.netty.allocator.maxOrder: 9
553 [main] DEBUG i.n.buffer.PooledByteBufAllocator - -Dio.netty.allocator.chunkSize: 4194304
553 [main] DEBUG i.n.buffer.PooledByteBufAllocator - -Dio.netty.allocator.smallCacheSize: 256
553 [main] DEBUG i.n.buffer.PooledByteBufAllocator - -Dio.netty.allocator.normalCacheSize: 64
553 [main] DEBUG i.n.buffer.PooledByteBufAllocator - -Dio.netty.allocator.maxCachedBufferCapacity: 32768
553 [main] DEBUG i.n.buffer.PooledByteBufAllocator - -Dio.netty.allocator.cacheTrimInterval: 8192
553 [main] DEBUG i.n.buffer.PooledByteBufAllocator - -Dio.netty.allocator.cacheTrimIntervalMillis: 0
553 [main] DEBUG i.n.buffer.PooledByteBufAllocator - -Dio.netty.allocator.useCacheForAllThreads: false
553 [main] DEBUG i.n.buffer.PooledByteBufAllocator - -Dio.netty.allocator.maxCachedByteBuffersPerChunk: 1023
560 [main] DEBUG io.netty.buffer.ByteBufUtil - -Dio.netty.allocator.type: pooled
560 [main] DEBUG io.netty.buffer.ByteBufUtil - -Dio.netty.threadLocalDirectBufferSize: 0
560 [main] DEBUG io.netty.buffer.ByteBufUtil - -Dio.netty.maxThreadLocalCharBufferSize: 16384
751 [Forwarding newSession on session null to remote] DEBUG io.netty.channel.DefaultChannelId - -Dio.netty.processId: 4836 (auto-detected)
752 [Forwarding newSession on session null to remote] DEBUG io.netty.util.NetUtil - -Djava.net.preferIPv4Stack: false
753 [Forwarding newSession on session null to remote] DEBUG io.netty.util.NetUtil - -Djava.net.preferIPv6Addresses: false
757 [Forwarding newSession on session null to remote] DEBUG i.netty.util.NetUtilInitializations - Loopback interface: lo (Software Loopback Interface 1, 127.0.0.1)
757 [Forwarding newSession on session null to remote] DEBUG io.netty.util.NetUtil - Failed to get SOMAXCONN from sysctl and file \proc\sys\net\core\somaxconn. Default: 200
765 [Forwarding newSession on session null to remote] DEBUG io.netty.channel.DefaultChannelId - -Dio.netty.machineId: 74:04:f1:ff:fe:45:0f:60 (auto-detected)
789 [AsyncHttpClient-1-2] DEBUG io.netty.buffer.AbstractByteBuf - -Dio.netty.buffer.checkAccessible: true
789 [AsyncHttpClient-1-2] DEBUG io.netty.buffer.AbstractByteBuf - -Dio.netty.buffer.checkBounds: true
789 [AsyncHttpClient-1-2] DEBUG i.n.u.ResourceLeakDetectorFactory - Loaded default ResourceLeakDetector: io.netty.util.ResourceLeakDetector@27e1465e
795 [AsyncHttpClient-1-2] TRACE i.n.handler.logging.LoggingHandler - [id: 0x0c45595b] REGISTERED
795 [AsyncHttpClient-1-2] TRACE i.n.handler.logging.LoggingHandler - [id: 0x0c45595b] CONNECT: localhost/127.0.0.1:28218
797 [AsyncHttpClient-1-2] DEBUG o.a.n.channel.NettyConnectListener - Using new Channel '[id: 0x0c45595b, L:/127.0.0.1:53061 - R:localhost/127.0.0.1:28218]' for 'POST' to '/session'
802 [AsyncHttpClient-1-2] DEBUG io.netty.util.Recycler - -Dio.netty.recycler.maxCapacityPerThread: 4096
802 [AsyncHttpClient-1-2] DEBUG io.netty.util.Recycler - -Dio.netty.recycler.ratio: 8
802 [AsyncHttpClient-1-2] DEBUG io.netty.util.Recycler - -Dio.netty.recycler.chunkSize: 32
802 [AsyncHttpClient-1-2] DEBUG io.netty.util.Recycler - -Dio.netty.recycler.blocking: false
807 [AsyncHttpClient-1-2] TRACE i.n.handler.logging.LoggingHandler - [id: 0x0c45595b, L:/127.0.0.1:53061 - R:localhost/127.0.0.1:28218] WRITE: 173B
         +-------------------------------------------------+
         |  0  1  2  3  4  5  6  7  8  9  a  b  c  d  e  f |
+--------+-------------------------------------------------+----------------+
|00000000| 50 4f 53 54 20 2f 73 65 73 73 69 6f 6e 20 48 54 |POST /session HT|
|00000010| 54 50 2f 31 2e 31 0d 0a 55 73 65 72 2d 41 67 65 |TP/1.1..User-Age|
|00000020| 6e 74 3a 20 73 65 6c 65 6e 69 75 6d 2f 34 2e 38 |nt: selenium/4.8|
|00000030| 2e 31 20 28 6a 61 76 61 20 77 69 6e 64 6f 77 73 |.1 (java windows|
|00000040| 29 0d 0a 43 6f 6e 74 65 6e 74 2d 4c 65 6e 67 74 |)..Content-Lengt|
|00000050| 68 3a 20 34 39 37 0d 0a 43 6f 6e 74 65 6e 74 2d |h: 497..Content-|
|00000060| 54 79 70 65 3a 20 61 70 70 6c 69 63 61 74 69 6f |Type: applicatio|
|00000070| 6e 2f 6a 73 6f 6e 3b 20 63 68 61 72 73 65 74 3d |n/json; charset=|
|00000080| 75 74 66 2d 38 0d 0a 68 6f 73 74 3a 20 6c 6f 63 |utf-8..host: loc|
|00000090| 61 6c 68 6f 73 74 3a 32 38 32 31 38 0d 0a 61 63 |alhost:28218..ac|
|000000a0| 63 65 70 74 3a 20 2a 2f 2a 0d 0a 0d 0a          |cept: */*....   |
+--------+-------------------------------------------------+----------------+
810 [AsyncHttpClient-1-2] TRACE i.n.handler.logging.LoggingHandler - [id: 0x0c45595b, L:/127.0.0.1:53061 - R:localhost/127.0.0.1:28218] WRITE: 497B
         +-------------------------------------------------+
         |  0  1  2  3  4  5  6  7  8  9  a  b  c  d  e  f |
+--------+-------------------------------------------------+----------------+
|00000000| 7b 0a 20 20 22 64 65 73 69 72 65 64 43 61 70 61 |{.  "desiredCapa|
|00000010| 62 69 6c 69 74 69 65 73 22 3a 20 7b 0a 20 20 20 |bilities": {.   |
|00000020| 20 22 62 72 6f 77 73 65 72 4e 61 6d 65 22 3a 20 | "browserName": |
|00000030| 22 63 68 72 6f 6d 65 22 2c 0a 20 20 20 20 22 67 |"chrome",.    "g|
|00000040| 6f 6f 67 3a 63 68 72 6f 6d 65 4f 70 74 69 6f 6e |oog:chromeOption|
|00000050| 73 22 3a 20 7b 0a 20 20 20 20 20 20 22 61 72 67 |s": {.      "arg|
|00000060| 73 22 3a 20 5b 0a 20 20 20 20 20 20 20 20 22 73 |s": [.        "s|
|00000070| 74 61 72 74 2d 6d 61 78 69 6d 69 7a 65 64 22 2c |tart-maximized",|
|00000080| 0a 20 20 20 20 20 20 20 20 22 2d 2d 72 65 6d 6f |.        "--remo|
|00000090| 74 65 2d 61 6c 6c 6f 77 2d 6f 72 69 67 69 6e 73 |te-allow-origins|
|000000a0| 3d 2a 22 0a 20 20 20 20 20 20 5d 2c 0a 20 20 20 |=*".      ],.   |
|000000b0| 20 20 20 22 65 78 74 65 6e 73 69 6f 6e 73 22 3a |   "extensions":|
|000000c0| 20 5b 0a 20 20 20 20 20 20 5d 0a 20 20 20 20 7d | [.      ].    }|
|000000d0| 0a 20 20 7d 2c 0a 20 20 22 63 61 70 61 62 69 6c |.  },.  "capabil|
|000000e0| 69 74 69 65 73 22 3a 20 7b 0a 20 20 20 20 22 66 |ities": {.    "f|
|000000f0| 69 72 73 74 4d 61 74 63 68 22 3a 20 5b 0a 20 20 |irstMatch": [.  |
|00000100| 20 20 20 20 7b 0a 20 20 20 20 20 20 20 20 22 62 |    {.        "b|
|00000110| 72 6f 77 73 65 72 4e 61 6d 65 22 3a 20 22 63 68 |rowserName": "ch|
|00000120| 72 6f 6d 65 22 2c 0a 20 20 20 20 20 20 20 20 22 |rome",.        "|
|00000130| 67 6f 6f 67 3a 63 68 72 6f 6d 65 4f 70 74 69 6f |goog:chromeOptio|
|00000140| 6e 73 22 3a 20 7b 0a 20 20 20 20 20 20 20 20 20 |ns": {.         |
|00000150| 20 22 61 72 67 73 22 3a 20 5b 0a 20 20 20 20 20 | "args": [.     |
|00000160| 20 20 20 20 20 20 20 22 73 74 61 72 74 2d 6d 61 |       "start-ma|
|00000170| 78 69 6d 69 7a 65 64 22 2c 0a 20 20 20 20 20 20 |ximized",.      |
|00000180| 20 20 20 20 20 20 22 2d 2d 72 65 6d 6f 74 65 2d |      "--remote-|
|00000190| 61 6c 6c 6f 77 2d 6f 72 69 67 69 6e 73 3d 2a 22 |allow-origins=*"|
|000001a0| 0a 20 20 20 20 20 20 20 20 20 20 5d 2c 0a 20 20 |.          ],.  |
|000001b0| 20 20 20 20 20 20 20 20 22 65 78 74 65 6e 73 69 |        "extensi|
|000001c0| 6f 6e 73 22 3a 20 5b 0a 20 20 20 20 20 20 20 20 |ons": [.        |
|000001d0| 20 20 5d 0a 20 20 20 20 20 20 20 20 7d 0a 20 20 |  ].        }.  |
|000001e0| 20 20 20 20 7d 0a 20 20 20 20 5d 0a 20 20 7d 0a |    }.    ].  }.|
|000001f0| 7d                                              |}               |
+--------+-------------------------------------------------+----------------+
811 [AsyncHttpClient-1-2] TRACE i.n.handler.logging.LoggingHandler - [id: 0x0c45595b, L:/127.0.0.1:53061 - R:localhost/127.0.0.1:28218] FLUSH
812 [AsyncHttpClient-1-2] TRACE i.n.handler.logging.LoggingHandler - [id: 0x0c45595b, L:/127.0.0.1:53061 - R:localhost/127.0.0.1:28218] WRITE: 0B
813 [AsyncHttpClient-1-2] TRACE i.n.handler.logging.LoggingHandler - [id: 0x0c45595b, L:/127.0.0.1:53061 - R:localhost/127.0.0.1:28218] FLUSH
813 [AsyncHttpClient-1-2] TRACE i.n.handler.logging.LoggingHandler - [id: 0x0c45595b, L:/127.0.0.1:53061 - R:localhost/127.0.0.1:28218] ACTIVE
1280 [AsyncHttpClient-1-2] TRACE i.n.handler.logging.LoggingHandler - [id: 0x0c45595b, L:/127.0.0.1:53061 - R:localhost/127.0.0.1:28218] READ: 972B
         +-------------------------------------------------+
         |  0  1  2  3  4  5  6  7  8  9  a  b  c  d  e  f |
+--------+-------------------------------------------------+----------------+
|00000000| 48 54 54 50 2f 31 2e 31 20 32 30 30 20 4f 4b 0d |HTTP/1.1 200 OK.|
|00000010| 0a 43 6f 6e 74 65 6e 74 2d 4c 65 6e 67 74 68 3a |.Content-Length:|
|00000020| 38 36 33 0d 0a 43 6f 6e 74 65 6e 74 2d 54 79 70 |863..Content-Typ|
|00000030| 65 3a 61 70 70 6c 69 63 61 74 69 6f 6e 2f 6a 73 |e:application/js|
|00000040| 6f 6e 3b 20 63 68 61 72 73 65 74 3d 75 74 66 2d |on; charset=utf-|
|00000050| 38 0d 0a 63 61 63 68 65 2d 63 6f 6e 74 72 6f 6c |8..cache-control|
|00000060| 3a 6e 6f 2d 63 61 63 68 65 0d 0a 0d 0a 7b 22 76 |:no-cache....{"v|
|00000070| 61 6c 75 65 22 3a 7b 22 63 61 70 61 62 69 6c 69 |alue":{"capabili|
|00000080| 74 69 65 73 22 3a 7b 22 61 63 63 65 70 74 49 6e |ties":{"acceptIn|
|00000090| 73 65 63 75 72 65 43 65 72 74 73 22 3a 66 61 6c |secureCerts":fal|
|000000a0| 73 65 2c 22 62 72 6f 77 73 65 72 4e 61 6d 65 22 |se,"browserName"|
|000000b0| 3a 22 63 68 72 6f 6d 65 22 2c 22 62 72 6f 77 73 |:"chrome","brows|
|000000c0| 65 72 56 65 72 73 69 6f 6e 22 3a 22 31 31 31 2e |erVersion":"111.|
|000000d0| 30 2e 35 35 36 33 2e 31 31 31 22 2c 22 63 68 72 |0.5563.111","chr|
|000000e0| 6f 6d 65 22 3a 7b 22 63 68 72 6f 6d 65 64 72 69 |ome":{"chromedri|
|000000f0| 76 65 72 56 65 72 73 69 6f 6e 22 3a 22 31 31 31 |verVersion":"111|
|00000100| 2e 30 2e 35 35 36 33 2e 36 34 20 28 63 37 31 30 |.0.5563.64 (c710|
|00000110| 65 39 33 64 35 62 36 33 62 37 30 39 35 61 66 65 |e93d5b63b7095afe|
|00000120| 38 63 32 63 31 37 64 66 33 34 34 30 38 30 37 38 |8c2c17df34408078|
|00000130| 34 33 39 64 2d 72 65 66 73 2f 62 72 61 6e 63 68 |439d-refs/branch|
|00000140| 2d 68 65 61 64 73 2f 35 35 36 33 40 7b 23 39 39 |-heads/5563@{#99|
|00000150| 35 7d 29 22 2c 22 75 73 65 72 44 61 74 61 44 69 |5})","userDataDi|
|00000160| 72 22 3a 22 43 3a 5c 5c 55 73 65 72 73 5c 5c 44 |r":"C:\\Users\\D|
|00000170| 4f 4b 4e 49 4e 7e 31 5c 5c 41 70 70 44 61 74 61 |OKNIN~1\\AppData|
|00000180| 5c 5c 4c 6f 63 61 6c 5c 5c 54 65 6d 70 5c 5c 73 |\\Local\\Temp\\s|
|00000190| 63 6f 70 65 64 5f 64 69 72 31 36 33 32 30 5f 31 |coped_dir16320_1|
|000001a0| 33 39 33 39 38 38 35 34 33 22 7d 2c 22 67 6f 6f |393988543"},"goo|
|000001b0| 67 3a 63 68 72 6f 6d 65 4f 70 74 69 6f 6e 73 22 |g:chromeOptions"|
|000001c0| 3a 7b 22 64 65 62 75 67 67 65 72 41 64 64 72 65 |:{"debuggerAddre|
|000001d0| 73 73 22 3a 22 6c 6f 63 61 6c 68 6f 73 74 3a 35 |ss":"localhost:5|
|000001e0| 33 30 36 32 22 7d 2c 22 6e 65 74 77 6f 72 6b 43 |3062"},"networkC|
|000001f0| 6f 6e 6e 65 63 74 69 6f 6e 45 6e 61 62 6c 65 64 |onnectionEnabled|
|00000200| 22 3a 66 61 6c 73 65 2c 22 70 61 67 65 4c 6f 61 |":false,"pageLoa|
|00000210| 64 53 74 72 61 74 65 67 79 22 3a 22 6e 6f 72 6d |dStrategy":"norm|
|00000220| 61 6c 22 2c 22 70 6c 61 74 66 6f 72 6d 4e 61 6d |al","platformNam|
|00000230| 65 22 3a 22 77 69 6e 64 6f 77 73 22 2c 22 70 72 |e":"windows","pr|
|00000240| 6f 78 79 22 3a 7b 7d 2c 22 73 65 74 57 69 6e 64 |oxy":{},"setWind|
|00000250| 6f 77 52 65 63 74 22 3a 74 72 75 65 2c 22 73 74 |owRect":true,"st|
|00000260| 72 69 63 74 46 69 6c 65 49 6e 74 65 72 61 63 74 |rictFileInteract|
|00000270| 61 62 69 6c 69 74 79 22 3a 66 61 6c 73 65 2c 22 |ability":false,"|
|00000280| 74 69 6d 65 6f 75 74 73 22 3a 7b 22 69 6d 70 6c |timeouts":{"impl|
|00000290| 69 63 69 74 22 3a 30 2c 22 70 61 67 65 4c 6f 61 |icit":0,"pageLoa|
|000002a0| 64 22 3a 33 30 30 30 30 30 2c 22 73 63 72 69 70 |d":300000,"scrip|
|000002b0| 74 22 3a 33 30 30 30 30 7d 2c 22 75 6e 68 61 6e |t":30000},"unhan|
|000002c0| 64 6c 65 64 50 72 6f 6d 70 74 42 65 68 61 76 69 |dledPromptBehavi|
|000002d0| 6f 72 22 3a 22 64 69 73 6d 69 73 73 20 61 6e 64 |or":"dismiss and|
|000002e0| 20 6e 6f 74 69 66 79 22 2c 22 77 65 62 61 75 74 | notify","webaut|
|000002f0| 68 6e 3a 65 78 74 65 6e 73 69 6f 6e 3a 63 72 65 |hn:extension:cre|
|00000300| 64 42 6c 6f 62 22 3a 74 72 75 65 2c 22 77 65 62 |dBlob":true,"web|
|00000310| 61 75 74 68 6e 3a 65 78 74 65 6e 73 69 6f 6e 3a |authn:extension:|
|00000320| 6c 61 72 67 65 42 6c 6f 62 22 3a 74 72 75 65 2c |largeBlob":true,|
|00000330| 22 77 65 62 61 75 74 68 6e 3a 65 78 74 65 6e 73 |"webauthn:extens|
|00000340| 69 6f 6e 3a 6d 69 6e 50 69 6e 4c 65 6e 67 74 68 |ion:minPinLength|
|00000350| 22 3a 74 72 75 65 2c 22 77 65 62 61 75 74 68 6e |":true,"webauthn|
|00000360| 3a 65 78 74 65 6e 73 69 6f 6e 3a 70 72 66 22 3a |:extension:prf":|
|00000370| 74 72 75 65 2c 22 77 65 62 61 75 74 68 6e 3a 76 |true,"webauthn:v|
|00000380| 69 72 74 75 61 6c 41 75 74 68 65 6e 74 69 63 61 |irtualAuthentica|
|00000390| 74 6f 72 73 22 3a 74 72 75 65 7d 2c 22 73 65 73 |tors":true},"ses|
|000003a0| 73 69 6f 6e 49 64 22 3a 22 62 64 61 33 61 64 66 |sionId":"bda3adf|
|000003b0| 61 33 61 39 36 38 32 35 64 62 35 64 34 33 36 62 |a3a96825db5d436b|
|000003c0| 65 34 35 39 37 65 39 64 65 22 7d 7d             |e4597e9de"}}    |
+--------+-------------------------------------------------+----------------+
1283 [AsyncHttpClient-1-2] DEBUG i.n.h.codec.compression.Brotli - brotli4j not in the classpath; Brotli support will be unavailable.
1283 [AsyncHttpClient-1-2] DEBUG o.a.netty.handler.HttpHandler - 

Request DefaultHttpRequest(decodeResult: success, version: HTTP/1.1)
POST /session HTTP/1.1
User-Agent: selenium/4.8.1 (java windows)
Content-Length: 497
Content-Type: application/json; charset=utf-8
host: localhost:28218
accept: */*

Response DefaultHttpResponse(decodeResult: success, version: HTTP/1.1)
HTTP/1.1 200 OK
Content-Length: 863
Content-Type: application/json; charset=utf-8
cache-control: no-cache

1287 [AsyncHttpClient-1-2] DEBUG o.a.netty.channel.ChannelManager - Adding key: http://localhost:28218 for channel [id: 0x0c45595b, L:/127.0.0.1:53061 - R:localhost/127.0.0.1:28218]
1289 [AsyncHttpClient-1-2] TRACE i.n.handler.logging.LoggingHandler - [id: 0x0c45595b, L:/127.0.0.1:53061 - R:localhost/127.0.0.1:28218] READ COMPLETE
1326 [AsyncHttpClient-1-3] TRACE i.n.handler.logging.LoggingHandler - [id: 0x4691e819] REGISTERED
1326 [AsyncHttpClient-1-3] TRACE i.n.handler.logging.LoggingHandler - [id: 0x4691e819] CONNECT: localhost/127.0.0.1:53062
1327 [AsyncHttpClient-1-3] DEBUG o.a.n.channel.NettyConnectListener - Using new Channel '[id: 0x4691e819, L:/127.0.0.1:53068 - R:localhost/127.0.0.1:53062]' for 'GET' to '/json/version'
1328 [AsyncHttpClient-1-3] TRACE i.n.handler.logging.LoggingHandler - [id: 0x4691e819, L:/127.0.0.1:53068 - R:localhost/127.0.0.1:53062] WRITE: 109B
         +-------------------------------------------------+
         |  0  1  2  3  4  5  6  7  8  9  a  b  c  d  e  f |
+--------+-------------------------------------------------+----------------+
|00000000| 47 45 54 20 2f 6a 73 6f 6e 2f 76 65 72 73 69 6f |GET /json/versio|
|00000010| 6e 20 48 54 54 50 2f 31 2e 31 0d 0a 55 73 65 72 |n HTTP/1.1..User|
|00000020| 2d 41 67 65 6e 74 3a 20 73 65 6c 65 6e 69 75 6d |-Agent: selenium|
|00000030| 2f 34 2e 38 2e 31 20 28 6a 61 76 61 20 77 69 6e |/4.8.1 (java win|
|00000040| 64 6f 77 73 29 0d 0a 68 6f 73 74 3a 20 6c 6f 63 |dows)..host: loc|
|00000050| 61 6c 68 6f 73 74 3a 35 33 30 36 32 0d 0a 61 63 |alhost:53062..ac|
|00000060| 63 65 70 74 3a 20 2a 2f 2a 0d 0a 0d 0a          |cept: */*....   |
+--------+-------------------------------------------------+----------------+
1328 [AsyncHttpClient-1-3] TRACE i.n.handler.logging.LoggingHandler - [id: 0x4691e819, L:/127.0.0.1:53068 - R:localhost/127.0.0.1:53062] FLUSH
1328 [AsyncHttpClient-1-3] TRACE i.n.handler.logging.LoggingHandler - [id: 0x4691e819, L:/127.0.0.1:53068 - R:localhost/127.0.0.1:53062] ACTIVE
1329 [AsyncHttpClient-1-3] TRACE i.n.handler.logging.LoggingHandler - [id: 0x4691e819, L:/127.0.0.1:53068 - R:localhost/127.0.0.1:53062] READ: 557B
         +-------------------------------------------------+
         |  0  1  2  3  4  5  6  7  8  9  a  b  c  d  e  f |
+--------+-------------------------------------------------+----------------+
|00000000| 48 54 54 50 2f 31 2e 31 20 32 30 30 20 4f 4b 0d |HTTP/1.1 200 OK.|
|00000010| 0a 43 6f 6e 74 65 6e 74 2d 53 65 63 75 72 69 74 |.Content-Securit|
|00000020| 79 2d 50 6f 6c 69 63 79 3a 66 72 61 6d 65 2d 61 |y-Policy:frame-a|
|00000030| 6e 63 65 73 74 6f 72 73 20 27 6e 6f 6e 65 27 0d |ncestors 'none'.|
|00000040| 0a 43 6f 6e 74 65 6e 74 2d 4c 65 6e 67 74 68 3a |.Content-Length:|
|00000050| 34 32 34 0d 0a 43 6f 6e 74 65 6e 74 2d 54 79 70 |424..Content-Typ|
|00000060| 65 3a 61 70 70 6c 69 63 61 74 69 6f 6e 2f 6a 73 |e:application/js|
|00000070| 6f 6e 3b 20 63 68 61 72 73 65 74 3d 55 54 46 2d |on; charset=UTF-|
|00000080| 38 0d 0a 0d 0a 7b 0d 0a 20 20 20 22 42 72 6f 77 |8....{..   "Brow|
|00000090| 73 65 72 22 3a 20 22 43 68 72 6f 6d 65 2f 31 31 |ser": "Chrome/11|
|000000a0| 31 2e 30 2e 35 35 36 33 2e 31 31 31 22 2c 0d 0a |1.0.5563.111",..|
|000000b0| 20 20 20 22 50 72 6f 74 6f 63 6f 6c 2d 56 65 72 |   "Protocol-Ver|
|000000c0| 73 69 6f 6e 22 3a 20 22 31 2e 33 22 2c 0d 0a 20 |sion": "1.3",.. |
|000000d0| 20 20 22 55 73 65 72 2d 41 67 65 6e 74 22 3a 20 |  "User-Agent": |
|000000e0| 22 4d 6f 7a 69 6c 6c 61 2f 35 2e 30 20 28 57 69 |"Mozilla/5.0 (Wi|
|000000f0| 6e 64 6f 77 73 20 4e 54 20 31 30 2e 30 3b 20 57 |ndows NT 10.0; W|
|00000100| 69 6e 36 34 3b 20 78 36 34 29 20 41 70 70 6c 65 |in64; x64) Apple|
|00000110| 57 65 62 4b 69 74 2f 35 33 37 2e 33 36 20 28 4b |WebKit/537.36 (K|
|00000120| 48 54 4d 4c 2c 20 6c 69 6b 65 20 47 65 63 6b 6f |HTML, like Gecko|
|00000130| 29 20 43 68 72 6f 6d 65 2f 31 31 31 2e 30 2e 30 |) Chrome/111.0.0|
|00000140| 2e 30 20 53 61 66 61 72 69 2f 35 33 37 2e 33 36 |.0 Safari/537.36|
|00000150| 22 2c 0d 0a 20 20 20 22 56 38 2d 56 65 72 73 69 |",..   "V8-Versi|
|00000160| 6f 6e 22 3a 20 22 31 31 2e 31 2e 32 37 37 2e 31 |on": "11.1.277.1|
|00000170| 37 22 2c 0d 0a 20 20 20 22 57 65 62 4b 69 74 2d |7",..   "WebKit-|
|00000180| 56 65 72 73 69 6f 6e 22 3a 20 22 35 33 37 2e 33 |Version": "537.3|
|00000190| 36 20 28 40 33 64 61 33 37 35 63 39 65 39 65 35 |6 (@3da375c9e9e5|
|000001a0| 61 64 39 62 35 35 36 61 66 35 64 66 37 30 38 61 |ad9b556af5df708a|
|000001b0| 36 65 36 63 30 31 64 38 63 66 62 31 29 22 2c 0d |6e6c01d8cfb1)",.|
|000001c0| 0a 20 20 20 22 77 65 62 53 6f 63 6b 65 74 44 65 |.   "webSocketDe|
|000001d0| 62 75 67 67 65 72 55 72 6c 22 3a 20 22 77 73 3a |buggerUrl": "ws:|
|000001e0| 2f 2f 6c 6f 63 61 6c 68 6f 73 74 3a 35 33 30 36 |//localhost:5306|
|000001f0| 32 2f 64 65 76 74 6f 6f 6c 73 2f 62 72 6f 77 73 |2/devtools/brows|
|00000200| 65 72 2f 30 30 64 37 64 31 33 63 2d 31 31 36 63 |er/00d7d13c-116c|
|00000210| 2d 34 33 61 33 2d 61 38 35 61 2d 62 61 65 64 37 |-43a3-a85a-baed7|
|00000220| 62 34 65 33 37 62 66 22 0d 0a 7d 0d 0a          |b4e37bf"..}..   |
+--------+-------------------------------------------------+----------------+
1330 [AsyncHttpClient-1-3] DEBUG o.a.netty.handler.HttpHandler - 

Request DefaultFullHttpRequest(decodeResult: success, version: HTTP/1.1, content: EmptyByteBufBE)
GET /json/version HTTP/1.1
User-Agent: selenium/4.8.1 (java windows)
host: localhost:53062
accept: */*

Response DefaultHttpResponse(decodeResult: success, version: HTTP/1.1)
HTTP/1.1 200 OK
Content-Security-Policy: frame-ancestors 'none'
Content-Length: 424
Content-Type: application/json; charset=UTF-8

1330 [AsyncHttpClient-1-3] DEBUG o.a.netty.channel.ChannelManager - Adding key: http://localhost:53062 for channel [id: 0x4691e819, L:/127.0.0.1:53068 - R:localhost/127.0.0.1:53062]
1330 [AsyncHttpClient-1-3] TRACE i.n.handler.logging.LoggingHandler - [id: 0x4691e819, L:/127.0.0.1:53068 - R:localhost/127.0.0.1:53062] READ COMPLETE
1334 [main] DEBUG i.n.util.internal.ThreadLocalRandom - -Dio.netty.initialSeedUniquifier: 0x85b422e7c75caf31
1335 [AsyncHttpClient-1-4] TRACE i.n.handler.logging.LoggingHandler - [id: 0x3f229a99] REGISTERED
1335 [AsyncHttpClient-1-4] TRACE i.n.handler.logging.LoggingHandler - [id: 0x3f229a99] CONNECT: localhost/127.0.0.1:53062
1336 [AsyncHttpClient-1-4] DEBUG o.a.n.channel.NettyConnectListener - Using new Channel '[id: 0x3f229a99, L:/127.0.0.1:53069 - R:localhost/127.0.0.1:53062]' for 'GET' to '/devtools/browser/00d7d13c-116c-43a3-a85a-baed7b4e37bf'
1337 [AsyncHttpClient-1-4] TRACE i.n.handler.logging.LoggingHandler - [id: 0x3f229a99, L:/127.0.0.1:53069 - R:localhost/127.0.0.1:53062] WRITE: 273B
         +-------------------------------------------------+
         |  0  1  2  3  4  5  6  7  8  9  a  b  c  d  e  f |
+--------+-------------------------------------------------+----------------+
|00000000| 47 45 54 20 2f 64 65 76 74 6f 6f 6c 73 2f 62 72 |GET /devtools/br|
|00000010| 6f 77 73 65 72 2f 30 30 64 37 64 31 33 63 2d 31 |owser/00d7d13c-1|
|00000020| 31 36 63 2d 34 33 61 33 2d 61 38 35 61 2d 62 61 |16c-43a3-a85a-ba|
|00000030| 65 64 37 62 34 65 33 37 62 66 20 48 54 54 50 2f |ed7b4e37bf HTTP/|
|00000040| 31 2e 31 0d 0a 75 70 67 72 61 64 65 3a 20 77 65 |1.1..upgrade: we|
|00000050| 62 73 6f 63 6b 65 74 0d 0a 63 6f 6e 6e 65 63 74 |bsocket..connect|
|00000060| 69 6f 6e 3a 20 75 70 67 72 61 64 65 0d 0a 73 65 |ion: upgrade..se|
|00000070| 63 2d 77 65 62 73 6f 63 6b 65 74 2d 6b 65 79 3a |c-websocket-key:|
|00000080| 20 45 41 52 44 5a 76 64 6a 77 4d 6f 71 71 57 61 | EARDZvdjwMoqqWa|
|00000090| 35 34 73 70 69 52 77 3d 3d 0d 0a 73 65 63 2d 77 |54spiRw==..sec-w|
|000000a0| 65 62 73 6f 63 6b 65 74 2d 76 65 72 73 69 6f 6e |ebsocket-version|
|000000b0| 3a 20 31 33 0d 0a 6f 72 69 67 69 6e 3a 20 68 74 |: 13..origin: ht|
|000000c0| 74 70 3a 2f 2f 6c 6f 63 61 6c 68 6f 73 74 3a 35 |tp://localhost:5|
|000000d0| 33 30 36 32 0d 0a 68 6f 73 74 3a 20 6c 6f 63 61 |3062..host: loca|
|000000e0| 6c 68 6f 73 74 3a 35 33 30 36 32 0d 0a 61 63 63 |lhost:53062..acc|
|000000f0| 65 70 74 3a 20 2a 2f 2a 0d 0a 75 73 65 72 2d 61 |ept: */*..user-a|
|00000100| 67 65 6e 74 3a 20 41 48 43 2f 32 2e 31 0d 0a 0d |gent: AHC/2.1...|
|00000110| 0a                                              |.               |
+--------+-------------------------------------------------+----------------+
1337 [AsyncHttpClient-1-4] TRACE i.n.handler.logging.LoggingHandler - [id: 0x3f229a99, L:/127.0.0.1:53069 - R:localhost/127.0.0.1:53062] FLUSH
1337 [AsyncHttpClient-1-4] TRACE i.n.handler.logging.LoggingHandler - [id: 0x3f229a99, L:/127.0.0.1:53069 - R:localhost/127.0.0.1:53062] ACTIVE
1339 [AsyncHttpClient-1-4] TRACE i.n.handler.logging.LoggingHandler - [id: 0x3f229a99, L:/127.0.0.1:53069 - R:localhost/127.0.0.1:53062] READ: 138B
         +-------------------------------------------------+
         |  0  1  2  3  4  5  6  7  8  9  a  b  c  d  e  f |
+--------+-------------------------------------------------+----------------+
|00000000| 48 54 54 50 2f 31 2e 31 20 31 30 31 20 57 65 62 |HTTP/1.1 101 Web|
|00000010| 53 6f 63 6b 65 74 20 50 72 6f 74 6f 63 6f 6c 20 |Socket Protocol |
|00000020| 48 61 6e 64 73 68 61 6b 65 0d 0a 55 70 67 72 61 |Handshake..Upgra|
|00000030| 64 65 3a 20 57 65 62 53 6f 63 6b 65 74 0d 0a 43 |de: WebSocket..C|
|00000040| 6f 6e 6e 65 63 74 69 6f 6e 3a 20 55 70 67 72 61 |onnection: Upgra|
|00000050| 64 65 0d 0a 53 65 63 2d 57 65 62 53 6f 63 6b 65 |de..Sec-WebSocke|
|00000060| 74 2d 41 63 63 65 70 74 3a 20 45 62 6f 6c 58 35 |t-Accept: EbolX5|
|00000070| 41 49 54 34 45 57 6f 75 6f 36 71 56 76 65 4e 38 |AIT4EWouo6qVveN8|
|00000080| 4f 64 48 59 55 3d 0d 0a 0d 0a                   |OdHYU=....      |
+--------+-------------------------------------------------+----------------+
1339 [AsyncHttpClient-1-4] DEBUG o.a.netty.handler.WebSocketHandler - 

Request DefaultFullHttpRequest(decodeResult: success, version: HTTP/1.1, content: EmptyByteBufBE)
GET /devtools/browser/00d7d13c-116c-43a3-a85a-baed7b4e37bf HTTP/1.1
upgrade: websocket
connection: upgrade
sec-websocket-key: EARDZvdjwMoqqWa54spiRw==
sec-websocket-version: 13
origin: http://localhost:53062
host: localhost:53062
accept: */*
user-agent: AHC/2.1

Response DefaultHttpResponse(decodeResult: success, version: HTTP/1.1)
HTTP/1.1 101 WebSocket Protocol Handshake
Upgrade: WebSocket
Connection: Upgrade
Sec-WebSocket-Accept: EbolX5AIT4EWouo6qVveN8OdHYU=

1344 [AsyncHttpClient-1-4] TRACE i.n.handler.logging.LoggingHandler - [id: 0x3f229a99, L:/127.0.0.1:53069 - R:localhost/127.0.0.1:53062] READ COMPLETE
1362 [Forwarding get on session bda3adfa3a96825db5d436be4597e9de to remote] DEBUG o.a.n.request.NettyRequestSender - Using pooled Channel '[id: 0x0c45595b, L:/127.0.0.1:53061 - R:localhost/127.0.0.1:28218]' for 'POST' to 'http://localhost:28218/session/bda3adfa3a96825db5d436be4597e9de/url'
1362 [Forwarding get on session bda3adfa3a96825db5d436be4597e9de to remote] DEBUG o.a.n.request.NettyRequestSender - Using open Channel [id: 0x0c45595b, L:/127.0.0.1:53061 - R:localhost/127.0.0.1:28218] for POST '/session/bda3adfa3a96825db5d436be4597e9de/url'
1364 [AsyncHttpClient-1-2] TRACE i.n.handler.logging.LoggingHandler - [id: 0x0c45595b, L:/127.0.0.1:53061 - R:localhost/127.0.0.1:28218] WRITE: 209B
         +-------------------------------------------------+
         |  0  1  2  3  4  5  6  7  8  9  a  b  c  d  e  f |
+--------+-------------------------------------------------+----------------+
|00000000| 50 4f 53 54 20 2f 73 65 73 73 69 6f 6e 2f 62 64 |POST /session/bd|
|00000010| 61 33 61 64 66 61 33 61 39 36 38 32 35 64 62 35 |a3adfa3a96825db5|
|00000020| 64 34 33 36 62 65 34 35 39 37 65 39 64 65 2f 75 |d436be4597e9de/u|
|00000030| 72 6c 20 48 54 54 50 2f 31 2e 31 0d 0a 55 73 65 |rl HTTP/1.1..Use|
|00000040| 72 2d 41 67 65 6e 74 3a 20 73 65 6c 65 6e 69 75 |r-Agent: seleniu|
|00000050| 6d 2f 34 2e 38 2e 31 20 28 6a 61 76 61 20 77 69 |m/4.8.1 (java wi|
|00000060| 6e 64 6f 77 73 29 0d 0a 43 6f 6e 74 65 6e 74 2d |ndows)..Content-|
|00000070| 4c 65 6e 67 74 68 3a 20 35 35 0d 0a 43 6f 6e 74 |Length: 55..Cont|
|00000080| 65 6e 74 2d 54 79 70 65 3a 20 61 70 70 6c 69 63 |ent-Type: applic|
|00000090| 61 74 69 6f 6e 2f 6a 73 6f 6e 3b 20 63 68 61 72 |ation/json; char|
|000000a0| 73 65 74 3d 75 74 66 2d 38 0d 0a 68 6f 73 74 3a |set=utf-8..host:|
|000000b0| 20 6c 6f 63 61 6c 68 6f 73 74 3a 32 38 32 31 38 | localhost:28218|
|000000c0| 0d 0a 61 63 63 65 70 74 3a 20 2a 2f 2a 0d 0a 0d |..accept: */*...|
|000000d0| 0a                                              |.               |
+--------+-------------------------------------------------+----------------+
1365 [AsyncHttpClient-1-2] TRACE i.n.handler.logging.LoggingHandler - [id: 0x0c45595b, L:/127.0.0.1:53061 - R:localhost/127.0.0.1:28218] WRITE: 55B
         +-------------------------------------------------+
         |  0  1  2  3  4  5  6  7  8  9  a  b  c  d  e  f |
+--------+-------------------------------------------------+----------------+
|00000000| 7b 0a 20 20 22 75 72 6c 22 3a 20 22 68 74 74 70 |{.  "url": "http|
|00000010| 73 3a 5c 75 30 30 32 66 5c 75 30 30 32 66 77 77 |s:\u002f\u002fww|
|00000020| 77 2e 73 65 6c 65 6e 69 75 6d 2e 64 65 76 5c 75 |w.selenium.dev\u|
|00000030| 30 30 32 66 22 0a 7d                            |002f".}         |
+--------+-------------------------------------------------+----------------+
1365 [AsyncHttpClient-1-2] TRACE i.n.handler.logging.LoggingHandler - [id: 0x0c45595b, L:/127.0.0.1:53061 - R:localhost/127.0.0.1:28218] FLUSH
1365 [AsyncHttpClient-1-2] TRACE i.n.handler.logging.LoggingHandler - [id: 0x0c45595b, L:/127.0.0.1:53061 - R:localhost/127.0.0.1:28218] WRITE: 0B
1365 [AsyncHttpClient-1-2] TRACE i.n.handler.logging.LoggingHandler - [id: 0x0c45595b, L:/127.0.0.1:53061 - R:localhost/127.0.0.1:28218] FLUSH
1562 [AsyncHttpClient-1-1] DEBUG o.a.n.channel.DefaultChannelPool - Entry count for : http://localhost:53062 : 1
1976 [AsyncHttpClient-1-2] TRACE i.n.handler.logging.LoggingHandler - [id: 0x0c45595b, L:/127.0.0.1:53061 - R:localhost/127.0.0.1:28218] READ: 122B
         +-------------------------------------------------+
         |  0  1  2  3  4  5  6  7  8  9  a  b  c  d  e  f |
+--------+-------------------------------------------------+----------------+
|00000000| 48 54 54 50 2f 31 2e 31 20 32 30 30 20 4f 4b 0d |HTTP/1.1 200 OK.|
|00000010| 0a 43 6f 6e 74 65 6e 74 2d 4c 65 6e 67 74 68 3a |.Content-Length:|
|00000020| 31 34 0d 0a 43 6f 6e 74 65 6e 74 2d 54 79 70 65 |14..Content-Type|
|00000030| 3a 61 70 70 6c 69 63 61 74 69 6f 6e 2f 6a 73 6f |:application/jso|
|00000040| 6e 3b 20 63 68 61 72 73 65 74 3d 75 74 66 2d 38 |n; charset=utf-8|
|00000050| 0d 0a 63 61 63 68 65 2d 63 6f 6e 74 72 6f 6c 3a |..cache-control:|
|00000060| 6e 6f 2d 63 61 63 68 65 0d 0a 0d 0a 7b 22 76 61 |no-cache....{"va|
|00000070| 6c 75 65 22 3a 6e 75 6c 6c 7d                   |lue":null}      |
+--------+-------------------------------------------------+----------------+
1977 [AsyncHttpClient-1-2] DEBUG o.a.netty.handler.HttpHandler - 

Request DefaultHttpRequest(decodeResult: success, version: HTTP/1.1)
POST /session/bda3adfa3a96825db5d436be4597e9de/url HTTP/1.1
User-Agent: selenium/4.8.1 (java windows)
Content-Length: 55
Content-Type: application/json; charset=utf-8
host: localhost:28218
accept: */*

Response DefaultHttpResponse(decodeResult: success, version: HTTP/1.1)
HTTP/1.1 200 OK
Content-Length: 14
Content-Type: application/json; charset=utf-8
cache-control: no-cache

1977 [AsyncHttpClient-1-2] DEBUG o.a.netty.channel.ChannelManager - Adding key: http://localhost:28218 for channel [id: 0x0c45595b, L:/127.0.0.1:53061 - R:localhost/127.0.0.1:28218]
1977 [AsyncHttpClient-1-2] TRACE i.n.handler.logging.LoggingHandler - [id: 0x0c45595b, L:/127.0.0.1:53061 - R:localhost/127.0.0.1:28218] READ COMPLETE
1978 [main] DEBUG JUnit.BaseTest - WebDriver initialized properly
1989 [Forwarding getTitle on session bda3adfa3a96825db5d436be4597e9de to remote] DEBUG o.a.n.request.NettyRequestSender - Using pooled Channel '[id: 0x0c45595b, L:/127.0.0.1:53061 - R:localhost/127.0.0.1:28218]' for 'GET' to 'http://localhost:28218/session/bda3adfa3a96825db5d436be4597e9de/title'
1989 [Forwarding getTitle on session bda3adfa3a96825db5d436be4597e9de to remote] DEBUG o.a.n.request.NettyRequestSender - Using open Channel [id: 0x0c45595b, L:/127.0.0.1:53061 - R:localhost/127.0.0.1:28218] for GET '/session/bda3adfa3a96825db5d436be4597e9de/title'
1990 [AsyncHttpClient-1-2] TRACE i.n.handler.logging.LoggingHandler - [id: 0x0c45595b, L:/127.0.0.1:53061 - R:localhost/127.0.0.1:28218] WRITE: 215B
         +-------------------------------------------------+
         |  0  1  2  3  4  5  6  7  8  9  a  b  c  d  e  f |
+--------+-------------------------------------------------+----------------+
|00000000| 47 45 54 20 2f 73 65 73 73 69 6f 6e 2f 62 64 61 |GET /session/bda|
|00000010| 33 61 64 66 61 33 61 39 36 38 32 35 64 62 35 64 |3adfa3a96825db5d|
|00000020| 34 33 36 62 65 34 35 39 37 65 39 64 65 2f 74 69 |436be4597e9de/ti|
|00000030| 74 6c 65 20 48 54 54 50 2f 31 2e 31 0d 0a 55 73 |tle HTTP/1.1..Us|
|00000040| 65 72 2d 41 67 65 6e 74 3a 20 73 65 6c 65 6e 69 |er-Agent: seleni|
|00000050| 75 6d 2f 34 2e 38 2e 31 20 28 6a 61 76 61 20 77 |um/4.8.1 (java w|
|00000060| 69 6e 64 6f 77 73 29 0d 0a 43 61 63 68 65 2d 43 |indows)..Cache-C|
|00000070| 6f 6e 74 72 6f 6c 3a 20 6e 6f 2d 63 61 63 68 65 |ontrol: no-cache|
|00000080| 0d 0a 43 6f 6e 74 65 6e 74 2d 54 79 70 65 3a 20 |..Content-Type: |
|00000090| 61 70 70 6c 69 63 61 74 69 6f 6e 2f 6a 73 6f 6e |application/json|
|000000a0| 3b 20 63 68 61 72 73 65 74 3d 75 74 66 2d 38 0d |; charset=utf-8.|
|000000b0| 0a 68 6f 73 74 3a 20 6c 6f 63 61 6c 68 6f 73 74 |.host: localhost|
|000000c0| 3a 32 38 32 31 38 0d 0a 61 63 63 65 70 74 3a 20 |:28218..accept: |
|000000d0| 2a 2f 2a 0d 0a 0d 0a                            |*/*....         |
+--------+-------------------------------------------------+----------------+
1990 [AsyncHttpClient-1-2] TRACE i.n.handler.logging.LoggingHandler - [id: 0x0c45595b, L:/127.0.0.1:53061 - R:localhost/127.0.0.1:28218] FLUSH
1993 [AsyncHttpClient-1-2] TRACE i.n.handler.logging.LoggingHandler - [id: 0x0c45595b, L:/127.0.0.1:53061 - R:localhost/127.0.0.1:28218] READ: 128B
         +-------------------------------------------------+
         |  0  1  2  3  4  5  6  7  8  9  a  b  c  d  e  f |
+--------+-------------------------------------------------+----------------+
|00000000| 48 54 54 50 2f 31 2e 31 20 32 30 30 20 4f 4b 0d |HTTP/1.1 200 OK.|
|00000010| 0a 43 6f 6e 74 65 6e 74 2d 4c 65 6e 67 74 68 3a |.Content-Length:|
|00000020| 32 30 0d 0a 43 6f 6e 74 65 6e 74 2d 54 79 70 65 |20..Content-Type|
|00000030| 3a 61 70 70 6c 69 63 61 74 69 6f 6e 2f 6a 73 6f |:application/jso|
|00000040| 6e 3b 20 63 68 61 72 73 65 74 3d 75 74 66 2d 38 |n; charset=utf-8|
|00000050| 0d 0a 63 61 63 68 65 2d 63 6f 6e 74 72 6f 6c 3a |..cache-control:|
|00000060| 6e 6f 2d 63 61 63 68 65 0d 0a 0d 0a 7b 22 76 61 |no-cache....{"va|
|00000070| 6c 75 65 22 3a 22 53 65 6c 65 6e 69 75 6d 22 7d |lue":"Selenium"}|
+--------+-------------------------------------------------+----------------+
1994 [AsyncHttpClient-1-2] DEBUG o.a.netty.handler.HttpHandler - 

Request DefaultFullHttpRequest(decodeResult: success, version: HTTP/1.1, content: EmptyByteBufBE)
GET /session/bda3adfa3a96825db5d436be4597e9de/title HTTP/1.1
User-Agent: selenium/4.8.1 (java windows)
Cache-Control: no-cache
Content-Type: application/json; charset=utf-8
host: localhost:28218
accept: */*

Response DefaultHttpResponse(decodeResult: success, version: HTTP/1.1)
HTTP/1.1 200 OK
Content-Length: 20
Content-Type: application/json; charset=utf-8
cache-control: no-cache

1994 [AsyncHttpClient-1-2] DEBUG o.a.netty.channel.ChannelManager - Adding key: http://localhost:28218 for channel [id: 0x0c45595b, L:/127.0.0.1:53061 - R:localhost/127.0.0.1:28218]
1994 [AsyncHttpClient-1-2] TRACE i.n.handler.logging.LoggingHandler - [id: 0x0c45595b, L:/127.0.0.1:53061 - R:localhost/127.0.0.1:28218] READ COMPLETE
1995 [main] INFO  JUnit.TitleTest - Actual title is: Selenium
2022 [AsyncHttpClient-1-4] TRACE i.n.h.c.h.w.WebSocket08FrameEncoder - Encoding WebSocket Frame opCode=8 length=26
2023 [Driver Command Executor] DEBUG o.a.n.request.NettyRequestSender - Using pooled Channel '[id: 0x0c45595b, L:/127.0.0.1:53061 - R:localhost/127.0.0.1:28218]' for 'DELETE' to 'http://localhost:28218/session/bda3adfa3a96825db5d436be4597e9de'
2023 [Driver Command Executor] DEBUG o.a.n.request.NettyRequestSender - Using open Channel [id: 0x0c45595b, L:/127.0.0.1:53061 - R:localhost/127.0.0.1:28218] for DELETE '/session/bda3adfa3a96825db5d436be4597e9de'
2024 [AsyncHttpClient-1-2] TRACE i.n.handler.logging.LoggingHandler - [id: 0x0c45595b, L:/127.0.0.1:53061 - R:localhost/127.0.0.1:28218] WRITE: 187B
         +-------------------------------------------------+
         |  0  1  2  3  4  5  6  7  8  9  a  b  c  d  e  f |
+--------+-------------------------------------------------+----------------+
|00000000| 44 45 4c 45 54 45 20 2f 73 65 73 73 69 6f 6e 2f |DELETE /session/|
|00000010| 62 64 61 33 61 64 66 61 33 61 39 36 38 32 35 64 |bda3adfa3a96825d|
|00000020| 62 35 64 34 33 36 62 65 34 35 39 37 65 39 64 65 |b5d436be4597e9de|
|00000030| 20 48 54 54 50 2f 31 2e 31 0d 0a 55 73 65 72 2d | HTTP/1.1..User-|
|00000040| 41 67 65 6e 74 3a 20 73 65 6c 65 6e 69 75 6d 2f |Agent: selenium/|
|00000050| 34 2e 38 2e 31 20 28 6a 61 76 61 20 77 69 6e 64 |4.8.1 (java wind|
|00000060| 6f 77 73 29 0d 0a 43 6f 6e 74 65 6e 74 2d 54 79 |ows)..Content-Ty|
|00000070| 70 65 3a 20 61 70 70 6c 69 63 61 74 69 6f 6e 2f |pe: application/|
|00000080| 6a 73 6f 6e 3b 20 63 68 61 72 73 65 74 3d 75 74 |json; charset=ut|
|00000090| 66 2d 38 0d 0a 68 6f 73 74 3a 20 6c 6f 63 61 6c |f-8..host: local|
|000000a0| 68 6f 73 74 3a 32 38 32 31 38 0d 0a 61 63 63 65 |host:28218..acce|
|000000b0| 70 74 3a 20 2a 2f 2a 0d 0a 0d 0a                |pt: */*....     |
+--------+-------------------------------------------------+----------------+
2024 [AsyncHttpClient-1-2] TRACE i.n.handler.logging.LoggingHandler - [id: 0x0c45595b, L:/127.0.0.1:53061 - R:localhost/127.0.0.1:28218] FLUSH
2025 [AsyncHttpClient-1-4] TRACE i.n.handler.logging.LoggingHandler - [id: 0x3f229a99, L:/127.0.0.1:53069 - R:localhost/127.0.0.1:53062] WRITE: 32B
         +-------------------------------------------------+
         |  0  1  2  3  4  5  6  7  8  9  a  b  c  d  e  f |
+--------+-------------------------------------------------+----------------+
|00000000| 88 9a 4d c7 01 e3 4e 2f 56 86 2f 83 73 8a 3b a2 |..M...N/V./.s.;.|
|00000010| 73 c3 2e ab 6e 90 24 a9 66 c3 3e a8 62 88 28 b3 |s...n.$.f.>.b.(.|
+--------+-------------------------------------------------+----------------+
2025 [AsyncHttpClient-1-4] TRACE i.n.handler.logging.LoggingHandler - [id: 0x3f229a99, L:/127.0.0.1:53069 - R:localhost/127.0.0.1:53062] FLUSH
2026 [AsyncHttpClient-1-4] TRACE i.n.handler.logging.LoggingHandler - [id: 0x3f229a99, L:/127.0.0.1:53069 - R:localhost/127.0.0.1:53062] READ COMPLETE
2027 [AsyncHttpClient-1-4] TRACE i.n.handler.logging.LoggingHandler - [id: 0x3f229a99, L:/127.0.0.1:53069 ! R:localhost/127.0.0.1:53062] INACTIVE
2027 [AsyncHttpClient-1-4] DEBUG o.a.netty.handler.WebSocketHandler - Channel Closed: [id: 0x3f229a99, L:/127.0.0.1:53069 ! R:localhost/127.0.0.1:53062] with attribute NettyResponseFuture{currentRetry=0,
	isDone=1,
	isCancelled=0,
	asyncHandler=org.asynchttpclient.ws.WebSocketUpgradeHandler@c215a0e,
	nettyRequest=org.asynchttpclient.netty.request.NettyRequest@49d28a95,
	future=java.util.concurrent.CompletableFuture@58d4c94d[Completed normally],
	uri=ws://localhost:53062/devtools/browser/00d7d13c-116c-43a3-a85a-baed7b4e37bf,
	keepAlive=true,
	redirectCount=0,
	timeoutsHolder=null,
	inAuth=0,
	touch=1679879184530}
2027 [AsyncHttpClient-1-4] TRACE o.a.netty.handler.WebSocketHandler - Connection was closed abnormally (that is, with no close frame being received).
2027 [AsyncHttpClient-1-4] DEBUG o.a.netty.channel.ChannelManager - Closing Channel [id: 0x3f229a99, L:/127.0.0.1:53069 ! R:localhost/127.0.0.1:53062] 
2027 [AsyncHttpClient-1-4] TRACE i.n.handler.logging.LoggingHandler - [id: 0x3f229a99, L:/127.0.0.1:53069 ! R:localhost/127.0.0.1:53062] UNREGISTERED
2054 [AsyncHttpClient-1-3] TRACE i.n.handler.logging.LoggingHandler - [id: 0x4691e819, L:/127.0.0.1:53068 - R:localhost/127.0.0.1:53062] READ COMPLETE
2054 [AsyncHttpClient-1-3] TRACE i.n.handler.logging.LoggingHandler - [id: 0x4691e819, L:/127.0.0.1:53068 - R:localhost/127.0.0.1:53062] EXCEPTION: java.net.SocketException: Connection reset
java.net.SocketException: Connection reset
	at java.base/sun.nio.ch.SocketChannelImpl.throwConnectionReset(SocketChannelImpl.java:394)
	at java.base/sun.nio.ch.SocketChannelImpl.read(SocketChannelImpl.java:426)
	at io.netty.buffer.PooledByteBuf.setBytes(PooledByteBuf.java:259)
	at io.netty.buffer.AbstractByteBuf.writeBytes(AbstractByteBuf.java:1132)
	at io.netty.channel.socket.nio.NioSocketChannel.doReadBytes(NioSocketChannel.java:357)
	at io.netty.channel.nio.AbstractNioByteChannel$NioByteUnsafe.read(AbstractNioByteChannel.java:151)
	at io.netty.channel.nio.NioEventLoop.processSelectedKey(NioEventLoop.java:788)
	at io.netty.channel.nio.NioEventLoop.processSelectedKeysOptimized(NioEventLoop.java:724)
	at io.netty.channel.nio.NioEventLoop.processSelectedKeys(NioEventLoop.java:650)
	at io.netty.channel.nio.NioEventLoop.run(NioEventLoop.java:562)
	at io.netty.util.concurrent.SingleThreadEventExecutor$4.run(SingleThreadEventExecutor.java:997)
	at io.netty.util.internal.ThreadExecutorMap$2.run(ThreadExecutorMap.java:74)
	at io.netty.util.concurrent.FastThreadLocalRunnable.run(FastThreadLocalRunnable.java:30)
	at java.base/java.lang.Thread.run(Thread.java:833)
2054 [AsyncHttpClient-1-3] DEBUG o.a.netty.handler.HttpHandler - Unexpected I/O exception on channel [id: 0x4691e819, L:/127.0.0.1:53068 - R:localhost/127.0.0.1:53062]
java.net.SocketException: Connection reset
	at java.base/sun.nio.ch.SocketChannelImpl.throwConnectionReset(SocketChannelImpl.java:394)
	at java.base/sun.nio.ch.SocketChannelImpl.read(SocketChannelImpl.java:426)
	at io.netty.buffer.PooledByteBuf.setBytes(PooledByteBuf.java:259)
	at io.netty.buffer.AbstractByteBuf.writeBytes(AbstractByteBuf.java:1132)
	at io.netty.channel.socket.nio.NioSocketChannel.doReadBytes(NioSocketChannel.java:357)
	at io.netty.channel.nio.AbstractNioByteChannel$NioByteUnsafe.read(AbstractNioByteChannel.java:151)
	at io.netty.channel.nio.NioEventLoop.processSelectedKey(NioEventLoop.java:788)
	at io.netty.channel.nio.NioEventLoop.processSelectedKeysOptimized(NioEventLoop.java:724)
	at io.netty.channel.nio.NioEventLoop.processSelectedKeys(NioEventLoop.java:650)
	at io.netty.channel.nio.NioEventLoop.run(NioEventLoop.java:562)
	at io.netty.util.concurrent.SingleThreadEventExecutor$4.run(SingleThreadEventExecutor.java:997)
	at io.netty.util.internal.ThreadExecutorMap$2.run(ThreadExecutorMap.java:74)
	at io.netty.util.concurrent.FastThreadLocalRunnable.run(FastThreadLocalRunnable.java:30)
	at java.base/java.lang.Thread.run(Thread.java:833)
2054 [AsyncHttpClient-1-3] DEBUG o.a.netty.channel.ChannelManager - Closing Channel [id: 0x4691e819, L:/127.0.0.1:53068 - R:localhost/127.0.0.1:53062] 
2054 [AsyncHttpClient-1-3] TRACE i.n.handler.logging.LoggingHandler - [id: 0x4691e819, L:/127.0.0.1:53068 - R:localhost/127.0.0.1:53062] CLOSE
2055 [AsyncHttpClient-1-3] TRACE i.n.handler.logging.LoggingHandler - [id: 0x4691e819, L:/127.0.0.1:53068 ! R:localhost/127.0.0.1:53062] USER_EVENT: io.netty.channel.socket.ChannelInputShutdownReadComplete@5280e4bc
2055 [AsyncHttpClient-1-3] TRACE i.n.handler.logging.LoggingHandler - [id: 0x4691e819, L:/127.0.0.1:53068 ! R:localhost/127.0.0.1:53062] INACTIVE
2055 [AsyncHttpClient-1-3] DEBUG o.a.netty.handler.HttpHandler - Channel Closed: [id: 0x4691e819, L:/127.0.0.1:53068 ! R:localhost/127.0.0.1:53062] with attribute DISCARD
2055 [AsyncHttpClient-1-3] TRACE i.n.handler.logging.LoggingHandler - [id: 0x4691e819, L:/127.0.0.1:53068 ! R:localhost/127.0.0.1:53062] UNREGISTERED
2061 [AsyncHttpClient-1-2] TRACE i.n.handler.logging.LoggingHandler - [id: 0x0c45595b, L:/127.0.0.1:53061 - R:localhost/127.0.0.1:28218] READ: 122B
         +-------------------------------------------------+
         |  0  1  2  3  4  5  6  7  8  9  a  b  c  d  e  f |
+--------+-------------------------------------------------+----------------+
|00000000| 48 54 54 50 2f 31 2e 31 20 32 30 30 20 4f 4b 0d |HTTP/1.1 200 OK.|
|00000010| 0a 43 6f 6e 74 65 6e 74 2d 4c 65 6e 67 74 68 3a |.Content-Length:|
|00000020| 31 34 0d 0a 43 6f 6e 74 65 6e 74 2d 54 79 70 65 |14..Content-Type|
|00000030| 3a 61 70 70 6c 69 63 61 74 69 6f 6e 2f 6a 73 6f |:application/jso|
|00000040| 6e 3b 20 63 68 61 72 73 65 74 3d 75 74 66 2d 38 |n; charset=utf-8|
|00000050| 0d 0a 63 61 63 68 65 2d 63 6f 6e 74 72 6f 6c 3a |..cache-control:|
|00000060| 6e 6f 2d 63 61 63 68 65 0d 0a 0d 0a 7b 22 76 61 |no-cache....{"va|
|00000070| 6c 75 65 22 3a 6e 75 6c 6c 7d                   |lue":null}      |
+--------+-------------------------------------------------+----------------+
2061 [AsyncHttpClient-1-2] DEBUG o.a.netty.handler.HttpHandler - 

Request DefaultFullHttpRequest(decodeResult: success, version: HTTP/1.1, content: EmptyByteBufBE)
DELETE /session/bda3adfa3a96825db5d436be4597e9de HTTP/1.1
User-Agent: selenium/4.8.1 (java windows)
Content-Type: application/json; charset=utf-8
host: localhost:28218
accept: */*

Response DefaultHttpResponse(decodeResult: success, version: HTTP/1.1)
HTTP/1.1 200 OK
Content-Length: 14
Content-Type: application/json; charset=utf-8
cache-control: no-cache

2061 [AsyncHttpClient-1-2] DEBUG o.a.netty.channel.ChannelManager - Adding key: http://localhost:28218 for channel [id: 0x0c45595b, L:/127.0.0.1:53061 - R:localhost/127.0.0.1:28218]
2061 [AsyncHttpClient-1-2] TRACE i.n.handler.logging.LoggingHandler - [id: 0x0c45595b, L:/127.0.0.1:53061 - R:localhost/127.0.0.1:28218] READ COMPLETE
2096 [AsyncHttpClient-1-2] TRACE i.n.handler.logging.LoggingHandler - [id: 0x0c45595b, L:/127.0.0.1:53061 - R:localhost/127.0.0.1:28218] READ COMPLETE
2096 [AsyncHttpClient-1-2] TRACE i.n.handler.logging.LoggingHandler - [id: 0x0c45595b, L:/127.0.0.1:53061 ! R:localhost/127.0.0.1:28218] INACTIVE
2096 [AsyncHttpClient-1-2] DEBUG o.a.netty.handler.HttpHandler - Channel Closed: [id: 0x0c45595b, L:/127.0.0.1:53061 ! R:localhost/127.0.0.1:28218] with attribute DISCARD
2096 [AsyncHttpClient-1-2] TRACE i.n.handler.logging.LoggingHandler - [id: 0x0c45595b, L:/127.0.0.1:53061 ! R:localhost/127.0.0.1:28218] UNREGISTERED
2140 [main] DEBUG JUnit.BaseTest - Driver is closed
